{"/Users/parvathi/Desktop/project2/src/App.jsx": {"path":"/Users/parvathi/Desktop/project2/src/App.jsx","statementMap":{"0":{"start":{"line":11,"column":19},"end":{"line":11,"column":null}},"1":{"start":{"line":12,"column":25},"end":{"line":12,"column":null}},"2":{"start":{"line":13,"column":22},"end":{"line":13,"column":null}},"3":{"start":{"line":14,"column":8},"end":{"line":14,"column":null}},"4":{"start":{"line":16,"column":2},"end":{"line":22,"column":null}},"5":{"start":{"line":17,"column":10},"end":{"line":19,"column":null}},"6":{"start":{"line":18,"column":6},"end":{"line":18,"column":null}},"7":{"start":{"line":20,"column":4},"end":{"line":20,"column":null}},"8":{"start":{"line":21,"column":4},"end":{"line":21,"column":null}},"9":{"start":{"line":21,"column":17},"end":{"line":21,"column":null}},"10":{"start":{"line":25,"column":2},"end":{"line":40,"column":null}},"11":{"start":{"line":26,"column":21},"end":{"line":35,"column":null}},"12":{"start":{"line":28,"column":8},"end":{"line":32,"column":null}},"13":{"start":{"line":29,"column":10},"end":{"line":31,"column":null}},"14":{"start":{"line":30,"column":12},"end":{"line":30,"column":null}},"15":{"start":{"line":36,"column":4},"end":{"line":38,"column":null}},"16":{"start":{"line":37,"column":6},"end":{"line":37,"column":null}},"17":{"start":{"line":39,"column":4},"end":{"line":39,"column":null}},"18":{"start":{"line":39,"column":17},"end":{"line":39,"column":null}},"19":{"start":{"line":42,"column":8},"end":{"line":47,"column":null}},"20":{"start":{"line":43,"column":4},"end":{"line":43,"column":null}},"21":{"start":{"line":44,"column":4},"end":{"line":46,"column":null}},"22":{"start":{"line":45,"column":6},"end":{"line":45,"column":null}},"23":{"start":{"line":49,"column":8},"end":{"line":60,"column":null}},"24":{"start":{"line":50,"column":4},"end":{"line":57,"column":null}},"25":{"start":{"line":58,"column":4},"end":{"line":58,"column":null}},"26":{"start":{"line":59,"column":4},"end":{"line":59,"column":null}},"27":{"start":{"line":62,"column":8},"end":{"line":82,"column":null}},"28":{"start":{"line":63,"column":4},"end":{"line":81,"column":null}},"29":{"start":{"line":64,"column":25},"end":{"line":64,"column":null}},"30":{"start":{"line":65,"column":29},"end":{"line":67,"column":null}},"31":{"start":{"line":68,"column":20},"end":{"line":68,"column":null}},"32":{"start":{"line":69,"column":24},"end":{"line":69,"column":null}},"33":{"start":{"line":71,"column":6},"end":{"line":80,"column":null}},"34":{"start":{"line":84,"column":8},"end":{"line":90,"column":null}},"35":{"start":{"line":85,"column":4},"end":{"line":89,"column":null}},"36":{"start":{"line":86,"column":6},"end":{"line":86,"column":null}},"37":{"start":{"line":87,"column":6},"end":{"line":87,"column":null}},"38":{"start":{"line":88,"column":6},"end":{"line":88,"column":null}},"39":{"start":{"line":92,"column":2},"end":{"line":195,"column":null}},"40":{"start":{"line":113,"column":94},"end":{"line":113,"column":null}},"41":{"start":{"line":157,"column":35},"end":{"line":157,"column":null}},"42":{"start":{"line":175,"column":42},"end":{"line":175,"column":102}},"43":{"start":{"line":176,"column":41},"end":{"line":176,"column":102}}},"fnMap":{"0":{"name":"App","decl":{"start":{"line":10,"column":9},"end":{"line":10,"column":15}},"loc":{"start":{"line":10,"column":15},"end":{"line":197,"column":null}},"line":10},"1":{"name":"(anonymous_1)","decl":{"start":{"line":16,"column":2},"end":{"line":16,"column":18}},"loc":{"start":{"line":16,"column":18},"end":{"line":22,"column":5}},"line":16},"2":{"name":"(anonymous_2)","decl":{"start":{"line":17,"column":10},"end":{"line":17,"column":31}},"loc":{"start":{"line":17,"column":31},"end":{"line":19,"column":null}},"line":17},"3":{"name":"(anonymous_3)","decl":{"start":{"line":21,"column":4},"end":{"line":21,"column":17}},"loc":{"start":{"line":21,"column":17},"end":{"line":21,"column":null}},"line":21},"4":{"name":"(anonymous_4)","decl":{"start":{"line":25,"column":2},"end":{"line":25,"column":18}},"loc":{"start":{"line":25,"column":18},"end":{"line":40,"column":5}},"line":25},"5":{"name":"(anonymous_5)","decl":{"start":{"line":26,"column":25},"end":{"line":26,"column":null}},"loc":{"start":{"line":27,"column":19},"end":{"line":33,"column":null}},"line":27},"6":{"name":"(anonymous_6)","decl":{"start":{"line":28,"column":16},"end":{"line":28,"column":25}},"loc":{"start":{"line":28,"column":35},"end":{"line":32,"column":9}},"line":28},"7":{"name":"(anonymous_7)","decl":{"start":{"line":36,"column":70},"end":{"line":36,"column":79}},"loc":{"start":{"line":36,"column":86},"end":{"line":38,"column":5}},"line":36},"8":{"name":"(anonymous_8)","decl":{"start":{"line":39,"column":4},"end":{"line":39,"column":17}},"loc":{"start":{"line":39,"column":17},"end":{"line":39,"column":null}},"line":39},"9":{"name":"(anonymous_9)","decl":{"start":{"line":42,"column":32},"end":{"line":42,"column":50}},"loc":{"start":{"line":42,"column":50},"end":{"line":47,"column":5}},"line":42},"10":{"name":"(anonymous_10)","decl":{"start":{"line":44,"column":4},"end":{"line":44,"column":21}},"loc":{"start":{"line":44,"column":21},"end":{"line":46,"column":7}},"line":44},"11":{"name":"(anonymous_11)","decl":{"start":{"line":49,"column":35},"end":{"line":49,"column":48}},"loc":{"start":{"line":49,"column":57},"end":{"line":60,"column":5}},"line":49},"12":{"name":"(anonymous_12)","decl":{"start":{"line":62,"column":26},"end":{"line":62,"column":39}},"loc":{"start":{"line":62,"column":50},"end":{"line":82,"column":5}},"line":62},"13":{"name":"(anonymous_13)","decl":{"start":{"line":63,"column":4},"end":{"line":63,"column":17}},"loc":{"start":{"line":63,"column":26},"end":{"line":81,"column":5}},"line":63},"14":{"name":"(anonymous_14)","decl":{"start":{"line":84,"column":20},"end":{"line":84,"column":38}},"loc":{"start":{"line":84,"column":38},"end":{"line":90,"column":5}},"line":84},"15":{"name":"(anonymous_15)","decl":{"start":{"line":113,"column":79},"end":{"line":113,"column":94}},"loc":{"start":{"line":113,"column":94},"end":{"line":113,"column":null}},"line":113},"16":{"name":"(anonymous_16)","decl":{"start":{"line":157,"column":20},"end":{"line":157,"column":35}},"loc":{"start":{"line":157,"column":35},"end":{"line":157,"column":null}},"line":157},"17":{"name":"(anonymous_17)","decl":{"start":{"line":175,"column":20},"end":{"line":175,"column":34}},"loc":{"start":{"line":175,"column":40},"end":{"line":175,"column":null}},"line":175},"18":{"name":"(anonymous_18)","decl":{"start":{"line":176,"column":20},"end":{"line":176,"column":33}},"loc":{"start":{"line":176,"column":39},"end":{"line":176,"column":null}},"line":176}},"branchMap":{"0":{"loc":{"start":{"line":29,"column":10},"end":{"line":31,"column":null}},"type":"if","locations":[{"start":{"line":29,"column":10},"end":{"line":31,"column":null}},{"start":{},"end":{}}],"line":29},"1":{"loc":{"start":{"line":65,"column":29},"end":{"line":67,"column":null}},"type":"cond-expr","locations":[{"start":{"line":66,"column":10},"end":{"line":66,"column":null}},{"start":{"line":67,"column":10},"end":{"line":67,"column":null}}],"line":65},"2":{"loc":{"start":{"line":69,"column":24},"end":{"line":69,"column":null}},"type":"cond-expr","locations":[{"start":{"line":69,"column":51},"end":{"line":69,"column":65}},{"start":{"line":69,"column":65},"end":{"line":69,"column":null}}],"line":69},"3":{"loc":{"start":{"line":85,"column":4},"end":{"line":89,"column":null}},"type":"if","locations":[{"start":{"line":85,"column":4},"end":{"line":89,"column":null}},{"start":{},"end":{}}],"line":85},"4":{"loc":{"start":{"line":107,"column":22},"end":{"line":107,"column":null}},"type":"cond-expr","locations":[{"start":{"line":107,"column":36},"end":{"line":107,"column":62}},{"start":{"line":107,"column":62},"end":{"line":107,"column":null}}],"line":107},"5":{"loc":{"start":{"line":108,"column":26},"end":{"line":108,"column":null}},"type":"cond-expr","locations":[{"start":{"line":108,"column":40},"end":{"line":108,"column":55}},{"start":{"line":108,"column":55},"end":{"line":108,"column":null}}],"line":108},"6":{"loc":{"start":{"line":109,"column":32},"end":{"line":109,"column":null}},"type":"cond-expr","locations":[{"start":{"line":109,"column":46},"end":{"line":109,"column":61}},{"start":{"line":109,"column":61},"end":{"line":109,"column":null}}],"line":109},"7":{"loc":{"start":{"line":110,"column":24},"end":{"line":110,"column":null}},"type":"cond-expr","locations":[{"start":{"line":110,"column":38},"end":{"line":110,"column":75}},{"start":{"line":110,"column":75},"end":{"line":110,"column":null}}],"line":110},"8":{"loc":{"start":{"line":133,"column":11},"end":{"line":138,"column":12}},"type":"binary-expr","locations":[{"start":{"line":133,"column":11},"end":{"line":133,"column":null}},{"start":{"line":134,"column":12},"end":{"line":138,"column":12}}],"line":133},"9":{"loc":{"start":{"line":138,"column":11},"end":{"line":143,"column":null}},"type":"binary-expr","locations":[{"start":{"line":138,"column":11},"end":{"line":138,"column":24}},{"start":{"line":138,"column":24},"end":{"line":138,"column":null}},{"start":{"line":139,"column":12},"end":{"line":143,"column":null}}],"line":138},"10":{"loc":{"start":{"line":148,"column":9},"end":{"line":194,"column":null}},"type":"cond-expr","locations":[{"start":{"line":149,"column":10},"end":{"line":187,"column":null}},{"start":{"line":187,"column":10},"end":{"line":194,"column":null}}],"line":148},"11":{"loc":{"start":{"line":152,"column":13},"end":{"line":182,"column":null}},"type":"binary-expr","locations":[{"start":{"line":152,"column":13},"end":{"line":152,"column":null}},{"start":{"line":153,"column":14},"end":{"line":182,"column":null}}],"line":152}},"s":{"0":2,"1":2,"2":2,"3":2,"4":2,"5":2,"6":0,"7":2,"8":2,"9":2,"10":2,"11":2,"12":0,"13":0,"14":0,"15":2,"16":0,"17":2,"18":2,"19":2,"20":0,"21":0,"22":0,"23":2,"24":0,"25":0,"26":0,"27":2,"28":0,"29":0,"30":0,"31":0,"32":0,"33":0,"34":2,"35":0,"36":0,"37":0,"38":0,"39":2,"40":0,"41":0,"42":0,"43":0},"f":{"0":2,"1":2,"2":0,"3":2,"4":2,"5":0,"6":0,"7":0,"8":2,"9":0,"10":0,"11":0,"12":0,"13":0,"14":0,"15":0,"16":0,"17":0,"18":0},"b":{"0":[0,0],"1":[0,0],"2":[0,0],"3":[0,0],"4":[0,2],"5":[0,2],"6":[0,2],"7":[0,2],"8":[2,0],"9":[2,2,2],"10":[2,0],"11":[2,0]},"meta":{"lastBranch":12,"lastFunction":19,"lastStatement":44,"seen":{"f:10:9:10:15":0,"s:11:19:11:Infinity":0,"s:12:25:12:Infinity":1,"s:13:22:13:Infinity":2,"s:14:8:14:Infinity":3,"s:16:2:22:Infinity":4,"f:16:2:16:18":1,"s:17:10:19:Infinity":5,"f:17:10:17:31":2,"s:18:6:18:Infinity":6,"s:20:4:20:Infinity":7,"s:21:4:21:Infinity":8,"f:21:4:21:17":3,"s:21:17:21:Infinity":9,"s:25:2:40:Infinity":10,"f:25:2:25:18":4,"s:26:21:35:Infinity":11,"f:26:25:26:Infinity":5,"s:28:8:32:Infinity":12,"f:28:16:28:25":6,"b:29:10:31:Infinity:undefined:undefined:undefined:undefined":0,"s:29:10:31:Infinity":13,"s:30:12:30:Infinity":14,"s:36:4:38:Infinity":15,"f:36:70:36:79":7,"s:37:6:37:Infinity":16,"s:39:4:39:Infinity":17,"f:39:4:39:17":8,"s:39:17:39:Infinity":18,"s:42:8:47:Infinity":19,"f:42:32:42:50":9,"s:43:4:43:Infinity":20,"s:44:4:46:Infinity":21,"f:44:4:44:21":10,"s:45:6:45:Infinity":22,"s:49:8:60:Infinity":23,"f:49:35:49:48":11,"s:50:4:57:Infinity":24,"s:58:4:58:Infinity":25,"s:59:4:59:Infinity":26,"s:62:8:82:Infinity":27,"f:62:26:62:39":12,"s:63:4:81:Infinity":28,"f:63:4:63:17":13,"s:64:25:64:Infinity":29,"s:65:29:67:Infinity":30,"b:66:10:66:Infinity:67:10:67:Infinity":1,"s:68:20:68:Infinity":31,"s:69:24:69:Infinity":32,"b:69:51:69:65:69:65:69:Infinity":2,"s:71:6:80:Infinity":33,"s:84:8:90:Infinity":34,"f:84:20:84:38":14,"b:85:4:89:Infinity:undefined:undefined:undefined:undefined":3,"s:85:4:89:Infinity":35,"s:86:6:86:Infinity":36,"s:87:6:87:Infinity":37,"s:88:6:88:Infinity":38,"s:92:2:195:Infinity":39,"b:107:36:107:62:107:62:107:Infinity":4,"b:108:40:108:55:108:55:108:Infinity":5,"b:109:46:109:61:109:61:109:Infinity":6,"b:110:38:110:75:110:75:110:Infinity":7,"f:113:79:113:94":15,"s:113:94:113:Infinity":40,"b:133:11:133:Infinity:134:12:138:12":8,"b:138:11:138:24:138:24:138:Infinity:139:12:143:Infinity":9,"b:149:10:187:Infinity:187:10:194:Infinity":10,"b:152:13:152:Infinity:153:14:182:Infinity":11,"f:157:20:157:35":16,"s:157:35:157:Infinity":41,"f:175:20:175:34":17,"s:175:42:175:102":42,"f:176:20:176:33":18,"s:176:41:176:102":43}}}
,"/Users/parvathi/Desktop/project2/src/components/ActionCarousel.jsx": {"path":"/Users/parvathi/Desktop/project2/src/components/ActionCarousel.jsx","statementMap":{"0":{"start":{"line":13,"column":6},"end":{"line":211,"column":null}},"1":{"start":{"line":14,"column":8},"end":{"line":14,"column":null}},"2":{"start":{"line":15,"column":17},"end":{"line":15,"column":null}},"3":{"start":{"line":17,"column":8},"end":{"line":20,"column":null}},"4":{"start":{"line":18,"column":4},"end":{"line":18,"column":null}},"5":{"start":{"line":18,"column":28},"end":{"line":18,"column":null}},"6":{"start":{"line":19,"column":4},"end":{"line":19,"column":null}},"7":{"start":{"line":22,"column":8},"end":{"line":38,"column":null}},"8":{"start":{"line":24,"column":6},"end":{"line":24,"column":null}},"9":{"start":{"line":24,"column":25},"end":{"line":24,"column":null}},"10":{"start":{"line":25,"column":6},"end":{"line":25,"column":null}},"11":{"start":{"line":25,"column":27},"end":{"line":25,"column":54}},"12":{"start":{"line":26,"column":6},"end":{"line":28,"column":null}},"13":{"start":{"line":27,"column":8},"end":{"line":27,"column":null}},"14":{"start":{"line":29,"column":6},"end":{"line":35,"column":null}},"15":{"start":{"line":30,"column":8},"end":{"line":34,"column":null}},"16":{"start":{"line":31,"column":23},"end":{"line":31,"column":null}},"17":{"start":{"line":32,"column":10},"end":{"line":32,"column":null}},"18":{"start":{"line":33,"column":10},"end":{"line":33,"column":null}},"19":{"start":{"line":40,"column":2},"end":{"line":209,"column":null}},"20":{"start":{"line":66,"column":29},"end":{"line":66,"column":null}},"21":{"start":{"line":86,"column":29},"end":{"line":86,"column":null}},"22":{"start":{"line":124,"column":23},"end":{"line":124,"column":null}},"23":{"start":{"line":125,"column":27},"end":{"line":125,"column":null}},"24":{"start":{"line":126,"column":10},"end":{"line":205,"column":null}},"25":{"start":{"line":177,"column":33},"end":{"line":177,"column":null}},"26":{"start":{"line":215,"column":0},"end":{"line":216,"column":null}}},"fnMap":{"0":{"name":"(anonymous_0)","decl":{"start":{"line":13,"column":6},"end":{"line":13,"column":24}},"loc":{"start":{"line":13,"column":44},"end":{"line":211,"column":null}},"line":13},"1":{"name":"(anonymous_1)","decl":{"start":{"line":17,"column":17},"end":{"line":17,"column":30}},"loc":{"start":{"line":17,"column":38},"end":{"line":20,"column":5}},"line":17},"2":{"name":"(anonymous_2)","decl":{"start":{"line":22,"column":20},"end":{"line":22,"column":null}},"loc":{"start":{"line":23,"column":23},"end":{"line":36,"column":null}},"line":23},"3":{"name":"(anonymous_3)","decl":{"start":{"line":25,"column":6},"end":{"line":25,"column":17}},"loc":{"start":{"line":25,"column":27},"end":{"line":25,"column":54}},"line":25},"4":{"name":"(anonymous_4)","decl":{"start":{"line":29,"column":6},"end":{"line":29,"column":23}},"loc":{"start":{"line":29,"column":23},"end":{"line":35,"column":9}},"line":29},"5":{"name":"(anonymous_5)","decl":{"start":{"line":30,"column":8},"end":{"line":30,"column":19}},"loc":{"start":{"line":30,"column":28},"end":{"line":34,"column":9}},"line":30},"6":{"name":"(anonymous_6)","decl":{"start":{"line":66,"column":14},"end":{"line":66,"column":29}},"loc":{"start":{"line":66,"column":29},"end":{"line":66,"column":null}},"line":66},"7":{"name":"(anonymous_7)","decl":{"start":{"line":86,"column":14},"end":{"line":86,"column":29}},"loc":{"start":{"line":86,"column":29},"end":{"line":86,"column":null}},"line":86},"8":{"name":"(anonymous_8)","decl":{"start":{"line":123,"column":17},"end":{"line":123,"column":22}},"loc":{"start":{"line":123,"column":36},"end":{"line":207,"column":9}},"line":123},"9":{"name":"(anonymous_9)","decl":{"start":{"line":177,"column":18},"end":{"line":177,"column":33}},"loc":{"start":{"line":177,"column":33},"end":{"line":177,"column":null}},"line":177}},"branchMap":{"0":{"loc":{"start":{"line":18,"column":4},"end":{"line":18,"column":null}},"type":"if","locations":[{"start":{"line":18,"column":4},"end":{"line":18,"column":null}},{"start":{},"end":{}}],"line":18},"1":{"loc":{"start":{"line":24,"column":6},"end":{"line":24,"column":null}},"type":"if","locations":[{"start":{"line":24,"column":6},"end":{"line":24,"column":null}},{"start":{},"end":{}}],"line":24},"2":{"loc":{"start":{"line":26,"column":6},"end":{"line":28,"column":null}},"type":"if","locations":[{"start":{"line":26,"column":6},"end":{"line":28,"column":null}},{"start":{},"end":{}}],"line":26},"3":{"loc":{"start":{"line":183,"column":32},"end":{"line":183,"column":null}},"type":"cond-expr","locations":[{"start":{"line":183,"column":43},"end":{"line":183,"column":68}},{"start":{"line":183,"column":68},"end":{"line":183,"column":null}}],"line":183},"4":{"loc":{"start":{"line":195,"column":19},"end":{"line":201,"column":null}},"type":"cond-expr","locations":[{"start":{"line":196,"column":20},"end":{"line":201,"column":null}},{"start":{"line":201,"column":20},"end":{"line":201,"column":null}}],"line":195}},"s":{"0":3,"1":3,"2":3,"3":3,"4":0,"5":0,"6":0,"7":3,"8":0,"9":0,"10":0,"11":0,"12":0,"13":0,"14":0,"15":0,"16":0,"17":0,"18":0,"19":3,"20":0,"21":0,"22":30,"23":30,"24":30,"25":0,"26":3},"f":{"0":3,"1":0,"2":0,"3":0,"4":0,"5":0,"6":0,"7":0,"8":30,"9":0},"b":{"0":[0,0],"1":[0,0],"2":[0,0],"3":[0,30],"4":[0,30]},"meta":{"lastBranch":5,"lastFunction":10,"lastStatement":27,"seen":{"s:13:6:211:Infinity":0,"f:13:6:13:24":0,"s:14:8:14:Infinity":1,"s:15:17:15:Infinity":2,"s:17:8:20:Infinity":3,"f:17:17:17:30":1,"b:18:4:18:Infinity:undefined:undefined:undefined:undefined":0,"s:18:4:18:Infinity":4,"s:18:28:18:Infinity":5,"s:19:4:19:Infinity":6,"s:22:8:38:Infinity":7,"f:22:20:22:Infinity":2,"b:24:6:24:Infinity:undefined:undefined:undefined:undefined":1,"s:24:6:24:Infinity":8,"s:24:25:24:Infinity":9,"s:25:6:25:Infinity":10,"f:25:6:25:17":3,"s:25:27:25:54":11,"b:26:6:28:Infinity:undefined:undefined:undefined:undefined":2,"s:26:6:28:Infinity":12,"s:27:8:27:Infinity":13,"s:29:6:35:Infinity":14,"f:29:6:29:23":4,"s:30:8:34:Infinity":15,"f:30:8:30:19":5,"s:31:23:31:Infinity":16,"s:32:10:32:Infinity":17,"s:33:10:33:Infinity":18,"s:40:2:209:Infinity":19,"f:66:14:66:29":6,"s:66:29:66:Infinity":20,"f:86:14:86:29":7,"s:86:29:86:Infinity":21,"f:123:17:123:22":8,"s:124:23:124:Infinity":22,"s:125:27:125:Infinity":23,"s:126:10:205:Infinity":24,"f:177:18:177:33":9,"s:177:33:177:Infinity":25,"b:183:43:183:68:183:68:183:Infinity":3,"b:196:20:201:Infinity:201:20:201:Infinity":4,"s:215:0:216:Infinity":26}}}
,"/Users/parvathi/Desktop/project2/src/components/Calculator.jsx": {"path":"/Users/parvathi/Desktop/project2/src/components/Calculator.jsx","statementMap":{"0":{"start":{"line":7,"column":15},"end":{"line":7,"column":null}},"1":{"start":{"line":8,"column":17},"end":{"line":8,"column":null}},"2":{"start":{"line":9,"column":8},"end":{"line":9,"column":null}},"3":{"start":{"line":10,"column":24},"end":{"line":10,"column":null}},"4":{"start":{"line":11,"column":8},"end":{"line":11,"column":null}},"5":{"start":{"line":13,"column":2},"end":{"line":47,"column":null}},"6":{"start":{"line":52,"column":19},"end":{"line":52,"column":null}},"7":{"start":{"line":53,"column":18},"end":{"line":53,"column":null}},"8":{"start":{"line":55,"column":20},"end":{"line":55,"column":null}},"9":{"start":{"line":56,"column":14},"end":{"line":56,"column":null}},"10":{"start":{"line":57,"column":2},"end":{"line":61,"column":null}},"11":{"start":{"line":58,"column":16},"end":{"line":58,"column":null}},"12":{"start":{"line":59,"column":4},"end":{"line":59,"column":null}},"13":{"start":{"line":60,"column":4},"end":{"line":60,"column":null}},"14":{"start":{"line":62,"column":2},"end":{"line":62,"column":null}},"15":{"start":{"line":64,"column":2},"end":{"line":81,"column":null}},"16":{"start":{"line":65,"column":16},"end":{"line":65,"column":null}},"17":{"start":{"line":66,"column":21},"end":{"line":66,"column":null}},"18":{"start":{"line":67,"column":21},"end":{"line":67,"column":null}},"19":{"start":{"line":68,"column":21},"end":{"line":68,"column":null}},"20":{"start":{"line":69,"column":16},"end":{"line":69,"column":null}},"21":{"start":{"line":70,"column":18},"end":{"line":79,"column":null}},"22":{"start":{"line":71,"column":6},"end":{"line":71,"column":null}},"23":{"start":{"line":72,"column":6},"end":{"line":78,"column":null}},"24":{"start":{"line":73,"column":8},"end":{"line":73,"column":null}},"25":{"start":{"line":74,"column":8},"end":{"line":74,"column":null}},"26":{"start":{"line":75,"column":8},"end":{"line":75,"column":null}},"27":{"start":{"line":75,"column":25},"end":{"line":75,"column":43}},"28":{"start":{"line":77,"column":8},"end":{"line":77,"column":null}},"29":{"start":{"line":80,"column":4},"end":{"line":80,"column":null}},"30":{"start":{"line":80,"column":17},"end":{"line":80,"column":null}},"31":{"start":{"line":83,"column":2},"end":{"line":87,"column":null}},"32":{"start":{"line":84,"column":4},"end":{"line":86,"column":null}},"33":{"start":{"line":85,"column":6},"end":{"line":85,"column":null}},"34":{"start":{"line":89,"column":20},"end":{"line":89,"column":null}},"35":{"start":{"line":90,"column":15},"end":{"line":90,"column":null}},"36":{"start":{"line":91,"column":17},"end":{"line":91,"column":null}},"37":{"start":{"line":93,"column":2},"end":{"line":174,"column":null}},"38":{"start":{"line":178,"column":6},"end":{"line":436,"column":null}},"39":{"start":{"line":179,"column":22},"end":{"line":179,"column":null}},"40":{"start":{"line":180,"column":21},"end":{"line":180,"column":null}},"41":{"start":{"line":181,"column":20},"end":{"line":181,"column":null}},"42":{"start":{"line":182,"column":20},"end":{"line":182,"column":null}},"43":{"start":{"line":183,"column":19},"end":{"line":183,"column":null}},"44":{"start":{"line":185,"column":15},"end":{"line":185,"column":null}},"45":{"start":{"line":187,"column":8},"end":{"line":192,"column":null}},"46":{"start":{"line":189,"column":6},"end":{"line":189,"column":null}},"47":{"start":{"line":189,"column":31},"end":{"line":189,"column":57}},"48":{"start":{"line":194,"column":8},"end":{"line":210,"column":null}},"49":{"start":{"line":195,"column":4},"end":{"line":203,"column":null}},"50":{"start":{"line":196,"column":6},"end":{"line":196,"column":null}},"51":{"start":{"line":197,"column":6},"end":{"line":197,"column":null}},"52":{"start":{"line":198,"column":6},"end":{"line":201,"column":null}},"53":{"start":{"line":199,"column":8},"end":{"line":199,"column":null}},"54":{"start":{"line":200,"column":8},"end":{"line":200,"column":null}},"55":{"start":{"line":202,"column":6},"end":{"line":202,"column":null}},"56":{"start":{"line":204,"column":4},"end":{"line":204,"column":null}},"57":{"start":{"line":205,"column":4},"end":{"line":205,"column":null}},"58":{"start":{"line":206,"column":4},"end":{"line":209,"column":null}},"59":{"start":{"line":207,"column":6},"end":{"line":207,"column":null}},"60":{"start":{"line":207,"column":28},"end":{"line":207,"column":33}},"61":{"start":{"line":208,"column":6},"end":{"line":208,"column":null}},"62":{"start":{"line":212,"column":8},"end":{"line":230,"column":null}},"63":{"start":{"line":213,"column":4},"end":{"line":222,"column":null}},"64":{"start":{"line":214,"column":6},"end":{"line":214,"column":null}},"65":{"start":{"line":215,"column":6},"end":{"line":215,"column":null}},"66":{"start":{"line":216,"column":6},"end":{"line":220,"column":null}},"67":{"start":{"line":217,"column":8},"end":{"line":217,"column":null}},"68":{"start":{"line":218,"column":8},"end":{"line":218,"column":null}},"69":{"start":{"line":219,"column":8},"end":{"line":219,"column":null}},"70":{"start":{"line":221,"column":6},"end":{"line":221,"column":null}},"71":{"start":{"line":223,"column":4},"end":{"line":223,"column":null}},"72":{"start":{"line":223,"column":27},"end":{"line":223,"column":null}},"73":{"start":{"line":224,"column":4},"end":{"line":224,"column":null}},"74":{"start":{"line":225,"column":4},"end":{"line":225,"column":null}},"75":{"start":{"line":226,"column":4},"end":{"line":229,"column":null}},"76":{"start":{"line":227,"column":6},"end":{"line":227,"column":null}},"77":{"start":{"line":227,"column":28},"end":{"line":227,"column":33}},"78":{"start":{"line":228,"column":6},"end":{"line":228,"column":null}},"79":{"start":{"line":232,"column":19},"end":{"line":232,"column":null}},"80":{"start":{"line":234,"column":2},"end":{"line":434,"column":null}},"81":{"start":{"line":314,"column":37},"end":{"line":314,"column":null}},"82":{"start":{"line":315,"column":18},"end":{"line":377,"column":null}},"83":{"start":{"line":319,"column":37},"end":{"line":319,"column":null}},"84":{"start":{"line":440,"column":0},"end":{"line":441,"column":null}}},"fnMap":{"0":{"name":"ProgressRing","decl":{"start":{"line":6,"column":9},"end":{"line":6,"column":22}},"loc":{"start":{"line":6,"column":39},"end":{"line":49,"column":null}},"line":6},"1":{"name":"ResultView","decl":{"start":{"line":51,"column":9},"end":{"line":51,"column":20}},"loc":{"start":{"line":51,"column":48},"end":{"line":176,"column":null}},"line":51},"2":{"name":"(anonymous_2)","decl":{"start":{"line":57,"column":8},"end":{"line":57,"column":17}},"loc":{"start":{"line":57,"column":23},"end":{"line":61,"column":3}},"line":57},"3":{"name":"(anonymous_3)","decl":{"start":{"line":64,"column":2},"end":{"line":64,"column":18}},"loc":{"start":{"line":64,"column":18},"end":{"line":81,"column":5}},"line":64},"4":{"name":"(anonymous_4)","decl":{"start":{"line":70,"column":18},"end":{"line":70,"column":36}},"loc":{"start":{"line":70,"column":36},"end":{"line":79,"column":7}},"line":70},"5":{"name":"(anonymous_5)","decl":{"start":{"line":75,"column":8},"end":{"line":75,"column":25}},"loc":{"start":{"line":75,"column":25},"end":{"line":75,"column":43}},"line":75},"6":{"name":"(anonymous_6)","decl":{"start":{"line":80,"column":4},"end":{"line":80,"column":17}},"loc":{"start":{"line":80,"column":17},"end":{"line":80,"column":null}},"line":80},"7":{"name":"(anonymous_7)","decl":{"start":{"line":83,"column":2},"end":{"line":83,"column":18}},"loc":{"start":{"line":83,"column":18},"end":{"line":87,"column":5}},"line":83},"8":{"name":"(anonymous_8)","decl":{"start":{"line":178,"column":6},"end":{"line":178,"column":20}},"loc":{"start":{"line":178,"column":39},"end":{"line":436,"column":null}},"line":178},"9":{"name":"(anonymous_9)","decl":{"start":{"line":187,"column":23},"end":{"line":187,"column":null}},"loc":{"start":{"line":188,"column":20},"end":{"line":190,"column":null}},"line":188},"10":{"name":"(anonymous_10)","decl":{"start":{"line":189,"column":6},"end":{"line":189,"column":21}},"loc":{"start":{"line":189,"column":31},"end":{"line":189,"column":57}},"line":189},"11":{"name":"(anonymous_11)","decl":{"start":{"line":194,"column":17},"end":{"line":194,"column":35}},"loc":{"start":{"line":194,"column":35},"end":{"line":210,"column":5}},"line":194},"12":{"name":"(anonymous_12)","decl":{"start":{"line":198,"column":6},"end":{"line":198,"column":23}},"loc":{"start":{"line":198,"column":23},"end":{"line":201,"column":9}},"line":198},"13":{"name":"(anonymous_13)","decl":{"start":{"line":206,"column":4},"end":{"line":206,"column":21}},"loc":{"start":{"line":206,"column":21},"end":{"line":209,"column":7}},"line":206},"14":{"name":"(anonymous_14)","decl":{"start":{"line":207,"column":6},"end":{"line":207,"column":22}},"loc":{"start":{"line":207,"column":28},"end":{"line":207,"column":33}},"line":207},"15":{"name":"(anonymous_15)","decl":{"start":{"line":212,"column":17},"end":{"line":212,"column":35}},"loc":{"start":{"line":212,"column":35},"end":{"line":230,"column":5}},"line":212},"16":{"name":"(anonymous_16)","decl":{"start":{"line":216,"column":6},"end":{"line":216,"column":23}},"loc":{"start":{"line":216,"column":23},"end":{"line":220,"column":9}},"line":216},"17":{"name":"(anonymous_17)","decl":{"start":{"line":226,"column":4},"end":{"line":226,"column":21}},"loc":{"start":{"line":226,"column":21},"end":{"line":229,"column":7}},"line":226},"18":{"name":"(anonymous_18)","decl":{"start":{"line":227,"column":6},"end":{"line":227,"column":22}},"loc":{"start":{"line":227,"column":28},"end":{"line":227,"column":33}},"line":227},"19":{"name":"(anonymous_19)","decl":{"start":{"line":313,"column":31},"end":{"line":313,"column":36}},"loc":{"start":{"line":313,"column":44},"end":{"line":379,"column":17}},"line":313},"20":{"name":"(anonymous_20)","decl":{"start":{"line":319,"column":22},"end":{"line":319,"column":37}},"loc":{"start":{"line":319,"column":37},"end":{"line":319,"column":null}},"line":319}},"branchMap":{"0":{"loc":{"start":{"line":58,"column":16},"end":{"line":58,"column":null}},"type":"binary-expr","locations":[{"start":{"line":58,"column":16},"end":{"line":58,"column":37}},{"start":{"line":58,"column":37},"end":{"line":58,"column":null}}],"line":58},"1":{"loc":{"start":{"line":72,"column":6},"end":{"line":78,"column":null}},"type":"if","locations":[{"start":{"line":72,"column":6},"end":{"line":78,"column":null}},{"start":{"line":76,"column":13},"end":{"line":78,"column":null}}],"line":72},"2":{"loc":{"start":{"line":84,"column":4},"end":{"line":86,"column":null}},"type":"if","locations":[{"start":{"line":84,"column":4},"end":{"line":86,"column":null}},{"start":{},"end":{}}],"line":84},"3":{"loc":{"start":{"line":84,"column":8},"end":{"line":84,"column":31}},"type":"binary-expr","locations":[{"start":{"line":84,"column":8},"end":{"line":84,"column":19}},{"start":{"line":84,"column":19},"end":{"line":84,"column":31}}],"line":84},"4":{"loc":{"start":{"line":115,"column":19},"end":{"line":115,"column":null}},"type":"cond-expr","locations":[{"start":{"line":115,"column":29},"end":{"line":115,"column":33}},{"start":{"line":115,"column":33},"end":{"line":115,"column":null}}],"line":115},"5":{"loc":{"start":{"line":116,"column":21},"end":{"line":116,"column":null}},"type":"cond-expr","locations":[{"start":{"line":116,"column":31},"end":{"line":116,"column":49}},{"start":{"line":116,"column":49},"end":{"line":116,"column":null}}],"line":116},"6":{"loc":{"start":{"line":130,"column":28},"end":{"line":130,"column":null}},"type":"cond-expr","locations":[{"start":{"line":130,"column":39},"end":{"line":130,"column":84}},{"start":{"line":130,"column":84},"end":{"line":130,"column":null}}],"line":130},"7":{"loc":{"start":{"line":168,"column":64},"end":{"line":168,"column":98}},"type":"cond-expr","locations":[{"start":{"line":168,"column":75},"end":{"line":168,"column":87}},{"start":{"line":168,"column":87},"end":{"line":168,"column":98}}],"line":168},"8":{"loc":{"start":{"line":169,"column":11},"end":{"line":171,"column":null}},"type":"cond-expr","locations":[{"start":{"line":170,"column":14},"end":{"line":170,"column":null}},{"start":{"line":171,"column":14},"end":{"line":171,"column":null}}],"line":169},"9":{"loc":{"start":{"line":195,"column":4},"end":{"line":203,"column":null}},"type":"if","locations":[{"start":{"line":195,"column":4},"end":{"line":203,"column":null}},{"start":{},"end":{}}],"line":195},"10":{"loc":{"start":{"line":213,"column":4},"end":{"line":222,"column":null}},"type":"if","locations":[{"start":{"line":213,"column":4},"end":{"line":222,"column":null}},{"start":{},"end":{}}],"line":213},"11":{"loc":{"start":{"line":223,"column":4},"end":{"line":223,"column":null}},"type":"if","locations":[{"start":{"line":223,"column":4},"end":{"line":223,"column":null}},{"start":{},"end":{}}],"line":223},"12":{"loc":{"start":{"line":274,"column":9},"end":{"line":285,"column":null}},"type":"binary-expr","locations":[{"start":{"line":274,"column":9},"end":{"line":274,"column":null}},{"start":{"line":275,"column":10},"end":{"line":285,"column":null}}],"line":274},"13":{"loc":{"start":{"line":278,"column":17},"end":{"line":278,"column":null}},"type":"binary-expr","locations":[{"start":{"line":278,"column":17},"end":{"line":278,"column":25}},{"start":{"line":278,"column":25},"end":{"line":278,"column":null}}],"line":278},"14":{"loc":{"start":{"line":290,"column":23},"end":{"line":292,"column":null}},"type":"cond-expr","locations":[{"start":{"line":291,"column":16},"end":{"line":291,"column":null}},{"start":{"line":292,"column":16},"end":{"line":292,"column":null}}],"line":290},"15":{"loc":{"start":{"line":293,"column":21},"end":{"line":293,"column":null}},"type":"cond-expr","locations":[{"start":{"line":293,"column":33},"end":{"line":293,"column":37}},{"start":{"line":293,"column":37},"end":{"line":293,"column":null}}],"line":293},"16":{"loc":{"start":{"line":297,"column":11},"end":{"line":381,"column":null}},"type":"cond-expr","locations":[{"start":{"line":298,"column":12},"end":{"line":300,"column":null}},{"start":{"line":300,"column":12},"end":{"line":381,"column":null}}],"line":297},"17":{"loc":{"start":{"line":326,"column":32},"end":{"line":328,"column":null}},"type":"cond-expr","locations":[{"start":{"line":327,"column":28},"end":{"line":327,"column":null}},{"start":{"line":328,"column":28},"end":{"line":328,"column":null}}],"line":326},"18":{"loc":{"start":{"line":329,"column":36},"end":{"line":331,"column":null}},"type":"cond-expr","locations":[{"start":{"line":330,"column":28},"end":{"line":330,"column":null}},{"start":{"line":331,"column":28},"end":{"line":331,"column":null}}],"line":329},"19":{"loc":{"start":{"line":335,"column":35},"end":{"line":337,"column":null}},"type":"cond-expr","locations":[{"start":{"line":336,"column":28},"end":{"line":336,"column":null}},{"start":{"line":337,"column":28},"end":{"line":337,"column":null}}],"line":335},"20":{"loc":{"start":{"line":346,"column":34},"end":{"line":348,"column":null}},"type":"cond-expr","locations":[{"start":{"line":347,"column":30},"end":{"line":347,"column":null}},{"start":{"line":348,"column":30},"end":{"line":348,"column":null}}],"line":346},"21":{"loc":{"start":{"line":349,"column":38},"end":{"line":349,"column":null}},"type":"cond-expr","locations":[{"start":{"line":349,"column":51},"end":{"line":349,"column":63}},{"start":{"line":349,"column":63},"end":{"line":349,"column":null}}],"line":349},"22":{"loc":{"start":{"line":357,"column":25},"end":{"line":357,"column":null}},"type":"binary-expr","locations":[{"start":{"line":357,"column":25},"end":{"line":357,"column":39}},{"start":{"line":357,"column":39},"end":{"line":357,"column":null}}],"line":357},"23":{"loc":{"start":{"line":371,"column":33},"end":{"line":371,"column":null}},"type":"cond-expr","locations":[{"start":{"line":371,"column":51},"end":{"line":371,"column":63}},{"start":{"line":371,"column":63},"end":{"line":371,"column":null}}],"line":371},"24":{"loc":{"start":{"line":389,"column":22},"end":{"line":389,"column":null}},"type":"binary-expr","locations":[{"start":{"line":389,"column":22},"end":{"line":389,"column":43}},{"start":{"line":389,"column":43},"end":{"line":389,"column":null}}],"line":389},"25":{"loc":{"start":{"line":408,"column":11},"end":{"line":432,"column":null}},"type":"binary-expr","locations":[{"start":{"line":408,"column":11},"end":{"line":408,"column":null}},{"start":{"line":409,"column":12},"end":{"line":432,"column":null}}],"line":408},"26":{"loc":{"start":{"line":420,"column":28},"end":{"line":420,"column":null}},"type":"cond-expr","locations":[{"start":{"line":420,"column":53},"end":{"line":420,"column":79}},{"start":{"line":420,"column":79},"end":{"line":420,"column":null}}],"line":420},"27":{"loc":{"start":{"line":428,"column":15},"end":{"line":428,"column":null}},"type":"cond-expr","locations":[{"start":{"line":428,"column":50},"end":{"line":428,"column":66}},{"start":{"line":428,"column":66},"end":{"line":428,"column":null}}],"line":428}},"s":{"0":1,"1":1,"2":1,"3":1,"4":1,"5":1,"6":0,"7":0,"8":0,"9":0,"10":0,"11":0,"12":0,"13":0,"14":0,"15":0,"16":0,"17":0,"18":0,"19":0,"20":0,"21":0,"22":0,"23":0,"24":0,"25":0,"26":0,"27":0,"28":0,"29":0,"30":0,"31":0,"32":0,"33":0,"34":0,"35":0,"36":0,"37":0,"38":2,"39":1,"40":1,"41":1,"42":1,"43":1,"44":1,"45":1,"46":0,"47":0,"48":1,"49":0,"50":0,"51":0,"52":0,"53":0,"54":0,"55":0,"56":0,"57":0,"58":0,"59":0,"60":0,"61":0,"62":1,"63":0,"64":0,"65":0,"66":0,"67":0,"68":0,"69":0,"70":0,"71":0,"72":0,"73":0,"74":0,"75":0,"76":0,"77":0,"78":0,"79":1,"80":1,"81":5,"82":5,"83":0,"84":2},"f":{"0":1,"1":0,"2":0,"3":0,"4":0,"5":0,"6":0,"7":0,"8":1,"9":0,"10":0,"11":0,"12":0,"13":0,"14":0,"15":0,"16":0,"17":0,"18":0,"19":5,"20":0},"b":{"0":[0,0],"1":[0,0],"2":[0,0],"3":[0,0],"4":[0,0],"5":[0,0],"6":[0,0],"7":[0,0],"8":[0,0],"9":[0,0],"10":[0,0],"11":[0,0],"12":[1,1],"13":[1,1],"14":[0,1],"15":[0,1],"16":[0,1],"17":[0,5],"18":[0,5],"19":[0,5],"20":[0,5],"21":[0,5],"22":[5,0],"23":[0,5],"24":[1,1],"25":[1,1],"26":[0,1],"27":[0,1]},"meta":{"lastBranch":28,"lastFunction":21,"lastStatement":85,"seen":{"f:6:9:6:22":0,"s:7:15:7:Infinity":0,"s:8:17:8:Infinity":1,"s:9:8:9:Infinity":2,"s:10:24:10:Infinity":3,"s:11:8:11:Infinity":4,"s:13:2:47:Infinity":5,"f:51:9:51:20":1,"s:52:19:52:Infinity":6,"s:53:18:53:Infinity":7,"s:55:20:55:Infinity":8,"s:56:14:56:Infinity":9,"s:57:2:61:Infinity":10,"f:57:8:57:17":2,"s:58:16:58:Infinity":11,"b:58:16:58:37:58:37:58:Infinity":0,"s:59:4:59:Infinity":12,"s:60:4:60:Infinity":13,"s:62:2:62:Infinity":14,"s:64:2:81:Infinity":15,"f:64:2:64:18":3,"s:65:16:65:Infinity":16,"s:66:21:66:Infinity":17,"s:67:21:67:Infinity":18,"s:68:21:68:Infinity":19,"s:69:16:69:Infinity":20,"s:70:18:79:Infinity":21,"f:70:18:70:36":4,"s:71:6:71:Infinity":22,"b:72:6:78:Infinity:76:13:78:Infinity":1,"s:72:6:78:Infinity":23,"s:73:8:73:Infinity":24,"s:74:8:74:Infinity":25,"s:75:8:75:Infinity":26,"f:75:8:75:25":5,"s:75:25:75:43":27,"s:77:8:77:Infinity":28,"s:80:4:80:Infinity":29,"f:80:4:80:17":6,"s:80:17:80:Infinity":30,"s:83:2:87:Infinity":31,"f:83:2:83:18":7,"b:84:4:86:Infinity:undefined:undefined:undefined:undefined":2,"s:84:4:86:Infinity":32,"b:84:8:84:19:84:19:84:31":3,"s:85:6:85:Infinity":33,"s:89:20:89:Infinity":34,"s:90:15:90:Infinity":35,"s:91:17:91:Infinity":36,"s:93:2:174:Infinity":37,"b:115:29:115:33:115:33:115:Infinity":4,"b:116:31:116:49:116:49:116:Infinity":5,"b:130:39:130:84:130:84:130:Infinity":6,"b:168:75:168:87:168:87:168:98":7,"b:170:14:170:Infinity:171:14:171:Infinity":8,"s:178:6:436:Infinity":38,"f:178:6:178:20":8,"s:179:22:179:Infinity":39,"s:180:21:180:Infinity":40,"s:181:20:181:Infinity":41,"s:182:20:182:Infinity":42,"s:183:19:183:Infinity":43,"s:185:15:185:Infinity":44,"s:187:8:192:Infinity":45,"f:187:23:187:Infinity":9,"s:189:6:189:Infinity":46,"f:189:6:189:21":10,"s:189:31:189:57":47,"s:194:8:210:Infinity":48,"f:194:17:194:35":11,"b:195:4:203:Infinity:undefined:undefined:undefined:undefined":9,"s:195:4:203:Infinity":49,"s:196:6:196:Infinity":50,"s:197:6:197:Infinity":51,"s:198:6:201:Infinity":52,"f:198:6:198:23":12,"s:199:8:199:Infinity":53,"s:200:8:200:Infinity":54,"s:202:6:202:Infinity":55,"s:204:4:204:Infinity":56,"s:205:4:205:Infinity":57,"s:206:4:209:Infinity":58,"f:206:4:206:21":13,"s:207:6:207:Infinity":59,"f:207:6:207:22":14,"s:207:28:207:33":60,"s:208:6:208:Infinity":61,"s:212:8:230:Infinity":62,"f:212:17:212:35":15,"b:213:4:222:Infinity:undefined:undefined:undefined:undefined":10,"s:213:4:222:Infinity":63,"s:214:6:214:Infinity":64,"s:215:6:215:Infinity":65,"s:216:6:220:Infinity":66,"f:216:6:216:23":16,"s:217:8:217:Infinity":67,"s:218:8:218:Infinity":68,"s:219:8:219:Infinity":69,"s:221:6:221:Infinity":70,"b:223:4:223:Infinity:undefined:undefined:undefined:undefined":11,"s:223:4:223:Infinity":71,"s:223:27:223:Infinity":72,"s:224:4:224:Infinity":73,"s:225:4:225:Infinity":74,"s:226:4:229:Infinity":75,"f:226:4:226:21":17,"s:227:6:227:Infinity":76,"f:227:6:227:22":18,"s:227:28:227:33":77,"s:228:6:228:Infinity":78,"s:232:19:232:Infinity":79,"s:234:2:434:Infinity":80,"b:274:9:274:Infinity:275:10:285:Infinity":12,"b:278:17:278:25:278:25:278:Infinity":13,"b:291:16:291:Infinity:292:16:292:Infinity":14,"b:293:33:293:37:293:37:293:Infinity":15,"b:298:12:300:Infinity:300:12:381:Infinity":16,"f:313:31:313:36":19,"s:314:37:314:Infinity":81,"s:315:18:377:Infinity":82,"f:319:22:319:37":20,"s:319:37:319:Infinity":83,"b:327:28:327:Infinity:328:28:328:Infinity":17,"b:330:28:330:Infinity:331:28:331:Infinity":18,"b:336:28:336:Infinity:337:28:337:Infinity":19,"b:347:30:347:Infinity:348:30:348:Infinity":20,"b:349:51:349:63:349:63:349:Infinity":21,"b:357:25:357:39:357:39:357:Infinity":22,"b:371:51:371:63:371:63:371:Infinity":23,"b:389:22:389:43:389:43:389:Infinity":24,"b:408:11:408:Infinity:409:12:432:Infinity":25,"b:420:53:420:79:420:79:420:Infinity":26,"b:428:50:428:66:428:66:428:Infinity":27,"s:440:0:441:Infinity":84}}}
,"/Users/parvathi/Desktop/project2/src/components/Dashboard.jsx": {"path":"/Users/parvathi/Desktop/project2/src/components/Dashboard.jsx","statementMap":{"0":{"start":{"line":19,"column":19},"end":{"line":19,"column":null}},"1":{"start":{"line":21,"column":23},"end":{"line":27,"column":null}},"2":{"start":{"line":30,"column":17},"end":{"line":30,"column":null}},"3":{"start":{"line":31,"column":2},"end":{"line":44,"column":null}},"4":{"start":{"line":32,"column":4},"end":{"line":32,"column":null}},"5":{"start":{"line":32,"column":22},"end":{"line":32,"column":null}},"6":{"start":{"line":33,"column":21},"end":{"line":41,"column":null}},"7":{"start":{"line":35,"column":8},"end":{"line":38,"column":null}},"8":{"start":{"line":36,"column":10},"end":{"line":36,"column":null}},"9":{"start":{"line":37,"column":10},"end":{"line":37,"column":null}},"10":{"start":{"line":42,"column":4},"end":{"line":42,"column":null}},"11":{"start":{"line":43,"column":4},"end":{"line":43,"column":null}},"12":{"start":{"line":43,"column":17},"end":{"line":43,"column":null}},"13":{"start":{"line":45,"column":2},"end":{"line":45,"column":null}},"14":{"start":{"line":49,"column":17},"end":{"line":49,"column":null}},"15":{"start":{"line":50,"column":18},"end":{"line":50,"column":null}},"16":{"start":{"line":51,"column":2},"end":{"line":68,"column":null}},"17":{"start":{"line":52,"column":4},"end":{"line":52,"column":null}},"18":{"start":{"line":52,"column":17},"end":{"line":52,"column":null}},"19":{"start":{"line":53,"column":16},"end":{"line":53,"column":null}},"20":{"start":{"line":54,"column":21},"end":{"line":54,"column":null}},"21":{"start":{"line":55,"column":21},"end":{"line":55,"column":null}},"22":{"start":{"line":56,"column":21},"end":{"line":56,"column":null}},"23":{"start":{"line":57,"column":16},"end":{"line":57,"column":null}},"24":{"start":{"line":58,"column":18},"end":{"line":66,"column":null}},"25":{"start":{"line":59,"column":6},"end":{"line":59,"column":null}},"26":{"start":{"line":60,"column":6},"end":{"line":65,"column":null}},"27":{"start":{"line":61,"column":8},"end":{"line":61,"column":null}},"28":{"start":{"line":62,"column":8},"end":{"line":62,"column":null}},"29":{"start":{"line":64,"column":8},"end":{"line":64,"column":null}},"30":{"start":{"line":67,"column":4},"end":{"line":67,"column":null}},"31":{"start":{"line":67,"column":17},"end":{"line":67,"column":null}},"32":{"start":{"line":69,"column":2},"end":{"line":73,"column":null}},"33":{"start":{"line":78,"column":2},"end":{"line":78,"column":null}},"34":{"start":{"line":78,"column":46},"end":{"line":78,"column":null}},"35":{"start":{"line":79,"column":12},"end":{"line":79,"column":null}},"36":{"start":{"line":80,"column":2},"end":{"line":96,"column":null}},"37":{"start":{"line":100,"column":6},"end":{"line":472,"column":null}},"38":{"start":{"line":101,"column":8},"end":{"line":101,"column":null}},"39":{"start":{"line":102,"column":8},"end":{"line":102,"column":null}},"40":{"start":{"line":103,"column":8},"end":{"line":103,"column":null}},"41":{"start":{"line":104,"column":8},"end":{"line":104,"column":null}},"42":{"start":{"line":106,"column":21},"end":{"line":106,"column":null}},"43":{"start":{"line":107,"column":22},"end":{"line":107,"column":null}},"44":{"start":{"line":108,"column":22},"end":{"line":108,"column":null}},"45":{"start":{"line":109,"column":25},"end":{"line":109,"column":null}},"46":{"start":{"line":118,"column":6},"end":{"line":118,"column":null}},"47":{"start":{"line":120,"column":23},"end":{"line":120,"column":null}},"48":{"start":{"line":121,"column":20},"end":{"line":121,"column":null}},"49":{"start":{"line":122,"column":15},"end":{"line":122,"column":null}},"50":{"start":{"line":123,"column":23},"end":{"line":123,"column":null}},"51":{"start":{"line":124,"column":17},"end":{"line":124,"column":null}},"52":{"start":{"line":126,"column":18},"end":{"line":131,"column":null}},"53":{"start":{"line":127,"column":23},"end":{"line":127,"column":28}},"54":{"start":{"line":128,"column":28},"end":{"line":131,"column":6}},"55":{"start":{"line":133,"column":20},"end":{"line":158,"column":null}},"56":{"start":{"line":160,"column":2},"end":{"line":470,"column":null}},"57":{"start":{"line":283,"column":20},"end":{"line":283,"column":null}},"58":{"start":{"line":313,"column":16},"end":{"line":332,"column":null}},"59":{"start":{"line":349,"column":27},"end":{"line":349,"column":null}},"60":{"start":{"line":350,"column":14},"end":{"line":395,"column":null}},"61":{"start":{"line":430,"column":18},"end":{"line":456,"column":null}},"62":{"start":{"line":476,"column":0},"end":{"line":477,"column":null}}},"fnMap":{"0":{"name":"useInView","decl":{"start":{"line":29,"column":9},"end":{"line":29,"column":19}},"loc":{"start":{"line":29,"column":24},"end":{"line":46,"column":null}},"line":29},"1":{"name":"(anonymous_1)","decl":{"start":{"line":31,"column":2},"end":{"line":31,"column":18}},"loc":{"start":{"line":31,"column":18},"end":{"line":44,"column":5}},"line":31},"2":{"name":"(anonymous_2)","decl":{"start":{"line":33,"column":25},"end":{"line":33,"column":null}},"loc":{"start":{"line":34,"column":19},"end":{"line":39,"column":null}},"line":34},"3":{"name":"(anonymous_3)","decl":{"start":{"line":43,"column":4},"end":{"line":43,"column":17}},"loc":{"start":{"line":43,"column":17},"end":{"line":43,"column":null}},"line":43},"4":{"name":"AnimatedNumber","decl":{"start":{"line":48,"column":9},"end":{"line":48,"column":24}},"loc":{"start":{"line":48,"column":70},"end":{"line":75,"column":null}},"line":48},"5":{"name":"(anonymous_5)","decl":{"start":{"line":51,"column":2},"end":{"line":51,"column":18}},"loc":{"start":{"line":51,"column":18},"end":{"line":68,"column":5}},"line":51},"6":{"name":"(anonymous_6)","decl":{"start":{"line":58,"column":18},"end":{"line":58,"column":36}},"loc":{"start":{"line":58,"column":36},"end":{"line":66,"column":7}},"line":58},"7":{"name":"(anonymous_7)","decl":{"start":{"line":67,"column":4},"end":{"line":67,"column":17}},"loc":{"start":{"line":67,"column":17},"end":{"line":67,"column":null}},"line":67},"8":{"name":"CustomTooltip","decl":{"start":{"line":77,"column":9},"end":{"line":77,"column":23}},"loc":{"start":{"line":77,"column":44},"end":{"line":98,"column":null}},"line":77},"9":{"name":"(anonymous_9)","decl":{"start":{"line":100,"column":6},"end":{"line":100,"column":19}},"loc":{"start":{"line":100,"column":49},"end":{"line":472,"column":null}},"line":100},"10":{"name":"(anonymous_10)","decl":{"start":{"line":127,"column":5},"end":{"line":127,"column":13}},"loc":{"start":{"line":127,"column":23},"end":{"line":127,"column":28}},"line":127},"11":{"name":"(anonymous_11)","decl":{"start":{"line":128,"column":5},"end":{"line":128,"column":10}},"loc":{"start":{"line":128,"column":28},"end":{"line":131,"column":6}},"line":128},"12":{"name":"(anonymous_12)","decl":{"start":{"line":282,"column":27},"end":{"line":282,"column":32}},"loc":{"start":{"line":283,"column":20},"end":{"line":283,"column":null}},"line":283},"13":{"name":"(anonymous_13)","decl":{"start":{"line":312,"column":23},"end":{"line":312,"column":28}},"loc":{"start":{"line":313,"column":16},"end":{"line":332,"column":null}},"line":313},"14":{"name":"(anonymous_14)","decl":{"start":{"line":348,"column":23},"end":{"line":348,"column":28}},"loc":{"start":{"line":348,"column":38},"end":{"line":397,"column":13}},"line":348},"15":{"name":"(anonymous_15)","decl":{"start":{"line":429,"column":42},"end":{"line":429,"column":47}},"loc":{"start":{"line":430,"column":18},"end":{"line":456,"column":null}},"line":430}},"branchMap":{"0":{"loc":{"start":{"line":32,"column":4},"end":{"line":32,"column":null}},"type":"if","locations":[{"start":{"line":32,"column":4},"end":{"line":32,"column":null}},{"start":{},"end":{}}],"line":32},"1":{"loc":{"start":{"line":35,"column":8},"end":{"line":38,"column":null}},"type":"if","locations":[{"start":{"line":35,"column":8},"end":{"line":38,"column":null}},{"start":{},"end":{}}],"line":35},"2":{"loc":{"start":{"line":48,"column":33},"end":{"line":48,"column":47}},"type":"default-arg","locations":[{"start":{"line":48,"column":44},"end":{"line":48,"column":47}}],"line":48},"3":{"loc":{"start":{"line":48,"column":55},"end":{"line":48,"column":70}},"type":"default-arg","locations":[{"start":{"line":48,"column":64},"end":{"line":48,"column":70}}],"line":48},"4":{"loc":{"start":{"line":49,"column":17},"end":{"line":49,"column":null}},"type":"binary-expr","locations":[{"start":{"line":49,"column":17},"end":{"line":49,"column":34}},{"start":{"line":49,"column":34},"end":{"line":49,"column":null}}],"line":49},"5":{"loc":{"start":{"line":52,"column":4},"end":{"line":52,"column":null}},"type":"if","locations":[{"start":{"line":52,"column":4},"end":{"line":52,"column":null}},{"start":{},"end":{}}],"line":52},"6":{"loc":{"start":{"line":60,"column":6},"end":{"line":65,"column":null}},"type":"if","locations":[{"start":{"line":60,"column":6},"end":{"line":65,"column":null}},{"start":{"line":63,"column":13},"end":{"line":65,"column":null}}],"line":60},"7":{"loc":{"start":{"line":78,"column":2},"end":{"line":78,"column":null}},"type":"if","locations":[{"start":{"line":78,"column":2},"end":{"line":78,"column":null}},{"start":{},"end":{}}],"line":78},"8":{"loc":{"start":{"line":78,"column":6},"end":{"line":78,"column":46}},"type":"binary-expr","locations":[{"start":{"line":78,"column":6},"end":{"line":78,"column":17}},{"start":{"line":78,"column":17},"end":{"line":78,"column":29}},{"start":{"line":78,"column":29},"end":{"line":78,"column":46}}],"line":78},"9":{"loc":{"start":{"line":112,"column":4},"end":{"line":112,"column":null}},"type":"default-arg","locations":[{"start":{"line":112,"column":15},"end":{"line":112,"column":null}}],"line":112},"10":{"loc":{"start":{"line":113,"column":4},"end":{"line":113,"column":null}},"type":"default-arg","locations":[{"start":{"line":113,"column":14},"end":{"line":113,"column":null}}],"line":113},"11":{"loc":{"start":{"line":114,"column":4},"end":{"line":114,"column":null}},"type":"default-arg","locations":[{"start":{"line":114,"column":16},"end":{"line":114,"column":null}}],"line":114},"12":{"loc":{"start":{"line":115,"column":4},"end":{"line":115,"column":null}},"type":"default-arg","locations":[{"start":{"line":115,"column":14},"end":{"line":115,"column":null}}],"line":115},"13":{"loc":{"start":{"line":116,"column":4},"end":{"line":116,"column":null}},"type":"default-arg","locations":[{"start":{"line":116,"column":19},"end":{"line":116,"column":null}}],"line":116},"14":{"loc":{"start":{"line":117,"column":12},"end":{"line":117,"column":null}},"type":"default-arg","locations":[{"start":{"line":117,"column":25},"end":{"line":117,"column":null}}],"line":117},"15":{"loc":{"start":{"line":118,"column":6},"end":{"line":118,"column":null}},"type":"binary-expr","locations":[{"start":{"line":118,"column":6},"end":{"line":118,"column":18}},{"start":{"line":118,"column":18},"end":{"line":118,"column":null}}],"line":118},"16":{"loc":{"start":{"line":120,"column":23},"end":{"line":120,"column":null}},"type":"cond-expr","locations":[{"start":{"line":120,"column":53},"end":{"line":120,"column":75}},{"start":{"line":120,"column":75},"end":{"line":120,"column":null}}],"line":120},"17":{"loc":{"start":{"line":120,"column":75},"end":{"line":120,"column":null}},"type":"binary-expr","locations":[{"start":{"line":120,"column":75},"end":{"line":120,"column":99}},{"start":{"line":120,"column":99},"end":{"line":120,"column":null}}],"line":120},"18":{"loc":{"start":{"line":124,"column":17},"end":{"line":124,"column":null}},"type":"binary-expr","locations":[{"start":{"line":124,"column":17},"end":{"line":124,"column":39}},{"start":{"line":124,"column":39},"end":{"line":124,"column":null}}],"line":124},"19":{"loc":{"start":{"line":129,"column":12},"end":{"line":129,"column":null}},"type":"binary-expr","locations":[{"start":{"line":129,"column":12},"end":{"line":129,"column":35}},{"start":{"line":129,"column":35},"end":{"line":129,"column":null}}],"line":129},"20":{"loc":{"start":{"line":193,"column":19},"end":{"line":193,"column":null}},"type":"cond-expr","locations":[{"start":{"line":193,"column":32},"end":{"line":193,"column":36}},{"start":{"line":193,"column":36},"end":{"line":193,"column":null}}],"line":193},"21":{"loc":{"start":{"line":194,"column":21},"end":{"line":194,"column":null}},"type":"cond-expr","locations":[{"start":{"line":194,"column":34},"end":{"line":194,"column":52}},{"start":{"line":194,"column":52},"end":{"line":194,"column":null}}],"line":194},"22":{"loc":{"start":{"line":225,"column":19},"end":{"line":225,"column":null}},"type":"cond-expr","locations":[{"start":{"line":225,"column":30},"end":{"line":225,"column":42}},{"start":{"line":225,"column":42},"end":{"line":225,"column":null}}],"line":225},"23":{"loc":{"start":{"line":230,"column":11},"end":{"line":232,"column":null}},"type":"cond-expr","locations":[{"start":{"line":231,"column":14},"end":{"line":231,"column":null}},{"start":{"line":232,"column":14},"end":{"line":232,"column":null}}],"line":230},"24":{"loc":{"start":{"line":252,"column":21},"end":{"line":252,"column":null}},"type":"cond-expr","locations":[{"start":{"line":252,"column":35},"end":{"line":252,"column":39}},{"start":{"line":252,"column":39},"end":{"line":252,"column":null}}],"line":252},"25":{"loc":{"start":{"line":253,"column":23},"end":{"line":253,"column":null}},"type":"cond-expr","locations":[{"start":{"line":253,"column":37},"end":{"line":253,"column":55}},{"start":{"line":253,"column":55},"end":{"line":253,"column":null}}],"line":253},"26":{"loc":{"start":{"line":267,"column":11},"end":{"line":300,"column":null}},"type":"cond-expr","locations":[{"start":{"line":268,"column":12},"end":{"line":290,"column":13}},{"start":{"line":290,"column":12},"end":{"line":300,"column":null}}],"line":267},"27":{"loc":{"start":{"line":302,"column":11},"end":{"line":334,"column":null}},"type":"binary-expr","locations":[{"start":{"line":302,"column":11},"end":{"line":302,"column":null}},{"start":{"line":303,"column":12},"end":{"line":334,"column":null}}],"line":302},"28":{"loc":{"start":{"line":357,"column":29},"end":{"line":357,"column":null}},"type":"cond-expr","locations":[{"start":{"line":357,"column":43},"end":{"line":357,"column":47}},{"start":{"line":357,"column":47},"end":{"line":357,"column":null}}],"line":357},"29":{"loc":{"start":{"line":358,"column":31},"end":{"line":358,"column":null}},"type":"cond-expr","locations":[{"start":{"line":358,"column":45},"end":{"line":358,"column":63}},{"start":{"line":358,"column":63},"end":{"line":358,"column":null}}],"line":358},"30":{"loc":{"start":{"line":408,"column":23},"end":{"line":408,"column":null}},"type":"cond-expr","locations":[{"start":{"line":408,"column":40},"end":{"line":408,"column":44}},{"start":{"line":408,"column":44},"end":{"line":408,"column":null}}],"line":408},"31":{"loc":{"start":{"line":409,"column":25},"end":{"line":409,"column":null}},"type":"cond-expr","locations":[{"start":{"line":409,"column":42},"end":{"line":409,"column":60}},{"start":{"line":409,"column":60},"end":{"line":409,"column":null}}],"line":409},"32":{"loc":{"start":{"line":427,"column":13},"end":{"line":464,"column":null}},"type":"cond-expr","locations":[{"start":{"line":428,"column":14},"end":{"line":460,"column":15}},{"start":{"line":460,"column":14},"end":{"line":464,"column":null}}],"line":427},"33":{"loc":{"start":{"line":427,"column":13},"end":{"line":427,"column":null}},"type":"binary-expr","locations":[{"start":{"line":427,"column":13},"end":{"line":427,"column":44}},{"start":{"line":427,"column":44},"end":{"line":427,"column":null}}],"line":427},"34":{"loc":{"start":{"line":445,"column":25},"end":{"line":445,"column":null}},"type":"binary-expr","locations":[{"start":{"line":445,"column":25},"end":{"line":445,"column":39}},{"start":{"line":445,"column":39},"end":{"line":445,"column":54}},{"start":{"line":445,"column":54},"end":{"line":445,"column":null}}],"line":445},"35":{"loc":{"start":{"line":449,"column":31},"end":{"line":449,"column":47}},"type":"binary-expr","locations":[{"start":{"line":449,"column":31},"end":{"line":449,"column":46}},{"start":{"line":449,"column":46},"end":{"line":449,"column":47}}],"line":449},"36":{"loc":{"start":{"line":451,"column":21},"end":{"line":454,"column":null}},"type":"binary-expr","locations":[{"start":{"line":451,"column":21},"end":{"line":451,"column":null}},{"start":{"line":452,"column":22},"end":{"line":454,"column":null}}],"line":451},"37":{"loc":{"start":{"line":431,"column":25},"end":{"line":431,"column":null}},"type":"binary-expr","locations":[{"start":{"line":431,"column":25},"end":{"line":431,"column":36}},{"start":{"line":431,"column":36},"end":{"line":431,"column":null}}],"line":431}},"s":{"0":2,"1":2,"2":4,"3":4,"4":4,"5":0,"6":4,"7":0,"8":0,"9":0,"10":4,"11":4,"12":4,"13":4,"14":4,"15":4,"16":4,"17":4,"18":4,"19":0,"20":0,"21":0,"22":0,"23":0,"24":0,"25":0,"26":0,"27":0,"28":0,"29":0,"30":0,"31":0,"32":4,"33":0,"34":0,"35":0,"36":0,"37":2,"38":1,"39":1,"40":1,"41":1,"42":1,"43":1,"44":1,"45":1,"46":1,"47":1,"48":1,"49":1,"50":1,"51":1,"52":1,"53":5,"54":5,"55":1,"56":1,"57":5,"58":5,"59":3,"60":3,"61":0,"62":2},"f":{"0":4,"1":4,"2":0,"3":4,"4":4,"5":4,"6":0,"7":0,"8":0,"9":1,"10":5,"11":5,"12":5,"13":5,"14":3,"15":0},"b":{"0":[0,4],"1":[0,0],"2":[4],"3":[4],"4":[4,1],"5":[4,0],"6":[0,0],"7":[0,0],"8":[0,0,0],"9":[1],"10":[1],"11":[1],"12":[1],"13":[1],"14":[1],"15":[1,0],"16":[0,1],"17":[1,0],"18":[1,0],"19":[5,5],"20":[0,1],"21":[0,1],"22":[0,1],"23":[0,1],"24":[0,1],"25":[0,1],"26":[1,0],"27":[1,1],"28":[0,3],"29":[0,3],"30":[0,1],"31":[0,1],"32":[0,1],"33":[1,0],"34":[0,0,0],"35":[0,0],"36":[0,0],"37":[0,0]},"meta":{"lastBranch":38,"lastFunction":16,"lastStatement":63,"seen":{"s:19:19:19:Infinity":0,"s:21:23:27:Infinity":1,"f:29:9:29:19":0,"s:30:17:30:Infinity":2,"s:31:2:44:Infinity":3,"f:31:2:31:18":1,"b:32:4:32:Infinity:undefined:undefined:undefined:undefined":0,"s:32:4:32:Infinity":4,"s:32:22:32:Infinity":5,"s:33:21:41:Infinity":6,"f:33:25:33:Infinity":2,"b:35:8:38:Infinity:undefined:undefined:undefined:undefined":1,"s:35:8:38:Infinity":7,"s:36:10:36:Infinity":8,"s:37:10:37:Infinity":9,"s:42:4:42:Infinity":10,"s:43:4:43:Infinity":11,"f:43:4:43:17":3,"s:43:17:43:Infinity":12,"s:45:2:45:Infinity":13,"f:48:9:48:24":4,"b:48:44:48:47":2,"b:48:64:48:70":3,"s:49:17:49:Infinity":14,"b:49:17:49:34:49:34:49:Infinity":4,"s:50:18:50:Infinity":15,"s:51:2:68:Infinity":16,"f:51:2:51:18":5,"b:52:4:52:Infinity:undefined:undefined:undefined:undefined":5,"s:52:4:52:Infinity":17,"s:52:17:52:Infinity":18,"s:53:16:53:Infinity":19,"s:54:21:54:Infinity":20,"s:55:21:55:Infinity":21,"s:56:21:56:Infinity":22,"s:57:16:57:Infinity":23,"s:58:18:66:Infinity":24,"f:58:18:58:36":6,"s:59:6:59:Infinity":25,"b:60:6:65:Infinity:63:13:65:Infinity":6,"s:60:6:65:Infinity":26,"s:61:8:61:Infinity":27,"s:62:8:62:Infinity":28,"s:64:8:64:Infinity":29,"s:67:4:67:Infinity":30,"f:67:4:67:17":7,"s:67:17:67:Infinity":31,"s:69:2:73:Infinity":32,"f:77:9:77:23":8,"b:78:2:78:Infinity:undefined:undefined:undefined:undefined":7,"s:78:2:78:Infinity":33,"b:78:6:78:17:78:17:78:29:78:29:78:46":8,"s:78:46:78:Infinity":34,"s:79:12:79:Infinity":35,"s:80:2:96:Infinity":36,"s:100:6:472:Infinity":37,"f:100:6:100:19":9,"s:101:8:101:Infinity":38,"s:102:8:102:Infinity":39,"s:103:8:103:Infinity":40,"s:104:8:104:Infinity":41,"s:106:21:106:Infinity":42,"s:107:22:107:Infinity":43,"s:108:22:108:Infinity":44,"s:109:25:109:Infinity":45,"s:118:6:118:Infinity":46,"b:112:15:112:Infinity":9,"b:113:14:113:Infinity":10,"b:114:16:114:Infinity":11,"b:115:14:115:Infinity":12,"b:116:19:116:Infinity":13,"b:117:25:117:Infinity":14,"b:118:6:118:18:118:18:118:Infinity":15,"s:120:23:120:Infinity":47,"b:120:53:120:75:120:75:120:Infinity":16,"b:120:75:120:99:120:99:120:Infinity":17,"s:121:20:121:Infinity":48,"s:122:15:122:Infinity":49,"s:123:23:123:Infinity":50,"s:124:17:124:Infinity":51,"b:124:17:124:39:124:39:124:Infinity":18,"s:126:18:131:Infinity":52,"f:127:5:127:13":10,"s:127:23:127:28":53,"f:128:5:128:10":11,"s:128:28:131:6":54,"b:129:12:129:35:129:35:129:Infinity":19,"s:133:20:158:Infinity":55,"s:160:2:470:Infinity":56,"b:193:32:193:36:193:36:193:Infinity":20,"b:194:34:194:52:194:52:194:Infinity":21,"b:225:30:225:42:225:42:225:Infinity":22,"b:231:14:231:Infinity:232:14:232:Infinity":23,"b:252:35:252:39:252:39:252:Infinity":24,"b:253:37:253:55:253:55:253:Infinity":25,"b:268:12:290:13:290:12:300:Infinity":26,"f:282:27:282:32":12,"s:283:20:283:Infinity":57,"b:302:11:302:Infinity:303:12:334:Infinity":27,"f:312:23:312:28":13,"s:313:16:332:Infinity":58,"f:348:23:348:28":14,"s:349:27:349:Infinity":59,"s:350:14:395:Infinity":60,"b:357:43:357:47:357:47:357:Infinity":28,"b:358:45:358:63:358:63:358:Infinity":29,"b:408:40:408:44:408:44:408:Infinity":30,"b:409:42:409:60:409:60:409:Infinity":31,"b:428:14:460:15:460:14:464:Infinity":32,"b:427:13:427:44:427:44:427:Infinity":33,"f:429:42:429:47":15,"s:430:18:456:Infinity":61,"b:445:25:445:39:445:39:445:54:445:54:445:Infinity":34,"b:449:31:449:46:449:46:449:47":35,"b:451:21:451:Infinity:452:22:454:Infinity":36,"b:431:25:431:36:431:36:431:Infinity":37,"s:476:0:477:Infinity":62}}}
,"/Users/parvathi/Desktop/project2/src/components/Features.jsx": {"path":"/Users/parvathi/Desktop/project2/src/components/Features.jsx","statementMap":{"0":{"start":{"line":4,"column":20},"end":{"line":26,"column":null}},"1":{"start":{"line":28,"column":18},"end":{"line":32,"column":null}},"2":{"start":{"line":35,"column":17},"end":{"line":35,"column":null}},"3":{"start":{"line":36,"column":2},"end":{"line":49,"column":null}},"4":{"start":{"line":37,"column":4},"end":{"line":37,"column":null}},"5":{"start":{"line":37,"column":22},"end":{"line":37,"column":null}},"6":{"start":{"line":38,"column":21},"end":{"line":46,"column":null}},"7":{"start":{"line":40,"column":8},"end":{"line":43,"column":null}},"8":{"start":{"line":41,"column":10},"end":{"line":41,"column":null}},"9":{"start":{"line":42,"column":10},"end":{"line":42,"column":null}},"10":{"start":{"line":47,"column":4},"end":{"line":47,"column":null}},"11":{"start":{"line":48,"column":4},"end":{"line":48,"column":null}},"12":{"start":{"line":48,"column":17},"end":{"line":48,"column":null}},"13":{"start":{"line":50,"column":2},"end":{"line":50,"column":null}},"14":{"start":{"line":54,"column":18},"end":{"line":54,"column":null}},"15":{"start":{"line":55,"column":2},"end":{"line":72,"column":null}},"16":{"start":{"line":56,"column":4},"end":{"line":56,"column":null}},"17":{"start":{"line":56,"column":17},"end":{"line":56,"column":null}},"18":{"start":{"line":57,"column":16},"end":{"line":57,"column":null}},"19":{"start":{"line":58,"column":21},"end":{"line":58,"column":null}},"20":{"start":{"line":59,"column":21},"end":{"line":59,"column":null}},"21":{"start":{"line":60,"column":18},"end":{"line":60,"column":null}},"22":{"start":{"line":61,"column":22},"end":{"line":61,"column":null}},"23":{"start":{"line":62,"column":18},"end":{"line":70,"column":null}},"24":{"start":{"line":63,"column":6},"end":{"line":63,"column":null}},"25":{"start":{"line":64,"column":6},"end":{"line":69,"column":null}},"26":{"start":{"line":65,"column":8},"end":{"line":65,"column":null}},"27":{"start":{"line":66,"column":8},"end":{"line":66,"column":null}},"28":{"start":{"line":68,"column":8},"end":{"line":68,"column":null}},"29":{"start":{"line":71,"column":4},"end":{"line":71,"column":null}},"30":{"start":{"line":71,"column":17},"end":{"line":71,"column":null}},"31":{"start":{"line":74,"column":18},"end":{"line":76,"column":null}},"32":{"start":{"line":78,"column":2},"end":{"line":81,"column":null}},"33":{"start":{"line":86,"column":15},"end":{"line":86,"column":null}},"34":{"start":{"line":87,"column":8},"end":{"line":87,"column":null}},"35":{"start":{"line":89,"column":8},"end":{"line":94,"column":null}},"36":{"start":{"line":90,"column":17},"end":{"line":90,"column":null}},"37":{"start":{"line":91,"column":10},"end":{"line":91,"column":null}},"38":{"start":{"line":92,"column":10},"end":{"line":92,"column":null}},"39":{"start":{"line":93,"column":4},"end":{"line":93,"column":null}},"40":{"start":{"line":96,"column":8},"end":{"line":98,"column":null}},"41":{"start":{"line":97,"column":4},"end":{"line":97,"column":null}},"42":{"start":{"line":100,"column":15},"end":{"line":100,"column":null}},"43":{"start":{"line":102,"column":2},"end":{"line":184,"column":null}},"44":{"start":{"line":188,"column":6},"end":{"line":294,"column":null}},"45":{"start":{"line":189,"column":8},"end":{"line":189,"column":null}},"46":{"start":{"line":190,"column":8},"end":{"line":190,"column":null}},"47":{"start":{"line":191,"column":24},"end":{"line":191,"column":null}},"48":{"start":{"line":192,"column":22},"end":{"line":192,"column":null}},"49":{"start":{"line":194,"column":2},"end":{"line":292,"column":null}},"50":{"start":{"line":249,"column":10},"end":{"line":249,"column":null}},"51":{"start":{"line":263,"column":10},"end":{"line":289,"column":null}}},"fnMap":{"0":{"name":"useInView","decl":{"start":{"line":34,"column":9},"end":{"line":34,"column":19}},"loc":{"start":{"line":34,"column":38},"end":{"line":51,"column":null}},"line":34},"1":{"name":"(anonymous_1)","decl":{"start":{"line":36,"column":2},"end":{"line":36,"column":18}},"loc":{"start":{"line":36,"column":18},"end":{"line":49,"column":5}},"line":36},"2":{"name":"(anonymous_2)","decl":{"start":{"line":38,"column":25},"end":{"line":38,"column":null}},"loc":{"start":{"line":39,"column":19},"end":{"line":44,"column":null}},"line":39},"3":{"name":"(anonymous_3)","decl":{"start":{"line":48,"column":4},"end":{"line":48,"column":17}},"loc":{"start":{"line":48,"column":17},"end":{"line":48,"column":null}},"line":48},"4":{"name":"AnimatedCounter","decl":{"start":{"line":53,"column":9},"end":{"line":53,"column":25}},"loc":{"start":{"line":53,"column":53},"end":{"line":83,"column":null}},"line":53},"5":{"name":"(anonymous_5)","decl":{"start":{"line":55,"column":2},"end":{"line":55,"column":18}},"loc":{"start":{"line":55,"column":18},"end":{"line":72,"column":5}},"line":55},"6":{"name":"(anonymous_6)","decl":{"start":{"line":62,"column":18},"end":{"line":62,"column":36}},"loc":{"start":{"line":62,"column":36},"end":{"line":70,"column":7}},"line":62},"7":{"name":"(anonymous_7)","decl":{"start":{"line":71,"column":4},"end":{"line":71,"column":17}},"loc":{"start":{"line":71,"column":17},"end":{"line":71,"column":null}},"line":71},"8":{"name":"FeatureCard","decl":{"start":{"line":85,"column":9},"end":{"line":85,"column":21}},"loc":{"start":{"line":85,"column":46},"end":{"line":186,"column":null}},"line":85},"9":{"name":"(anonymous_9)","decl":{"start":{"line":89,"column":26},"end":{"line":89,"column":39}},"loc":{"start":{"line":89,"column":45},"end":{"line":94,"column":5}},"line":89},"10":{"name":"(anonymous_10)","decl":{"start":{"line":96,"column":27},"end":{"line":96,"column":45}},"loc":{"start":{"line":96,"column":45},"end":{"line":98,"column":5}},"line":96},"11":{"name":"(anonymous_11)","decl":{"start":{"line":188,"column":6},"end":{"line":188,"column":23}},"loc":{"start":{"line":188,"column":23},"end":{"line":294,"column":null}},"line":188},"12":{"name":"(anonymous_12)","decl":{"start":{"line":248,"column":21},"end":{"line":248,"column":26}},"loc":{"start":{"line":249,"column":10},"end":{"line":249,"column":null}},"line":249},"13":{"name":"(anonymous_13)","decl":{"start":{"line":262,"column":19},"end":{"line":262,"column":24}},"loc":{"start":{"line":263,"column":10},"end":{"line":289,"column":null}},"line":263}},"branchMap":{"0":{"loc":{"start":{"line":34,"column":24},"end":{"line":34,"column":38}},"type":"default-arg","locations":[{"start":{"line":34,"column":34},"end":{"line":34,"column":38}}],"line":34},"1":{"loc":{"start":{"line":37,"column":4},"end":{"line":37,"column":null}},"type":"if","locations":[{"start":{"line":37,"column":4},"end":{"line":37,"column":null}},{"start":{},"end":{}}],"line":37},"2":{"loc":{"start":{"line":40,"column":8},"end":{"line":43,"column":null}},"type":"if","locations":[{"start":{"line":40,"column":8},"end":{"line":43,"column":null}},{"start":{},"end":{}}],"line":40},"3":{"loc":{"start":{"line":56,"column":4},"end":{"line":56,"column":null}},"type":"if","locations":[{"start":{"line":56,"column":4},"end":{"line":56,"column":null}},{"start":{},"end":{}}],"line":56},"4":{"loc":{"start":{"line":64,"column":6},"end":{"line":69,"column":null}},"type":"if","locations":[{"start":{"line":64,"column":6},"end":{"line":69,"column":null}},{"start":{"line":67,"column":13},"end":{"line":69,"column":null}}],"line":64},"5":{"loc":{"start":{"line":74,"column":18},"end":{"line":76,"column":null}},"type":"cond-expr","locations":[{"start":{"line":75,"column":6},"end":{"line":75,"column":null}},{"start":{"line":76,"column":6},"end":{"line":76,"column":null}}],"line":74},"6":{"loc":{"start":{"line":118,"column":19},"end":{"line":120,"column":null}},"type":"cond-expr","locations":[{"start":{"line":119,"column":12},"end":{"line":119,"column":null}},{"start":{"line":120,"column":12},"end":{"line":120,"column":null}}],"line":118},"7":{"loc":{"start":{"line":121,"column":17},"end":{"line":121,"column":null}},"type":"cond-expr","locations":[{"start":{"line":121,"column":26},"end":{"line":121,"column":30}},{"start":{"line":121,"column":30},"end":{"line":121,"column":null}}],"line":121},"8":{"loc":{"start":{"line":218,"column":21},"end":{"line":218,"column":null}},"type":"cond-expr","locations":[{"start":{"line":218,"column":37},"end":{"line":218,"column":41}},{"start":{"line":218,"column":41},"end":{"line":218,"column":null}}],"line":218},"9":{"loc":{"start":{"line":219,"column":23},"end":{"line":219,"column":null}},"type":"cond-expr","locations":[{"start":{"line":219,"column":39},"end":{"line":219,"column":57}},{"start":{"line":219,"column":57},"end":{"line":219,"column":null}}],"line":219},"10":{"loc":{"start":{"line":231,"column":21},"end":{"line":231,"column":null}},"type":"cond-expr","locations":[{"start":{"line":231,"column":37},"end":{"line":231,"column":41}},{"start":{"line":231,"column":41},"end":{"line":231,"column":null}}],"line":231},"11":{"loc":{"start":{"line":232,"column":23},"end":{"line":232,"column":null}},"type":"cond-expr","locations":[{"start":{"line":232,"column":39},"end":{"line":232,"column":57}},{"start":{"line":232,"column":57},"end":{"line":232,"column":null}}],"line":232},"12":{"loc":{"start":{"line":269,"column":23},"end":{"line":269,"column":null}},"type":"cond-expr","locations":[{"start":{"line":269,"column":37},"end":{"line":269,"column":41}},{"start":{"line":269,"column":41},"end":{"line":269,"column":null}}],"line":269},"13":{"loc":{"start":{"line":270,"column":25},"end":{"line":270,"column":null}},"type":"cond-expr","locations":[{"start":{"line":270,"column":39},"end":{"line":270,"column":57}},{"start":{"line":270,"column":57},"end":{"line":270,"column":null}}],"line":270}},"s":{"0":1,"1":1,"2":4,"3":4,"4":4,"5":0,"6":4,"7":0,"8":0,"9":0,"10":4,"11":4,"12":4,"13":4,"14":6,"15":6,"16":6,"17":6,"18":0,"19":0,"20":0,"21":0,"22":0,"23":0,"24":0,"25":0,"26":0,"27":0,"28":0,"29":0,"30":0,"31":6,"32":6,"33":6,"34":6,"35":6,"36":0,"37":0,"38":0,"39":0,"40":6,"41":0,"42":6,"43":6,"44":1,"45":2,"46":2,"47":2,"48":2,"49":2,"50":6,"51":6},"f":{"0":4,"1":4,"2":0,"3":4,"4":6,"5":6,"6":0,"7":0,"8":6,"9":0,"10":0,"11":2,"12":6,"13":6},"b":{"0":[4],"1":[0,4],"2":[0,0],"3":[6,0],"4":[0,0],"5":[2,4],"6":[0,6],"7":[0,6],"8":[0,2],"9":[0,2],"10":[0,2],"11":[0,2],"12":[0,6],"13":[0,6]},"meta":{"lastBranch":14,"lastFunction":14,"lastStatement":52,"seen":{"s:4:20:26:Infinity":0,"s:28:18:32:Infinity":1,"f:34:9:34:19":0,"b:34:34:34:38":0,"s:35:17:35:Infinity":2,"s:36:2:49:Infinity":3,"f:36:2:36:18":1,"b:37:4:37:Infinity:undefined:undefined:undefined:undefined":1,"s:37:4:37:Infinity":4,"s:37:22:37:Infinity":5,"s:38:21:46:Infinity":6,"f:38:25:38:Infinity":2,"b:40:8:43:Infinity:undefined:undefined:undefined:undefined":2,"s:40:8:43:Infinity":7,"s:41:10:41:Infinity":8,"s:42:10:42:Infinity":9,"s:47:4:47:Infinity":10,"s:48:4:48:Infinity":11,"f:48:4:48:17":3,"s:48:17:48:Infinity":12,"s:50:2:50:Infinity":13,"f:53:9:53:25":4,"s:54:18:54:Infinity":14,"s:55:2:72:Infinity":15,"f:55:2:55:18":5,"b:56:4:56:Infinity:undefined:undefined:undefined:undefined":3,"s:56:4:56:Infinity":16,"s:56:17:56:Infinity":17,"s:57:16:57:Infinity":18,"s:58:21:58:Infinity":19,"s:59:21:59:Infinity":20,"s:60:18:60:Infinity":21,"s:61:22:61:Infinity":22,"s:62:18:70:Infinity":23,"f:62:18:62:36":6,"s:63:6:63:Infinity":24,"b:64:6:69:Infinity:67:13:69:Infinity":4,"s:64:6:69:Infinity":25,"s:65:8:65:Infinity":26,"s:66:8:66:Infinity":27,"s:68:8:68:Infinity":28,"s:71:4:71:Infinity":29,"f:71:4:71:17":7,"s:71:17:71:Infinity":30,"s:74:18:76:Infinity":31,"b:75:6:75:Infinity:76:6:76:Infinity":5,"s:78:2:81:Infinity":32,"f:85:9:85:21":8,"s:86:15:86:Infinity":33,"s:87:8:87:Infinity":34,"s:89:8:94:Infinity":35,"f:89:26:89:39":9,"s:90:17:90:Infinity":36,"s:91:10:91:Infinity":37,"s:92:10:92:Infinity":38,"s:93:4:93:Infinity":39,"s:96:8:98:Infinity":40,"f:96:27:96:45":10,"s:97:4:97:Infinity":41,"s:100:15:100:Infinity":42,"s:102:2:184:Infinity":43,"b:119:12:119:Infinity:120:12:120:Infinity":6,"b:121:26:121:30:121:30:121:Infinity":7,"s:188:6:294:Infinity":44,"f:188:6:188:23":11,"s:189:8:189:Infinity":45,"s:190:8:190:Infinity":46,"s:191:24:191:Infinity":47,"s:192:22:192:Infinity":48,"s:194:2:292:Infinity":49,"b:218:37:218:41:218:41:218:Infinity":8,"b:219:39:219:57:219:57:219:Infinity":9,"b:231:37:231:41:231:41:231:Infinity":10,"b:232:39:232:57:232:57:232:Infinity":11,"f:248:21:248:26":12,"s:249:10:249:Infinity":50,"f:262:19:262:24":13,"s:263:10:289:Infinity":51,"b:269:37:269:41:269:41:269:Infinity":12,"b:270:39:270:57:270:57:270:Infinity":13}}}
,"/Users/parvathi/Desktop/project2/src/components/Footer.jsx": {"path":"/Users/parvathi/Desktop/project2/src/components/Footer.jsx","statementMap":{"0":{"start":{"line":3,"column":6},"end":{"line":7,"column":null}},"1":{"start":{"line":4,"column":2},"end":{"line":7,"column":null}},"2":{"start":{"line":10,"column":6},"end":{"line":14,"column":null}},"3":{"start":{"line":11,"column":2},"end":{"line":14,"column":null}},"4":{"start":{"line":17,"column":6},"end":{"line":20,"column":null}},"5":{"start":{"line":18,"column":2},"end":{"line":20,"column":null}},"6":{"start":{"line":23,"column":16},"end":{"line":40,"column":null}},"7":{"start":{"line":43,"column":6},"end":{"line":182,"column":null}},"8":{"start":{"line":44,"column":20},"end":{"line":52,"column":null}},"9":{"start":{"line":54,"column":2},"end":{"line":180,"column":null}},"10":{"start":{"line":136,"column":12},"end":{"line":164,"column":null}},"11":{"start":{"line":151,"column":32},"end":{"line":151,"column":null}},"12":{"start":{"line":152,"column":32},"end":{"line":152,"column":null}},"13":{"start":{"line":153,"column":31},"end":{"line":153,"column":null}},"14":{"start":{"line":154,"column":18},"end":{"line":160,"column":null}}},"fnMap":{"0":{"name":"(anonymous_0)","decl":{"start":{"line":3,"column":6},"end":{"line":3,"column":null}},"loc":{"start":{"line":4,"column":2},"end":{"line":7,"column":null}},"line":4},"1":{"name":"(anonymous_1)","decl":{"start":{"line":10,"column":6},"end":{"line":10,"column":null}},"loc":{"start":{"line":11,"column":2},"end":{"line":14,"column":null}},"line":11},"2":{"name":"(anonymous_2)","decl":{"start":{"line":17,"column":6},"end":{"line":17,"column":null}},"loc":{"start":{"line":18,"column":2},"end":{"line":20,"column":null}},"line":18},"3":{"name":"(anonymous_3)","decl":{"start":{"line":43,"column":6},"end":{"line":43,"column":21}},"loc":{"start":{"line":43,"column":21},"end":{"line":182,"column":null}},"line":43},"4":{"name":"(anonymous_4)","decl":{"start":{"line":135,"column":19},"end":{"line":135,"column":24}},"loc":{"start":{"line":136,"column":12},"end":{"line":164,"column":null}},"line":136},"5":{"name":"(anonymous_5)","decl":{"start":{"line":150,"column":27},"end":{"line":150,"column":32}},"loc":{"start":{"line":150,"column":41},"end":{"line":162,"column":17}},"line":150}},"branchMap":{"0":{"loc":{"start":{"line":152,"column":32},"end":{"line":152,"column":null}},"type":"cond-expr","locations":[{"start":{"line":152,"column":40},"end":{"line":152,"column":53}},{"start":{"line":152,"column":53},"end":{"line":152,"column":null}}],"line":152},"1":{"loc":{"start":{"line":153,"column":31},"end":{"line":153,"column":null}},"type":"cond-expr","locations":[{"start":{"line":153,"column":39},"end":{"line":153,"column":51}},{"start":{"line":153,"column":51},"end":{"line":153,"column":null}}],"line":153},"2":{"loc":{"start":{"line":157,"column":25},"end":{"line":158,"column":null}},"type":"binary-expr","locations":[{"start":{"line":157,"column":25},"end":{"line":157,"column":33}},{"start":{"line":157,"column":33},"end":{"line":158,"column":null}}],"line":157}},"s":{"0":1,"1":2,"2":1,"3":2,"4":1,"5":2,"6":1,"7":1,"8":2,"9":2,"10":6,"11":18,"12":18,"13":18,"14":18},"f":{"0":2,"1":2,"2":2,"3":2,"4":6,"5":18},"b":{"0":[6,12],"1":[6,12],"2":[18,6]},"meta":{"lastBranch":3,"lastFunction":6,"lastStatement":15,"seen":{"s:3:6:7:Infinity":0,"f:3:6:3:Infinity":0,"s:4:2:7:Infinity":1,"s:10:6:14:Infinity":2,"f:10:6:10:Infinity":1,"s:11:2:14:Infinity":3,"s:17:6:20:Infinity":4,"f:17:6:17:Infinity":2,"s:18:2:20:Infinity":5,"s:23:16:40:Infinity":6,"s:43:6:182:Infinity":7,"f:43:6:43:21":3,"s:44:20:52:Infinity":8,"s:54:2:180:Infinity":9,"f:135:19:135:24":4,"s:136:12:164:Infinity":10,"f:150:27:150:32":5,"s:151:32:151:Infinity":11,"s:152:32:152:Infinity":12,"b:152:40:152:53:152:53:152:Infinity":0,"s:153:31:153:Infinity":13,"b:153:39:153:51:153:51:153:Infinity":1,"s:154:18:160:Infinity":14,"b:157:25:157:33:157:33:158:Infinity":2}}}
,"/Users/parvathi/Desktop/project2/src/components/Hero.jsx": {"path":"/Users/parvathi/Desktop/project2/src/components/Hero.jsx","statementMap":{"0":{"start":{"line":12,"column":6},"end":{"line":267,"column":null}},"1":{"start":{"line":13,"column":8},"end":{"line":13,"column":null}},"2":{"start":{"line":14,"column":8},"end":{"line":14,"column":null}},"3":{"start":{"line":15,"column":23},"end":{"line":15,"column":null}},"4":{"start":{"line":17,"column":19},"end":{"line":17,"column":null}},"5":{"start":{"line":18,"column":16},"end":{"line":18,"column":null}},"6":{"start":{"line":20,"column":2},"end":{"line":28,"column":null}},"7":{"start":{"line":21,"column":12},"end":{"line":21,"column":null}},"8":{"start":{"line":22,"column":21},"end":{"line":26,"column":null}},"9":{"start":{"line":23,"column":6},"end":{"line":23,"column":null}},"10":{"start":{"line":24,"column":6},"end":{"line":24,"column":null}},"11":{"start":{"line":25,"column":6},"end":{"line":25,"column":null}},"12":{"start":{"line":25,"column":29},"end":{"line":25,"column":null}},"13":{"start":{"line":27,"column":4},"end":{"line":27,"column":null}},"14":{"start":{"line":27,"column":17},"end":{"line":27,"column":null}},"15":{"start":{"line":30,"column":8},"end":{"line":76,"column":null}},"16":{"start":{"line":31,"column":19},"end":{"line":31,"column":null}},"17":{"start":{"line":32,"column":4},"end":{"line":32,"column":null}},"18":{"start":{"line":32,"column":17},"end":{"line":32,"column":null}},"19":{"start":{"line":33,"column":16},"end":{"line":33,"column":null}},"20":{"start":{"line":34,"column":17},"end":{"line":34,"column":null}},"21":{"start":{"line":35,"column":18},"end":{"line":35,"column":null}},"22":{"start":{"line":37,"column":22},"end":{"line":44,"column":null}},"23":{"start":{"line":37,"column":56},"end":{"line":44,"column":6}},"24":{"start":{"line":46,"column":10},"end":{"line":49,"column":null}},"25":{"start":{"line":47,"column":6},"end":{"line":47,"column":null}},"26":{"start":{"line":48,"column":6},"end":{"line":48,"column":null}},"27":{"start":{"line":50,"column":4},"end":{"line":50,"column":null}},"28":{"start":{"line":52,"column":10},"end":{"line":69,"column":null}},"29":{"start":{"line":53,"column":6},"end":{"line":53,"column":null}},"30":{"start":{"line":54,"column":6},"end":{"line":67,"column":null}},"31":{"start":{"line":55,"column":8},"end":{"line":55,"column":null}},"32":{"start":{"line":56,"column":8},"end":{"line":56,"column":null}},"33":{"start":{"line":57,"column":8},"end":{"line":60,"column":null}},"34":{"start":{"line":58,"column":10},"end":{"line":58,"column":null}},"35":{"start":{"line":59,"column":10},"end":{"line":59,"column":null}},"36":{"start":{"line":61,"column":8},"end":{"line":61,"column":null}},"37":{"start":{"line":61,"column":23},"end":{"line":61,"column":null}},"38":{"start":{"line":62,"column":8},"end":{"line":62,"column":null}},"39":{"start":{"line":62,"column":30},"end":{"line":62,"column":null}},"40":{"start":{"line":63,"column":8},"end":{"line":63,"column":null}},"41":{"start":{"line":64,"column":8},"end":{"line":64,"column":null}},"42":{"start":{"line":65,"column":8},"end":{"line":65,"column":null}},"43":{"start":{"line":66,"column":8},"end":{"line":66,"column":null}},"44":{"start":{"line":68,"column":6},"end":{"line":68,"column":null}},"45":{"start":{"line":70,"column":4},"end":{"line":70,"column":null}},"46":{"start":{"line":72,"column":4},"end":{"line":75,"column":null}},"47":{"start":{"line":73,"column":6},"end":{"line":73,"column":null}},"48":{"start":{"line":74,"column":6},"end":{"line":74,"column":null}},"49":{"start":{"line":74,"column":32},"end":{"line":74,"column":null}},"50":{"start":{"line":78,"column":2},"end":{"line":81,"column":null}},"51":{"start":{"line":79,"column":20},"end":{"line":79,"column":null}},"52":{"start":{"line":80,"column":4},"end":{"line":80,"column":null}},"53":{"start":{"line":83,"column":17},"end":{"line":189,"column":null}},"54":{"start":{"line":135,"column":24},"end":{"line":141,"column":null}},"55":{"start":{"line":191,"column":2},"end":{"line":265,"column":null}},"56":{"start":{"line":237,"column":12},"end":{"line":243,"column":null}},"57":{"start":{"line":271,"column":0},"end":{"line":272,"column":null}}},"fnMap":{"0":{"name":"(anonymous_0)","decl":{"start":{"line":12,"column":6},"end":{"line":12,"column":14}},"loc":{"start":{"line":12,"column":30},"end":{"line":267,"column":null}},"line":12},"1":{"name":"(anonymous_1)","decl":{"start":{"line":20,"column":2},"end":{"line":20,"column":18}},"loc":{"start":{"line":20,"column":18},"end":{"line":28,"column":5}},"line":20},"2":{"name":"(anonymous_2)","decl":{"start":{"line":22,"column":21},"end":{"line":22,"column":39}},"loc":{"start":{"line":22,"column":39},"end":{"line":26,"column":7}},"line":22},"3":{"name":"(anonymous_3)","decl":{"start":{"line":27,"column":4},"end":{"line":27,"column":17}},"loc":{"start":{"line":27,"column":17},"end":{"line":27,"column":null}},"line":27},"4":{"name":"(anonymous_4)","decl":{"start":{"line":30,"column":24},"end":{"line":30,"column":42}},"loc":{"start":{"line":30,"column":42},"end":{"line":76,"column":5}},"line":30},"5":{"name":"(anonymous_5)","decl":{"start":{"line":37,"column":46},"end":{"line":37,"column":56}},"loc":{"start":{"line":37,"column":56},"end":{"line":44,"column":6}},"line":37},"6":{"name":"(anonymous_6)","decl":{"start":{"line":46,"column":10},"end":{"line":46,"column":31}},"loc":{"start":{"line":46,"column":31},"end":{"line":49,"column":null}},"line":46},"7":{"name":"(anonymous_7)","decl":{"start":{"line":52,"column":10},"end":{"line":52,"column":23}},"loc":{"start":{"line":52,"column":23},"end":{"line":69,"column":null}},"line":52},"8":{"name":"(anonymous_8)","decl":{"start":{"line":72,"column":4},"end":{"line":72,"column":17}},"loc":{"start":{"line":72,"column":17},"end":{"line":75,"column":null}},"line":72},"9":{"name":"(anonymous_9)","decl":{"start":{"line":78,"column":2},"end":{"line":78,"column":18}},"loc":{"start":{"line":78,"column":18},"end":{"line":81,"column":5}},"line":78},"10":{"name":"(anonymous_10)","decl":{"start":{"line":135,"column":4},"end":{"line":135,"column":11}},"loc":{"start":{"line":135,"column":24},"end":{"line":141,"column":null}},"line":135},"11":{"name":"(anonymous_11)","decl":{"start":{"line":236,"column":17},"end":{"line":236,"column":22}},"loc":{"start":{"line":237,"column":12},"end":{"line":243,"column":null}},"line":237}},"branchMap":{"0":{"loc":{"start":{"line":25,"column":6},"end":{"line":25,"column":null}},"type":"if","locations":[{"start":{"line":25,"column":6},"end":{"line":25,"column":null}},{"start":{},"end":{}}],"line":25},"1":{"loc":{"start":{"line":32,"column":4},"end":{"line":32,"column":null}},"type":"if","locations":[{"start":{"line":32,"column":4},"end":{"line":32,"column":null}},{"start":{},"end":{}}],"line":32},"2":{"loc":{"start":{"line":57,"column":8},"end":{"line":60,"column":null}},"type":"if","locations":[{"start":{"line":57,"column":8},"end":{"line":60,"column":null}},{"start":{},"end":{}}],"line":57},"3":{"loc":{"start":{"line":61,"column":8},"end":{"line":61,"column":null}},"type":"if","locations":[{"start":{"line":61,"column":8},"end":{"line":61,"column":null}},{"start":{},"end":{}}],"line":61},"4":{"loc":{"start":{"line":62,"column":8},"end":{"line":62,"column":null}},"type":"if","locations":[{"start":{"line":62,"column":8},"end":{"line":62,"column":null}},{"start":{},"end":{}}],"line":62},"5":{"loc":{"start":{"line":74,"column":6},"end":{"line":74,"column":null}},"type":"if","locations":[{"start":{"line":74,"column":6},"end":{"line":74,"column":null}},{"start":{},"end":{}}],"line":74},"6":{"loc":{"start":{"line":138,"column":15},"end":{"line":138,"column":null}},"type":"cond-expr","locations":[{"start":{"line":138,"column":25},"end":{"line":138,"column":29}},{"start":{"line":138,"column":29},"end":{"line":138,"column":null}}],"line":138},"7":{"loc":{"start":{"line":139,"column":17},"end":{"line":139,"column":null}},"type":"cond-expr","locations":[{"start":{"line":139,"column":27},"end":{"line":139,"column":45}},{"start":{"line":139,"column":45},"end":{"line":139,"column":null}}],"line":139},"8":{"loc":{"start":{"line":148,"column":15},"end":{"line":148,"column":null}},"type":"cond-expr","locations":[{"start":{"line":148,"column":46},"end":{"line":148,"column":50}},{"start":{"line":148,"column":50},"end":{"line":148,"column":null}}],"line":148},"9":{"loc":{"start":{"line":149,"column":17},"end":{"line":149,"column":null}},"type":"cond-expr","locations":[{"start":{"line":149,"column":48},"end":{"line":149,"column":66}},{"start":{"line":149,"column":66},"end":{"line":149,"column":null}}],"line":149},"10":{"loc":{"start":{"line":153,"column":15},"end":{"line":153,"column":null}},"type":"cond-expr","locations":[{"start":{"line":153,"column":46},"end":{"line":153,"column":50}},{"start":{"line":153,"column":50},"end":{"line":153,"column":null}}],"line":153},"11":{"loc":{"start":{"line":154,"column":17},"end":{"line":154,"column":null}},"type":"cond-expr","locations":[{"start":{"line":154,"column":48},"end":{"line":154,"column":66}},{"start":{"line":154,"column":66},"end":{"line":154,"column":null}}],"line":154},"12":{"loc":{"start":{"line":227,"column":19},"end":{"line":227,"column":null}},"type":"cond-expr","locations":[{"start":{"line":227,"column":38},"end":{"line":227,"column":42}},{"start":{"line":227,"column":42},"end":{"line":227,"column":null}}],"line":227},"13":{"loc":{"start":{"line":239,"column":22},"end":{"line":239,"column":null}},"type":"cond-expr","locations":[{"start":{"line":239,"column":58},"end":{"line":239,"column":70}},{"start":{"line":239,"column":70},"end":{"line":239,"column":null}}],"line":239},"14":{"loc":{"start":{"line":239,"column":22},"end":{"line":239,"column":58}},"type":"binary-expr","locations":[{"start":{"line":239,"column":22},"end":{"line":239,"column":40}},{"start":{"line":239,"column":40},"end":{"line":239,"column":58}}],"line":239},"15":{"loc":{"start":{"line":240,"column":27},"end":{"line":240,"column":null}},"type":"cond-expr","locations":[{"start":{"line":240,"column":63},"end":{"line":240,"column":97}},{"start":{"line":240,"column":97},"end":{"line":240,"column":null}}],"line":240},"16":{"loc":{"start":{"line":240,"column":27},"end":{"line":240,"column":63}},"type":"binary-expr","locations":[{"start":{"line":240,"column":27},"end":{"line":240,"column":45}},{"start":{"line":240,"column":45},"end":{"line":240,"column":63}}],"line":240}},"s":{"0":1,"1":2,"2":2,"3":2,"4":2,"5":2,"6":2,"7":2,"8":2,"9":0,"10":0,"11":0,"12":0,"13":2,"14":2,"15":2,"16":2,"17":2,"18":0,"19":2,"20":2,"21":2,"22":2,"23":160,"24":2,"25":0,"26":0,"27":2,"28":2,"29":2,"30":2,"31":160,"32":160,"33":160,"34":0,"35":0,"36":160,"37":0,"38":160,"39":0,"40":160,"41":160,"42":160,"43":160,"44":2,"45":2,"46":2,"47":2,"48":2,"49":2,"50":2,"51":2,"52":2,"53":2,"54":12,"55":2,"56":12,"57":1},"f":{"0":2,"1":2,"2":0,"3":2,"4":2,"5":160,"6":0,"7":2,"8":2,"9":2,"10":12,"11":12},"b":{"0":[0,0],"1":[0,2],"2":[0,160],"3":[0,160],"4":[0,160],"5":[2,0],"6":[0,12],"7":[0,12],"8":[0,2],"9":[0,2],"10":[0,2],"11":[0,2],"12":[0,2],"13":[4,8],"14":[12,10],"15":[4,8],"16":[12,10]},"meta":{"lastBranch":17,"lastFunction":12,"lastStatement":58,"seen":{"s:12:6:267:Infinity":0,"f:12:6:12:14":0,"s:13:8:13:Infinity":1,"s:14:8:14:Infinity":2,"s:15:23:15:Infinity":3,"s:17:19:17:Infinity":4,"s:18:16:18:Infinity":5,"s:20:2:28:Infinity":6,"f:20:2:20:18":1,"s:21:12:21:Infinity":7,"s:22:21:26:Infinity":8,"f:22:21:22:39":2,"s:23:6:23:Infinity":9,"s:24:6:24:Infinity":10,"b:25:6:25:Infinity:undefined:undefined:undefined:undefined":0,"s:25:6:25:Infinity":11,"s:25:29:25:Infinity":12,"s:27:4:27:Infinity":13,"f:27:4:27:17":3,"s:27:17:27:Infinity":14,"s:30:8:76:Infinity":15,"f:30:24:30:42":4,"s:31:19:31:Infinity":16,"b:32:4:32:Infinity:undefined:undefined:undefined:undefined":1,"s:32:4:32:Infinity":17,"s:32:17:32:Infinity":18,"s:33:16:33:Infinity":19,"s:34:17:34:Infinity":20,"s:35:18:35:Infinity":21,"s:37:22:44:Infinity":22,"f:37:46:37:56":5,"s:37:56:44:6":23,"s:46:10:49:Infinity":24,"f:46:10:46:31":6,"s:47:6:47:Infinity":25,"s:48:6:48:Infinity":26,"s:50:4:50:Infinity":27,"s:52:10:69:Infinity":28,"f:52:10:52:23":7,"s:53:6:53:Infinity":29,"s:54:6:67:Infinity":30,"s:55:8:55:Infinity":31,"s:56:8:56:Infinity":32,"b:57:8:60:Infinity:undefined:undefined:undefined:undefined":2,"s:57:8:60:Infinity":33,"s:58:10:58:Infinity":34,"s:59:10:59:Infinity":35,"b:61:8:61:Infinity:undefined:undefined:undefined:undefined":3,"s:61:8:61:Infinity":36,"s:61:23:61:Infinity":37,"b:62:8:62:Infinity:undefined:undefined:undefined:undefined":4,"s:62:8:62:Infinity":38,"s:62:30:62:Infinity":39,"s:63:8:63:Infinity":40,"s:64:8:64:Infinity":41,"s:65:8:65:Infinity":42,"s:66:8:66:Infinity":43,"s:68:6:68:Infinity":44,"s:70:4:70:Infinity":45,"s:72:4:75:Infinity":46,"f:72:4:72:17":8,"s:73:6:73:Infinity":47,"b:74:6:74:Infinity:undefined:undefined:undefined:undefined":5,"s:74:6:74:Infinity":48,"s:74:32:74:Infinity":49,"s:78:2:81:Infinity":50,"f:78:2:78:18":9,"s:79:20:79:Infinity":51,"s:80:4:80:Infinity":52,"s:83:17:189:Infinity":53,"f:135:4:135:11":10,"s:135:24:141:Infinity":54,"b:138:25:138:29:138:29:138:Infinity":6,"b:139:27:139:45:139:45:139:Infinity":7,"b:148:46:148:50:148:50:148:Infinity":8,"b:149:48:149:66:149:66:149:Infinity":9,"b:153:46:153:50:153:50:153:Infinity":10,"b:154:48:154:66:154:66:154:Infinity":11,"s:191:2:265:Infinity":55,"b:227:38:227:42:227:42:227:Infinity":12,"f:236:17:236:22":11,"s:237:12:243:Infinity":56,"b:239:58:239:70:239:70:239:Infinity":13,"b:239:22:239:40:239:40:239:58":14,"b:240:63:240:97:240:97:240:Infinity":15,"b:240:27:240:45:240:45:240:63":16,"s:271:0:272:Infinity":57}}}
,"/Users/parvathi/Desktop/project2/src/data/calculatorSteps.js": {"path":"/Users/parvathi/Desktop/project2/src/data/calculatorSteps.js","statementMap":{"0":{"start":{"line":14,"column":21},"end":{"line":78,"column":null}}},"fnMap":{},"branchMap":{},"s":{"0":2},"f":{},"b":{},"meta":{"lastBranch":0,"lastFunction":0,"lastStatement":1,"seen":{"s:14:21:78:Infinity":0}}}
,"/Users/parvathi/Desktop/project2/src/data/ecoActions.js": {"path":"/Users/parvathi/Desktop/project2/src/data/ecoActions.js","statementMap":{"0":{"start":{"line":19,"column":23},"end":{"line":30,"column":null}}},"fnMap":{},"branchMap":{},"s":{"0":3},"f":{},"b":{},"meta":{"lastBranch":0,"lastFunction":0,"lastStatement":1,"seen":{"s:19:23:30:Infinity":0}}}
,"/Users/parvathi/Desktop/project2/src/hooks/useLocalStorage.js": {"path":"/Users/parvathi/Desktop/project2/src/hooks/useLocalStorage.js","statementMap":{"0":{"start":{"line":6,"column":22},"end":{"line":26,"column":null}},"1":{"start":{"line":7,"column":4},"end":{"line":9,"column":null}},"2":{"start":{"line":8,"column":6},"end":{"line":8,"column":null}},"3":{"start":{"line":10,"column":4},"end":{"line":25,"column":null}},"4":{"start":{"line":11,"column":19},"end":{"line":11,"column":null}},"5":{"start":{"line":12,"column":6},"end":{"line":20,"column":null}},"6":{"start":{"line":13,"column":23},"end":{"line":13,"column":null}},"7":{"start":{"line":15,"column":8},"end":{"line":18,"column":null}},"8":{"start":{"line":16,"column":10},"end":{"line":16,"column":null}},"9":{"start":{"line":17,"column":10},"end":{"line":17,"column":null}},"10":{"start":{"line":19,"column":8},"end":{"line":19,"column":null}},"11":{"start":{"line":21,"column":6},"end":{"line":21,"column":null}},"12":{"start":{"line":23,"column":6},"end":{"line":23,"column":null}},"13":{"start":{"line":24,"column":6},"end":{"line":24,"column":null}},"14":{"start":{"line":30,"column":8},"end":{"line":45,"column":null}},"15":{"start":{"line":31,"column":4},"end":{"line":44,"column":null}},"16":{"start":{"line":33,"column":27},"end":{"line":33,"column":null}},"17":{"start":{"line":34,"column":6},"end":{"line":34,"column":null}},"18":{"start":{"line":35,"column":6},"end":{"line":41,"column":null}},"19":{"start":{"line":36,"column":8},"end":{"line":40,"column":null}},"20":{"start":{"line":37,"column":10},"end":{"line":37,"column":null}},"21":{"start":{"line":39,"column":10},"end":{"line":39,"column":null}},"22":{"start":{"line":43,"column":6},"end":{"line":43,"column":null}},"23":{"start":{"line":47,"column":2},"end":{"line":47,"column":null}}},"fnMap":{"0":{"name":"useLocalStorage","decl":{"start":{"line":3,"column":9},"end":{"line":3,"column":25}},"loc":{"start":{"line":3,"column":44},"end":{"line":48,"column":null}},"line":3},"1":{"name":"(anonymous_1)","decl":{"start":{"line":6,"column":40},"end":{"line":6,"column":55}},"loc":{"start":{"line":6,"column":55},"end":{"line":26,"column":3}},"line":6},"2":{"name":"(anonymous_2)","decl":{"start":{"line":30,"column":8},"end":{"line":30,"column":20}},"loc":{"start":{"line":30,"column":30},"end":{"line":45,"column":null}},"line":30}},"branchMap":{"0":{"loc":{"start":{"line":7,"column":4},"end":{"line":9,"column":null}},"type":"if","locations":[{"start":{"line":7,"column":4},"end":{"line":9,"column":null}},{"start":{},"end":{}}],"line":7},"1":{"loc":{"start":{"line":12,"column":6},"end":{"line":20,"column":null}},"type":"if","locations":[{"start":{"line":12,"column":6},"end":{"line":20,"column":null}},{"start":{},"end":{}}],"line":12},"2":{"loc":{"start":{"line":15,"column":8},"end":{"line":18,"column":null}},"type":"if","locations":[{"start":{"line":15,"column":8},"end":{"line":18,"column":null}},{"start":{},"end":{}}],"line":15},"3":{"loc":{"start":{"line":15,"column":12},"end":{"line":15,"column":63}},"type":"binary-expr","locations":[{"start":{"line":15,"column":12},"end":{"line":15,"column":22}},{"start":{"line":15,"column":22},"end":{"line":15,"column":63}}],"line":15},"4":{"loc":{"start":{"line":33,"column":27},"end":{"line":33,"column":null}},"type":"cond-expr","locations":[{"start":{"line":33,"column":55},"end":{"line":33,"column":76}},{"start":{"line":33,"column":76},"end":{"line":33,"column":null}}],"line":33},"5":{"loc":{"start":{"line":35,"column":6},"end":{"line":41,"column":null}},"type":"if","locations":[{"start":{"line":35,"column":6},"end":{"line":41,"column":null}},{"start":{},"end":{}}],"line":35},"6":{"loc":{"start":{"line":36,"column":8},"end":{"line":40,"column":null}},"type":"if","locations":[{"start":{"line":36,"column":8},"end":{"line":40,"column":null}},{"start":{"line":38,"column":15},"end":{"line":40,"column":null}}],"line":36}},"s":{"0":8,"1":6,"2":0,"3":6,"4":6,"5":6,"6":2,"7":2,"8":0,"9":0,"10":2,"11":4,"12":0,"13":0,"14":8,"15":2,"16":2,"17":2,"18":2,"19":2,"20":1,"21":1,"22":0,"23":8},"f":{"0":8,"1":6,"2":2},"b":{"0":[0,6],"1":[2,4],"2":[0,2],"3":[2,2],"4":[0,2],"5":[2,0],"6":[1,1]},"meta":{"lastBranch":7,"lastFunction":3,"lastStatement":24,"seen":{"f:3:9:3:25":0,"s:6:22:26:Infinity":0,"f:6:40:6:55":1,"b:7:4:9:Infinity:undefined:undefined:undefined:undefined":0,"s:7:4:9:Infinity":1,"s:8:6:8:Infinity":2,"s:10:4:25:Infinity":3,"s:11:19:11:Infinity":4,"b:12:6:20:Infinity:undefined:undefined:undefined:undefined":1,"s:12:6:20:Infinity":5,"s:13:23:13:Infinity":6,"b:15:8:18:Infinity:undefined:undefined:undefined:undefined":2,"s:15:8:18:Infinity":7,"b:15:12:15:22:15:22:15:63":3,"s:16:10:16:Infinity":8,"s:17:10:17:Infinity":9,"s:19:8:19:Infinity":10,"s:21:6:21:Infinity":11,"s:23:6:23:Infinity":12,"s:24:6:24:Infinity":13,"s:30:8:45:Infinity":14,"f:30:8:30:20":2,"s:31:4:44:Infinity":15,"s:33:27:33:Infinity":16,"b:33:55:33:76:33:76:33:Infinity":4,"s:34:6:34:Infinity":17,"b:35:6:41:Infinity:undefined:undefined:undefined:undefined":5,"s:35:6:41:Infinity":18,"b:36:8:40:Infinity:38:15:40:Infinity":6,"s:36:8:40:Infinity":19,"s:37:10:37:Infinity":20,"s:39:10:39:Infinity":21,"s:43:6:43:Infinity":22,"s:47:2:47:Infinity":23}}}
}
