{"/Users/parvathi/Desktop/project2/src/App.jsx": {"path":"/Users/parvathi/Desktop/project2/src/App.jsx","statementMap":{"0":{"start":{"line":11,"column":19},"end":{"line":11,"column":null}},"1":{"start":{"line":12,"column":25},"end":{"line":12,"column":null}},"2":{"start":{"line":13,"column":22},"end":{"line":13,"column":null}},"3":{"start":{"line":14,"column":8},"end":{"line":14,"column":null}},"4":{"start":{"line":16,"column":2},"end":{"line":22,"column":null}},"5":{"start":{"line":17,"column":10},"end":{"line":19,"column":null}},"6":{"start":{"line":18,"column":6},"end":{"line":18,"column":null}},"7":{"start":{"line":20,"column":4},"end":{"line":20,"column":null}},"8":{"start":{"line":21,"column":4},"end":{"line":21,"column":null}},"9":{"start":{"line":21,"column":17},"end":{"line":21,"column":null}},"10":{"start":{"line":25,"column":2},"end":{"line":40,"column":null}},"11":{"start":{"line":26,"column":21},"end":{"line":35,"column":null}},"12":{"start":{"line":28,"column":8},"end":{"line":32,"column":null}},"13":{"start":{"line":29,"column":10},"end":{"line":31,"column":null}},"14":{"start":{"line":30,"column":12},"end":{"line":30,"column":null}},"15":{"start":{"line":36,"column":4},"end":{"line":38,"column":null}},"16":{"start":{"line":37,"column":6},"end":{"line":37,"column":null}},"17":{"start":{"line":39,"column":4},"end":{"line":39,"column":null}},"18":{"start":{"line":39,"column":17},"end":{"line":39,"column":null}},"19":{"start":{"line":42,"column":8},"end":{"line":47,"column":null}},"20":{"start":{"line":43,"column":4},"end":{"line":43,"column":null}},"21":{"start":{"line":44,"column":4},"end":{"line":46,"column":null}},"22":{"start":{"line":45,"column":6},"end":{"line":45,"column":null}},"23":{"start":{"line":49,"column":8},"end":{"line":60,"column":null}},"24":{"start":{"line":50,"column":4},"end":{"line":57,"column":null}},"25":{"start":{"line":58,"column":4},"end":{"line":58,"column":null}},"26":{"start":{"line":59,"column":4},"end":{"line":59,"column":null}},"27":{"start":{"line":62,"column":8},"end":{"line":82,"column":null}},"28":{"start":{"line":63,"column":4},"end":{"line":81,"column":null}},"29":{"start":{"line":64,"column":25},"end":{"line":64,"column":null}},"30":{"start":{"line":65,"column":29},"end":{"line":67,"column":null}},"31":{"start":{"line":68,"column":20},"end":{"line":68,"column":null}},"32":{"start":{"line":69,"column":24},"end":{"line":69,"column":null}},"33":{"start":{"line":71,"column":6},"end":{"line":80,"column":null}},"34":{"start":{"line":84,"column":8},"end":{"line":90,"column":null}},"35":{"start":{"line":85,"column":4},"end":{"line":89,"column":null}},"36":{"start":{"line":86,"column":6},"end":{"line":86,"column":null}},"37":{"start":{"line":87,"column":6},"end":{"line":87,"column":null}},"38":{"start":{"line":88,"column":6},"end":{"line":88,"column":null}},"39":{"start":{"line":92,"column":2},"end":{"line":195,"column":null}},"40":{"start":{"line":113,"column":94},"end":{"line":113,"column":null}},"41":{"start":{"line":157,"column":35},"end":{"line":157,"column":null}},"42":{"start":{"line":175,"column":42},"end":{"line":175,"column":102}},"43":{"start":{"line":176,"column":41},"end":{"line":176,"column":102}}},"fnMap":{"0":{"name":"App","decl":{"start":{"line":10,"column":9},"end":{"line":10,"column":15}},"loc":{"start":{"line":10,"column":15},"end":{"line":197,"column":null}},"line":10},"1":{"name":"(anonymous_1)","decl":{"start":{"line":16,"column":2},"end":{"line":16,"column":18}},"loc":{"start":{"line":16,"column":18},"end":{"line":22,"column":5}},"line":16},"2":{"name":"(anonymous_2)","decl":{"start":{"line":17,"column":10},"end":{"line":17,"column":31}},"loc":{"start":{"line":17,"column":31},"end":{"line":19,"column":null}},"line":17},"3":{"name":"(anonymous_3)","decl":{"start":{"line":21,"column":4},"end":{"line":21,"column":17}},"loc":{"start":{"line":21,"column":17},"end":{"line":21,"column":null}},"line":21},"4":{"name":"(anonymous_4)","decl":{"start":{"line":25,"column":2},"end":{"line":25,"column":18}},"loc":{"start":{"line":25,"column":18},"end":{"line":40,"column":5}},"line":25},"5":{"name":"(anonymous_5)","decl":{"start":{"line":26,"column":25},"end":{"line":26,"column":null}},"loc":{"start":{"line":27,"column":19},"end":{"line":33,"column":null}},"line":27},"6":{"name":"(anonymous_6)","decl":{"start":{"line":28,"column":16},"end":{"line":28,"column":25}},"loc":{"start":{"line":28,"column":35},"end":{"line":32,"column":9}},"line":28},"7":{"name":"(anonymous_7)","decl":{"start":{"line":36,"column":70},"end":{"line":36,"column":79}},"loc":{"start":{"line":36,"column":86},"end":{"line":38,"column":5}},"line":36},"8":{"name":"(anonymous_8)","decl":{"start":{"line":39,"column":4},"end":{"line":39,"column":17}},"loc":{"start":{"line":39,"column":17},"end":{"line":39,"column":null}},"line":39},"9":{"name":"(anonymous_9)","decl":{"start":{"line":42,"column":32},"end":{"line":42,"column":50}},"loc":{"start":{"line":42,"column":50},"end":{"line":47,"column":5}},"line":42},"10":{"name":"(anonymous_10)","decl":{"start":{"line":44,"column":4},"end":{"line":44,"column":21}},"loc":{"start":{"line":44,"column":21},"end":{"line":46,"column":7}},"line":44},"11":{"name":"(anonymous_11)","decl":{"start":{"line":49,"column":35},"end":{"line":49,"column":48}},"loc":{"start":{"line":49,"column":57},"end":{"line":60,"column":5}},"line":49},"12":{"name":"(anonymous_12)","decl":{"start":{"line":62,"column":26},"end":{"line":62,"column":39}},"loc":{"start":{"line":62,"column":50},"end":{"line":82,"column":5}},"line":62},"13":{"name":"(anonymous_13)","decl":{"start":{"line":63,"column":4},"end":{"line":63,"column":17}},"loc":{"start":{"line":63,"column":26},"end":{"line":81,"column":5}},"line":63},"14":{"name":"(anonymous_14)","decl":{"start":{"line":84,"column":20},"end":{"line":84,"column":38}},"loc":{"start":{"line":84,"column":38},"end":{"line":90,"column":5}},"line":84},"15":{"name":"(anonymous_15)","decl":{"start":{"line":113,"column":79},"end":{"line":113,"column":94}},"loc":{"start":{"line":113,"column":94},"end":{"line":113,"column":null}},"line":113},"16":{"name":"(anonymous_16)","decl":{"start":{"line":157,"column":20},"end":{"line":157,"column":35}},"loc":{"start":{"line":157,"column":35},"end":{"line":157,"column":null}},"line":157},"17":{"name":"(anonymous_17)","decl":{"start":{"line":175,"column":20},"end":{"line":175,"column":34}},"loc":{"start":{"line":175,"column":40},"end":{"line":175,"column":null}},"line":175},"18":{"name":"(anonymous_18)","decl":{"start":{"line":176,"column":20},"end":{"line":176,"column":33}},"loc":{"start":{"line":176,"column":39},"end":{"line":176,"column":null}},"line":176}},"branchMap":{"0":{"loc":{"start":{"line":29,"column":10},"end":{"line":31,"column":null}},"type":"if","locations":[{"start":{"line":29,"column":10},"end":{"line":31,"column":null}},{"start":{},"end":{}}],"line":29},"1":{"loc":{"start":{"line":65,"column":29},"end":{"line":67,"column":null}},"type":"cond-expr","locations":[{"start":{"line":66,"column":10},"end":{"line":66,"column":null}},{"start":{"line":67,"column":10},"end":{"line":67,"column":null}}],"line":65},"2":{"loc":{"start":{"line":69,"column":24},"end":{"line":69,"column":null}},"type":"cond-expr","locations":[{"start":{"line":69,"column":51},"end":{"line":69,"column":65}},{"start":{"line":69,"column":65},"end":{"line":69,"column":null}}],"line":69},"3":{"loc":{"start":{"line":85,"column":4},"end":{"line":89,"column":null}},"type":"if","locations":[{"start":{"line":85,"column":4},"end":{"line":89,"column":null}},{"start":{},"end":{}}],"line":85},"4":{"loc":{"start":{"line":107,"column":22},"end":{"line":107,"column":null}},"type":"cond-expr","locations":[{"start":{"line":107,"column":36},"end":{"line":107,"column":62}},{"start":{"line":107,"column":62},"end":{"line":107,"column":null}}],"line":107},"5":{"loc":{"start":{"line":108,"column":26},"end":{"line":108,"column":null}},"type":"cond-expr","locations":[{"start":{"line":108,"column":40},"end":{"line":108,"column":55}},{"start":{"line":108,"column":55},"end":{"line":108,"column":null}}],"line":108},"6":{"loc":{"start":{"line":109,"column":32},"end":{"line":109,"column":null}},"type":"cond-expr","locations":[{"start":{"line":109,"column":46},"end":{"line":109,"column":61}},{"start":{"line":109,"column":61},"end":{"line":109,"column":null}}],"line":109},"7":{"loc":{"start":{"line":110,"column":24},"end":{"line":110,"column":null}},"type":"cond-expr","locations":[{"start":{"line":110,"column":38},"end":{"line":110,"column":75}},{"start":{"line":110,"column":75},"end":{"line":110,"column":null}}],"line":110},"8":{"loc":{"start":{"line":133,"column":11},"end":{"line":138,"column":12}},"type":"binary-expr","locations":[{"start":{"line":133,"column":11},"end":{"line":133,"column":null}},{"start":{"line":134,"column":12},"end":{"line":138,"column":12}}],"line":133},"9":{"loc":{"start":{"line":138,"column":11},"end":{"line":143,"column":null}},"type":"binary-expr","locations":[{"start":{"line":138,"column":11},"end":{"line":138,"column":24}},{"start":{"line":138,"column":24},"end":{"line":138,"column":null}},{"start":{"line":139,"column":12},"end":{"line":143,"column":null}}],"line":138},"10":{"loc":{"start":{"line":148,"column":9},"end":{"line":194,"column":null}},"type":"cond-expr","locations":[{"start":{"line":149,"column":10},"end":{"line":187,"column":null}},{"start":{"line":187,"column":10},"end":{"line":194,"column":null}}],"line":148},"11":{"loc":{"start":{"line":152,"column":13},"end":{"line":182,"column":null}},"type":"binary-expr","locations":[{"start":{"line":152,"column":13},"end":{"line":152,"column":null}},{"start":{"line":153,"column":14},"end":{"line":182,"column":null}}],"line":152}},"s":{"0":2,"1":2,"2":2,"3":2,"4":2,"5":2,"6":0,"7":2,"8":2,"9":2,"10":2,"11":2,"12":0,"13":0,"14":0,"15":2,"16":0,"17":2,"18":2,"19":2,"20":0,"21":0,"22":0,"23":2,"24":0,"25":0,"26":0,"27":2,"28":0,"29":0,"30":0,"31":0,"32":0,"33":0,"34":2,"35":0,"36":0,"37":0,"38":0,"39":2,"40":0,"41":0,"42":0,"43":0},"f":{"0":2,"1":2,"2":0,"3":2,"4":2,"5":0,"6":0,"7":0,"8":2,"9":0,"10":0,"11":0,"12":0,"13":0,"14":0,"15":0,"16":0,"17":0,"18":0},"b":{"0":[0,0],"1":[0,0],"2":[0,0],"3":[0,0],"4":[0,2],"5":[0,2],"6":[0,2],"7":[0,2],"8":[2,0],"9":[2,2,2],"10":[2,0],"11":[2,0]},"meta":{"lastBranch":12,"lastFunction":19,"lastStatement":44,"seen":{"f:10:9:10:15":0,"s:11:19:11:Infinity":0,"s:12:25:12:Infinity":1,"s:13:22:13:Infinity":2,"s:14:8:14:Infinity":3,"s:16:2:22:Infinity":4,"f:16:2:16:18":1,"s:17:10:19:Infinity":5,"f:17:10:17:31":2,"s:18:6:18:Infinity":6,"s:20:4:20:Infinity":7,"s:21:4:21:Infinity":8,"f:21:4:21:17":3,"s:21:17:21:Infinity":9,"s:25:2:40:Infinity":10,"f:25:2:25:18":4,"s:26:21:35:Infinity":11,"f:26:25:26:Infinity":5,"s:28:8:32:Infinity":12,"f:28:16:28:25":6,"b:29:10:31:Infinity:undefined:undefined:undefined:undefined":0,"s:29:10:31:Infinity":13,"s:30:12:30:Infinity":14,"s:36:4:38:Infinity":15,"f:36:70:36:79":7,"s:37:6:37:Infinity":16,"s:39:4:39:Infinity":17,"f:39:4:39:17":8,"s:39:17:39:Infinity":18,"s:42:8:47:Infinity":19,"f:42:32:42:50":9,"s:43:4:43:Infinity":20,"s:44:4:46:Infinity":21,"f:44:4:44:21":10,"s:45:6:45:Infinity":22,"s:49:8:60:Infinity":23,"f:49:35:49:48":11,"s:50:4:57:Infinity":24,"s:58:4:58:Infinity":25,"s:59:4:59:Infinity":26,"s:62:8:82:Infinity":27,"f:62:26:62:39":12,"s:63:4:81:Infinity":28,"f:63:4:63:17":13,"s:64:25:64:Infinity":29,"s:65:29:67:Infinity":30,"b:66:10:66:Infinity:67:10:67:Infinity":1,"s:68:20:68:Infinity":31,"s:69:24:69:Infinity":32,"b:69:51:69:65:69:65:69:Infinity":2,"s:71:6:80:Infinity":33,"s:84:8:90:Infinity":34,"f:84:20:84:38":14,"b:85:4:89:Infinity:undefined:undefined:undefined:undefined":3,"s:85:4:89:Infinity":35,"s:86:6:86:Infinity":36,"s:87:6:87:Infinity":37,"s:88:6:88:Infinity":38,"s:92:2:195:Infinity":39,"b:107:36:107:62:107:62:107:Infinity":4,"b:108:40:108:55:108:55:108:Infinity":5,"b:109:46:109:61:109:61:109:Infinity":6,"b:110:38:110:75:110:75:110:Infinity":7,"f:113:79:113:94":15,"s:113:94:113:Infinity":40,"b:133:11:133:Infinity:134:12:138:12":8,"b:138:11:138:24:138:24:138:Infinity:139:12:143:Infinity":9,"b:149:10:187:Infinity:187:10:194:Infinity":10,"b:152:13:152:Infinity:153:14:182:Infinity":11,"f:157:20:157:35":16,"s:157:35:157:Infinity":41,"f:175:20:175:34":17,"s:175:42:175:102":42,"f:176:20:176:33":18,"s:176:41:176:102":43}}}
,"/Users/parvathi/Desktop/project2/src/components/ActionCarousel.jsx": {"path":"/Users/parvathi/Desktop/project2/src/components/ActionCarousel.jsx","statementMap":{"0":{"start":{"line":18,"column":16},"end":{"line":29,"column":null}},"1":{"start":{"line":31,"column":6},"end":{"line":229,"column":null}},"2":{"start":{"line":32,"column":8},"end":{"line":32,"column":null}},"3":{"start":{"line":33,"column":17},"end":{"line":33,"column":null}},"4":{"start":{"line":35,"column":8},"end":{"line":38,"column":null}},"5":{"start":{"line":36,"column":4},"end":{"line":36,"column":null}},"6":{"start":{"line":36,"column":28},"end":{"line":36,"column":null}},"7":{"start":{"line":37,"column":4},"end":{"line":37,"column":null}},"8":{"start":{"line":40,"column":8},"end":{"line":56,"column":null}},"9":{"start":{"line":42,"column":6},"end":{"line":42,"column":null}},"10":{"start":{"line":42,"column":25},"end":{"line":42,"column":null}},"11":{"start":{"line":43,"column":6},"end":{"line":43,"column":null}},"12":{"start":{"line":43,"column":27},"end":{"line":43,"column":54}},"13":{"start":{"line":44,"column":6},"end":{"line":46,"column":null}},"14":{"start":{"line":45,"column":8},"end":{"line":45,"column":null}},"15":{"start":{"line":47,"column":6},"end":{"line":53,"column":null}},"16":{"start":{"line":48,"column":8},"end":{"line":52,"column":null}},"17":{"start":{"line":49,"column":23},"end":{"line":49,"column":null}},"18":{"start":{"line":50,"column":10},"end":{"line":50,"column":null}},"19":{"start":{"line":51,"column":10},"end":{"line":51,"column":null}},"20":{"start":{"line":58,"column":2},"end":{"line":227,"column":null}},"21":{"start":{"line":84,"column":29},"end":{"line":84,"column":null}},"22":{"start":{"line":104,"column":29},"end":{"line":104,"column":null}},"23":{"start":{"line":142,"column":23},"end":{"line":142,"column":null}},"24":{"start":{"line":143,"column":27},"end":{"line":143,"column":null}},"25":{"start":{"line":144,"column":10},"end":{"line":223,"column":null}},"26":{"start":{"line":195,"column":33},"end":{"line":195,"column":null}},"27":{"start":{"line":233,"column":0},"end":{"line":235,"column":null}}},"fnMap":{"0":{"name":"(anonymous_0)","decl":{"start":{"line":31,"column":6},"end":{"line":31,"column":24}},"loc":{"start":{"line":31,"column":44},"end":{"line":229,"column":null}},"line":31},"1":{"name":"(anonymous_1)","decl":{"start":{"line":35,"column":17},"end":{"line":35,"column":30}},"loc":{"start":{"line":35,"column":38},"end":{"line":38,"column":5}},"line":35},"2":{"name":"(anonymous_2)","decl":{"start":{"line":40,"column":20},"end":{"line":40,"column":null}},"loc":{"start":{"line":41,"column":23},"end":{"line":54,"column":null}},"line":41},"3":{"name":"(anonymous_3)","decl":{"start":{"line":43,"column":6},"end":{"line":43,"column":17}},"loc":{"start":{"line":43,"column":27},"end":{"line":43,"column":54}},"line":43},"4":{"name":"(anonymous_4)","decl":{"start":{"line":47,"column":6},"end":{"line":47,"column":23}},"loc":{"start":{"line":47,"column":23},"end":{"line":53,"column":9}},"line":47},"5":{"name":"(anonymous_5)","decl":{"start":{"line":48,"column":8},"end":{"line":48,"column":19}},"loc":{"start":{"line":48,"column":28},"end":{"line":52,"column":9}},"line":48},"6":{"name":"(anonymous_6)","decl":{"start":{"line":84,"column":14},"end":{"line":84,"column":29}},"loc":{"start":{"line":84,"column":29},"end":{"line":84,"column":null}},"line":84},"7":{"name":"(anonymous_7)","decl":{"start":{"line":104,"column":14},"end":{"line":104,"column":29}},"loc":{"start":{"line":104,"column":29},"end":{"line":104,"column":null}},"line":104},"8":{"name":"(anonymous_8)","decl":{"start":{"line":141,"column":17},"end":{"line":141,"column":22}},"loc":{"start":{"line":141,"column":36},"end":{"line":225,"column":9}},"line":141},"9":{"name":"(anonymous_9)","decl":{"start":{"line":195,"column":18},"end":{"line":195,"column":33}},"loc":{"start":{"line":195,"column":33},"end":{"line":195,"column":null}},"line":195}},"branchMap":{"0":{"loc":{"start":{"line":36,"column":4},"end":{"line":36,"column":null}},"type":"if","locations":[{"start":{"line":36,"column":4},"end":{"line":36,"column":null}},{"start":{},"end":{}}],"line":36},"1":{"loc":{"start":{"line":42,"column":6},"end":{"line":42,"column":null}},"type":"if","locations":[{"start":{"line":42,"column":6},"end":{"line":42,"column":null}},{"start":{},"end":{}}],"line":42},"2":{"loc":{"start":{"line":44,"column":6},"end":{"line":46,"column":null}},"type":"if","locations":[{"start":{"line":44,"column":6},"end":{"line":46,"column":null}},{"start":{},"end":{}}],"line":44},"3":{"loc":{"start":{"line":201,"column":32},"end":{"line":201,"column":null}},"type":"cond-expr","locations":[{"start":{"line":201,"column":43},"end":{"line":201,"column":68}},{"start":{"line":201,"column":68},"end":{"line":201,"column":null}}],"line":201},"4":{"loc":{"start":{"line":213,"column":19},"end":{"line":219,"column":null}},"type":"cond-expr","locations":[{"start":{"line":214,"column":20},"end":{"line":219,"column":null}},{"start":{"line":219,"column":20},"end":{"line":219,"column":null}}],"line":213}},"s":{"0":3,"1":3,"2":3,"3":3,"4":3,"5":0,"6":0,"7":0,"8":3,"9":0,"10":0,"11":0,"12":0,"13":0,"14":0,"15":0,"16":0,"17":0,"18":0,"19":0,"20":3,"21":0,"22":0,"23":30,"24":30,"25":30,"26":0,"27":3},"f":{"0":3,"1":0,"2":0,"3":0,"4":0,"5":0,"6":0,"7":0,"8":30,"9":0},"b":{"0":[0,0],"1":[0,0],"2":[0,0],"3":[0,30],"4":[0,30]},"meta":{"lastBranch":5,"lastFunction":10,"lastStatement":28,"seen":{"s:18:16:29:Infinity":0,"s:31:6:229:Infinity":1,"f:31:6:31:24":0,"s:32:8:32:Infinity":2,"s:33:17:33:Infinity":3,"s:35:8:38:Infinity":4,"f:35:17:35:30":1,"b:36:4:36:Infinity:undefined:undefined:undefined:undefined":0,"s:36:4:36:Infinity":5,"s:36:28:36:Infinity":6,"s:37:4:37:Infinity":7,"s:40:8:56:Infinity":8,"f:40:20:40:Infinity":2,"b:42:6:42:Infinity:undefined:undefined:undefined:undefined":1,"s:42:6:42:Infinity":9,"s:42:25:42:Infinity":10,"s:43:6:43:Infinity":11,"f:43:6:43:17":3,"s:43:27:43:54":12,"b:44:6:46:Infinity:undefined:undefined:undefined:undefined":2,"s:44:6:46:Infinity":13,"s:45:8:45:Infinity":14,"s:47:6:53:Infinity":15,"f:47:6:47:23":4,"s:48:8:52:Infinity":16,"f:48:8:48:19":5,"s:49:23:49:Infinity":17,"s:50:10:50:Infinity":18,"s:51:10:51:Infinity":19,"s:58:2:227:Infinity":20,"f:84:14:84:29":6,"s:84:29:84:Infinity":21,"f:104:14:104:29":7,"s:104:29:104:Infinity":22,"f:141:17:141:22":8,"s:142:23:142:Infinity":23,"s:143:27:143:Infinity":24,"s:144:10:223:Infinity":25,"f:195:18:195:33":9,"s:195:33:195:Infinity":26,"b:201:43:201:68:201:68:201:Infinity":3,"b:214:20:219:Infinity:219:20:219:Infinity":4,"s:233:0:235:Infinity":27}}}
,"/Users/parvathi/Desktop/project2/src/components/Calculator.jsx": {"path":"/Users/parvathi/Desktop/project2/src/components/Calculator.jsx","statementMap":{"0":{"start":{"line":15,"column":14},"end":{"line":79,"column":null}},"1":{"start":{"line":82,"column":15},"end":{"line":82,"column":null}},"2":{"start":{"line":83,"column":17},"end":{"line":83,"column":null}},"3":{"start":{"line":84,"column":8},"end":{"line":84,"column":null}},"4":{"start":{"line":85,"column":24},"end":{"line":85,"column":null}},"5":{"start":{"line":86,"column":8},"end":{"line":86,"column":null}},"6":{"start":{"line":88,"column":2},"end":{"line":122,"column":null}},"7":{"start":{"line":127,"column":19},"end":{"line":127,"column":null}},"8":{"start":{"line":128,"column":18},"end":{"line":128,"column":null}},"9":{"start":{"line":130,"column":20},"end":{"line":130,"column":null}},"10":{"start":{"line":131,"column":14},"end":{"line":131,"column":null}},"11":{"start":{"line":132,"column":2},"end":{"line":136,"column":null}},"12":{"start":{"line":133,"column":16},"end":{"line":133,"column":null}},"13":{"start":{"line":134,"column":4},"end":{"line":134,"column":null}},"14":{"start":{"line":135,"column":4},"end":{"line":135,"column":null}},"15":{"start":{"line":137,"column":2},"end":{"line":137,"column":null}},"16":{"start":{"line":139,"column":2},"end":{"line":156,"column":null}},"17":{"start":{"line":140,"column":16},"end":{"line":140,"column":null}},"18":{"start":{"line":141,"column":21},"end":{"line":141,"column":null}},"19":{"start":{"line":142,"column":21},"end":{"line":142,"column":null}},"20":{"start":{"line":143,"column":21},"end":{"line":143,"column":null}},"21":{"start":{"line":144,"column":16},"end":{"line":144,"column":null}},"22":{"start":{"line":145,"column":18},"end":{"line":154,"column":null}},"23":{"start":{"line":146,"column":6},"end":{"line":146,"column":null}},"24":{"start":{"line":147,"column":6},"end":{"line":153,"column":null}},"25":{"start":{"line":148,"column":8},"end":{"line":148,"column":null}},"26":{"start":{"line":149,"column":8},"end":{"line":149,"column":null}},"27":{"start":{"line":150,"column":8},"end":{"line":150,"column":null}},"28":{"start":{"line":150,"column":25},"end":{"line":150,"column":43}},"29":{"start":{"line":152,"column":8},"end":{"line":152,"column":null}},"30":{"start":{"line":155,"column":4},"end":{"line":155,"column":null}},"31":{"start":{"line":155,"column":17},"end":{"line":155,"column":null}},"32":{"start":{"line":158,"column":2},"end":{"line":162,"column":null}},"33":{"start":{"line":159,"column":4},"end":{"line":161,"column":null}},"34":{"start":{"line":160,"column":6},"end":{"line":160,"column":null}},"35":{"start":{"line":164,"column":20},"end":{"line":164,"column":null}},"36":{"start":{"line":165,"column":15},"end":{"line":165,"column":null}},"37":{"start":{"line":166,"column":17},"end":{"line":166,"column":null}},"38":{"start":{"line":168,"column":2},"end":{"line":249,"column":null}},"39":{"start":{"line":253,"column":6},"end":{"line":511,"column":null}},"40":{"start":{"line":254,"column":22},"end":{"line":254,"column":null}},"41":{"start":{"line":255,"column":21},"end":{"line":255,"column":null}},"42":{"start":{"line":256,"column":20},"end":{"line":256,"column":null}},"43":{"start":{"line":257,"column":20},"end":{"line":257,"column":null}},"44":{"start":{"line":258,"column":19},"end":{"line":258,"column":null}},"45":{"start":{"line":260,"column":15},"end":{"line":260,"column":null}},"46":{"start":{"line":262,"column":8},"end":{"line":267,"column":null}},"47":{"start":{"line":264,"column":6},"end":{"line":264,"column":null}},"48":{"start":{"line":264,"column":31},"end":{"line":264,"column":57}},"49":{"start":{"line":269,"column":8},"end":{"line":285,"column":null}},"50":{"start":{"line":270,"column":4},"end":{"line":278,"column":null}},"51":{"start":{"line":271,"column":6},"end":{"line":271,"column":null}},"52":{"start":{"line":272,"column":6},"end":{"line":272,"column":null}},"53":{"start":{"line":273,"column":6},"end":{"line":276,"column":null}},"54":{"start":{"line":274,"column":8},"end":{"line":274,"column":null}},"55":{"start":{"line":275,"column":8},"end":{"line":275,"column":null}},"56":{"start":{"line":277,"column":6},"end":{"line":277,"column":null}},"57":{"start":{"line":279,"column":4},"end":{"line":279,"column":null}},"58":{"start":{"line":280,"column":4},"end":{"line":280,"column":null}},"59":{"start":{"line":281,"column":4},"end":{"line":284,"column":null}},"60":{"start":{"line":282,"column":6},"end":{"line":282,"column":null}},"61":{"start":{"line":282,"column":28},"end":{"line":282,"column":33}},"62":{"start":{"line":283,"column":6},"end":{"line":283,"column":null}},"63":{"start":{"line":287,"column":8},"end":{"line":305,"column":null}},"64":{"start":{"line":288,"column":4},"end":{"line":297,"column":null}},"65":{"start":{"line":289,"column":6},"end":{"line":289,"column":null}},"66":{"start":{"line":290,"column":6},"end":{"line":290,"column":null}},"67":{"start":{"line":291,"column":6},"end":{"line":295,"column":null}},"68":{"start":{"line":292,"column":8},"end":{"line":292,"column":null}},"69":{"start":{"line":293,"column":8},"end":{"line":293,"column":null}},"70":{"start":{"line":294,"column":8},"end":{"line":294,"column":null}},"71":{"start":{"line":296,"column":6},"end":{"line":296,"column":null}},"72":{"start":{"line":298,"column":4},"end":{"line":298,"column":null}},"73":{"start":{"line":298,"column":27},"end":{"line":298,"column":null}},"74":{"start":{"line":299,"column":4},"end":{"line":299,"column":null}},"75":{"start":{"line":300,"column":4},"end":{"line":300,"column":null}},"76":{"start":{"line":301,"column":4},"end":{"line":304,"column":null}},"77":{"start":{"line":302,"column":6},"end":{"line":302,"column":null}},"78":{"start":{"line":302,"column":28},"end":{"line":302,"column":33}},"79":{"start":{"line":303,"column":6},"end":{"line":303,"column":null}},"80":{"start":{"line":307,"column":19},"end":{"line":307,"column":null}},"81":{"start":{"line":309,"column":2},"end":{"line":509,"column":null}},"82":{"start":{"line":389,"column":37},"end":{"line":389,"column":null}},"83":{"start":{"line":390,"column":18},"end":{"line":452,"column":null}},"84":{"start":{"line":394,"column":37},"end":{"line":394,"column":null}},"85":{"start":{"line":515,"column":0},"end":{"line":517,"column":null}}},"fnMap":{"0":{"name":"ProgressRing","decl":{"start":{"line":81,"column":9},"end":{"line":81,"column":22}},"loc":{"start":{"line":81,"column":39},"end":{"line":124,"column":null}},"line":81},"1":{"name":"ResultView","decl":{"start":{"line":126,"column":9},"end":{"line":126,"column":20}},"loc":{"start":{"line":126,"column":48},"end":{"line":251,"column":null}},"line":126},"2":{"name":"(anonymous_2)","decl":{"start":{"line":132,"column":8},"end":{"line":132,"column":17}},"loc":{"start":{"line":132,"column":23},"end":{"line":136,"column":3}},"line":132},"3":{"name":"(anonymous_3)","decl":{"start":{"line":139,"column":2},"end":{"line":139,"column":18}},"loc":{"start":{"line":139,"column":18},"end":{"line":156,"column":5}},"line":139},"4":{"name":"(anonymous_4)","decl":{"start":{"line":145,"column":18},"end":{"line":145,"column":36}},"loc":{"start":{"line":145,"column":36},"end":{"line":154,"column":7}},"line":145},"5":{"name":"(anonymous_5)","decl":{"start":{"line":150,"column":8},"end":{"line":150,"column":25}},"loc":{"start":{"line":150,"column":25},"end":{"line":150,"column":43}},"line":150},"6":{"name":"(anonymous_6)","decl":{"start":{"line":155,"column":4},"end":{"line":155,"column":17}},"loc":{"start":{"line":155,"column":17},"end":{"line":155,"column":null}},"line":155},"7":{"name":"(anonymous_7)","decl":{"start":{"line":158,"column":2},"end":{"line":158,"column":18}},"loc":{"start":{"line":158,"column":18},"end":{"line":162,"column":5}},"line":158},"8":{"name":"(anonymous_8)","decl":{"start":{"line":253,"column":6},"end":{"line":253,"column":20}},"loc":{"start":{"line":253,"column":39},"end":{"line":511,"column":null}},"line":253},"9":{"name":"(anonymous_9)","decl":{"start":{"line":262,"column":23},"end":{"line":262,"column":null}},"loc":{"start":{"line":263,"column":20},"end":{"line":265,"column":null}},"line":263},"10":{"name":"(anonymous_10)","decl":{"start":{"line":264,"column":6},"end":{"line":264,"column":21}},"loc":{"start":{"line":264,"column":31},"end":{"line":264,"column":57}},"line":264},"11":{"name":"(anonymous_11)","decl":{"start":{"line":269,"column":17},"end":{"line":269,"column":35}},"loc":{"start":{"line":269,"column":35},"end":{"line":285,"column":5}},"line":269},"12":{"name":"(anonymous_12)","decl":{"start":{"line":273,"column":6},"end":{"line":273,"column":23}},"loc":{"start":{"line":273,"column":23},"end":{"line":276,"column":9}},"line":273},"13":{"name":"(anonymous_13)","decl":{"start":{"line":281,"column":4},"end":{"line":281,"column":21}},"loc":{"start":{"line":281,"column":21},"end":{"line":284,"column":7}},"line":281},"14":{"name":"(anonymous_14)","decl":{"start":{"line":282,"column":6},"end":{"line":282,"column":22}},"loc":{"start":{"line":282,"column":28},"end":{"line":282,"column":33}},"line":282},"15":{"name":"(anonymous_15)","decl":{"start":{"line":287,"column":17},"end":{"line":287,"column":35}},"loc":{"start":{"line":287,"column":35},"end":{"line":305,"column":5}},"line":287},"16":{"name":"(anonymous_16)","decl":{"start":{"line":291,"column":6},"end":{"line":291,"column":23}},"loc":{"start":{"line":291,"column":23},"end":{"line":295,"column":9}},"line":291},"17":{"name":"(anonymous_17)","decl":{"start":{"line":301,"column":4},"end":{"line":301,"column":21}},"loc":{"start":{"line":301,"column":21},"end":{"line":304,"column":7}},"line":301},"18":{"name":"(anonymous_18)","decl":{"start":{"line":302,"column":6},"end":{"line":302,"column":22}},"loc":{"start":{"line":302,"column":28},"end":{"line":302,"column":33}},"line":302},"19":{"name":"(anonymous_19)","decl":{"start":{"line":388,"column":31},"end":{"line":388,"column":36}},"loc":{"start":{"line":388,"column":44},"end":{"line":454,"column":17}},"line":388},"20":{"name":"(anonymous_20)","decl":{"start":{"line":394,"column":22},"end":{"line":394,"column":37}},"loc":{"start":{"line":394,"column":37},"end":{"line":394,"column":null}},"line":394}},"branchMap":{"0":{"loc":{"start":{"line":133,"column":16},"end":{"line":133,"column":null}},"type":"binary-expr","locations":[{"start":{"line":133,"column":16},"end":{"line":133,"column":37}},{"start":{"line":133,"column":37},"end":{"line":133,"column":null}}],"line":133},"1":{"loc":{"start":{"line":147,"column":6},"end":{"line":153,"column":null}},"type":"if","locations":[{"start":{"line":147,"column":6},"end":{"line":153,"column":null}},{"start":{"line":151,"column":13},"end":{"line":153,"column":null}}],"line":147},"2":{"loc":{"start":{"line":159,"column":4},"end":{"line":161,"column":null}},"type":"if","locations":[{"start":{"line":159,"column":4},"end":{"line":161,"column":null}},{"start":{},"end":{}}],"line":159},"3":{"loc":{"start":{"line":159,"column":8},"end":{"line":159,"column":31}},"type":"binary-expr","locations":[{"start":{"line":159,"column":8},"end":{"line":159,"column":19}},{"start":{"line":159,"column":19},"end":{"line":159,"column":31}}],"line":159},"4":{"loc":{"start":{"line":190,"column":19},"end":{"line":190,"column":null}},"type":"cond-expr","locations":[{"start":{"line":190,"column":29},"end":{"line":190,"column":33}},{"start":{"line":190,"column":33},"end":{"line":190,"column":null}}],"line":190},"5":{"loc":{"start":{"line":191,"column":21},"end":{"line":191,"column":null}},"type":"cond-expr","locations":[{"start":{"line":191,"column":31},"end":{"line":191,"column":49}},{"start":{"line":191,"column":49},"end":{"line":191,"column":null}}],"line":191},"6":{"loc":{"start":{"line":205,"column":28},"end":{"line":205,"column":null}},"type":"cond-expr","locations":[{"start":{"line":205,"column":39},"end":{"line":205,"column":84}},{"start":{"line":205,"column":84},"end":{"line":205,"column":null}}],"line":205},"7":{"loc":{"start":{"line":243,"column":64},"end":{"line":243,"column":98}},"type":"cond-expr","locations":[{"start":{"line":243,"column":75},"end":{"line":243,"column":87}},{"start":{"line":243,"column":87},"end":{"line":243,"column":98}}],"line":243},"8":{"loc":{"start":{"line":244,"column":11},"end":{"line":246,"column":null}},"type":"cond-expr","locations":[{"start":{"line":245,"column":14},"end":{"line":245,"column":null}},{"start":{"line":246,"column":14},"end":{"line":246,"column":null}}],"line":244},"9":{"loc":{"start":{"line":270,"column":4},"end":{"line":278,"column":null}},"type":"if","locations":[{"start":{"line":270,"column":4},"end":{"line":278,"column":null}},{"start":{},"end":{}}],"line":270},"10":{"loc":{"start":{"line":288,"column":4},"end":{"line":297,"column":null}},"type":"if","locations":[{"start":{"line":288,"column":4},"end":{"line":297,"column":null}},{"start":{},"end":{}}],"line":288},"11":{"loc":{"start":{"line":298,"column":4},"end":{"line":298,"column":null}},"type":"if","locations":[{"start":{"line":298,"column":4},"end":{"line":298,"column":null}},{"start":{},"end":{}}],"line":298},"12":{"loc":{"start":{"line":349,"column":9},"end":{"line":360,"column":null}},"type":"binary-expr","locations":[{"start":{"line":349,"column":9},"end":{"line":349,"column":null}},{"start":{"line":350,"column":10},"end":{"line":360,"column":null}}],"line":349},"13":{"loc":{"start":{"line":353,"column":17},"end":{"line":353,"column":null}},"type":"binary-expr","locations":[{"start":{"line":353,"column":17},"end":{"line":353,"column":25}},{"start":{"line":353,"column":25},"end":{"line":353,"column":null}}],"line":353},"14":{"loc":{"start":{"line":365,"column":23},"end":{"line":367,"column":null}},"type":"cond-expr","locations":[{"start":{"line":366,"column":16},"end":{"line":366,"column":null}},{"start":{"line":367,"column":16},"end":{"line":367,"column":null}}],"line":365},"15":{"loc":{"start":{"line":368,"column":21},"end":{"line":368,"column":null}},"type":"cond-expr","locations":[{"start":{"line":368,"column":33},"end":{"line":368,"column":37}},{"start":{"line":368,"column":37},"end":{"line":368,"column":null}}],"line":368},"16":{"loc":{"start":{"line":372,"column":11},"end":{"line":456,"column":null}},"type":"cond-expr","locations":[{"start":{"line":373,"column":12},"end":{"line":375,"column":null}},{"start":{"line":375,"column":12},"end":{"line":456,"column":null}}],"line":372},"17":{"loc":{"start":{"line":401,"column":32},"end":{"line":403,"column":null}},"type":"cond-expr","locations":[{"start":{"line":402,"column":28},"end":{"line":402,"column":null}},{"start":{"line":403,"column":28},"end":{"line":403,"column":null}}],"line":401},"18":{"loc":{"start":{"line":404,"column":36},"end":{"line":406,"column":null}},"type":"cond-expr","locations":[{"start":{"line":405,"column":28},"end":{"line":405,"column":null}},{"start":{"line":406,"column":28},"end":{"line":406,"column":null}}],"line":404},"19":{"loc":{"start":{"line":410,"column":35},"end":{"line":412,"column":null}},"type":"cond-expr","locations":[{"start":{"line":411,"column":28},"end":{"line":411,"column":null}},{"start":{"line":412,"column":28},"end":{"line":412,"column":null}}],"line":410},"20":{"loc":{"start":{"line":421,"column":34},"end":{"line":423,"column":null}},"type":"cond-expr","locations":[{"start":{"line":422,"column":30},"end":{"line":422,"column":null}},{"start":{"line":423,"column":30},"end":{"line":423,"column":null}}],"line":421},"21":{"loc":{"start":{"line":424,"column":38},"end":{"line":424,"column":null}},"type":"cond-expr","locations":[{"start":{"line":424,"column":51},"end":{"line":424,"column":63}},{"start":{"line":424,"column":63},"end":{"line":424,"column":null}}],"line":424},"22":{"loc":{"start":{"line":432,"column":25},"end":{"line":432,"column":null}},"type":"binary-expr","locations":[{"start":{"line":432,"column":25},"end":{"line":432,"column":39}},{"start":{"line":432,"column":39},"end":{"line":432,"column":null}}],"line":432},"23":{"loc":{"start":{"line":446,"column":33},"end":{"line":446,"column":null}},"type":"cond-expr","locations":[{"start":{"line":446,"column":51},"end":{"line":446,"column":63}},{"start":{"line":446,"column":63},"end":{"line":446,"column":null}}],"line":446},"24":{"loc":{"start":{"line":464,"column":22},"end":{"line":464,"column":null}},"type":"binary-expr","locations":[{"start":{"line":464,"column":22},"end":{"line":464,"column":43}},{"start":{"line":464,"column":43},"end":{"line":464,"column":null}}],"line":464},"25":{"loc":{"start":{"line":483,"column":11},"end":{"line":507,"column":null}},"type":"binary-expr","locations":[{"start":{"line":483,"column":11},"end":{"line":483,"column":null}},{"start":{"line":484,"column":12},"end":{"line":507,"column":null}}],"line":483},"26":{"loc":{"start":{"line":495,"column":28},"end":{"line":495,"column":null}},"type":"cond-expr","locations":[{"start":{"line":495,"column":53},"end":{"line":495,"column":79}},{"start":{"line":495,"column":79},"end":{"line":495,"column":null}}],"line":495},"27":{"loc":{"start":{"line":503,"column":15},"end":{"line":503,"column":null}},"type":"cond-expr","locations":[{"start":{"line":503,"column":50},"end":{"line":503,"column":66}},{"start":{"line":503,"column":66},"end":{"line":503,"column":null}}],"line":503}},"s":{"0":2,"1":1,"2":1,"3":1,"4":1,"5":1,"6":1,"7":0,"8":0,"9":0,"10":0,"11":0,"12":0,"13":0,"14":0,"15":0,"16":0,"17":0,"18":0,"19":0,"20":0,"21":0,"22":0,"23":0,"24":0,"25":0,"26":0,"27":0,"28":0,"29":0,"30":0,"31":0,"32":0,"33":0,"34":0,"35":0,"36":0,"37":0,"38":0,"39":2,"40":1,"41":1,"42":1,"43":1,"44":1,"45":1,"46":1,"47":0,"48":0,"49":1,"50":0,"51":0,"52":0,"53":0,"54":0,"55":0,"56":0,"57":0,"58":0,"59":0,"60":0,"61":0,"62":0,"63":1,"64":0,"65":0,"66":0,"67":0,"68":0,"69":0,"70":0,"71":0,"72":0,"73":0,"74":0,"75":0,"76":0,"77":0,"78":0,"79":0,"80":1,"81":1,"82":5,"83":5,"84":0,"85":2},"f":{"0":1,"1":0,"2":0,"3":0,"4":0,"5":0,"6":0,"7":0,"8":1,"9":0,"10":0,"11":0,"12":0,"13":0,"14":0,"15":0,"16":0,"17":0,"18":0,"19":5,"20":0},"b":{"0":[0,0],"1":[0,0],"2":[0,0],"3":[0,0],"4":[0,0],"5":[0,0],"6":[0,0],"7":[0,0],"8":[0,0],"9":[0,0],"10":[0,0],"11":[0,0],"12":[1,1],"13":[1,1],"14":[0,1],"15":[0,1],"16":[0,1],"17":[0,5],"18":[0,5],"19":[0,5],"20":[0,5],"21":[0,5],"22":[5,0],"23":[0,5],"24":[1,1],"25":[1,1],"26":[0,1],"27":[0,1]},"meta":{"lastBranch":28,"lastFunction":21,"lastStatement":86,"seen":{"s:15:14:79:Infinity":0,"f:81:9:81:22":0,"s:82:15:82:Infinity":1,"s:83:17:83:Infinity":2,"s:84:8:84:Infinity":3,"s:85:24:85:Infinity":4,"s:86:8:86:Infinity":5,"s:88:2:122:Infinity":6,"f:126:9:126:20":1,"s:127:19:127:Infinity":7,"s:128:18:128:Infinity":8,"s:130:20:130:Infinity":9,"s:131:14:131:Infinity":10,"s:132:2:136:Infinity":11,"f:132:8:132:17":2,"s:133:16:133:Infinity":12,"b:133:16:133:37:133:37:133:Infinity":0,"s:134:4:134:Infinity":13,"s:135:4:135:Infinity":14,"s:137:2:137:Infinity":15,"s:139:2:156:Infinity":16,"f:139:2:139:18":3,"s:140:16:140:Infinity":17,"s:141:21:141:Infinity":18,"s:142:21:142:Infinity":19,"s:143:21:143:Infinity":20,"s:144:16:144:Infinity":21,"s:145:18:154:Infinity":22,"f:145:18:145:36":4,"s:146:6:146:Infinity":23,"b:147:6:153:Infinity:151:13:153:Infinity":1,"s:147:6:153:Infinity":24,"s:148:8:148:Infinity":25,"s:149:8:149:Infinity":26,"s:150:8:150:Infinity":27,"f:150:8:150:25":5,"s:150:25:150:43":28,"s:152:8:152:Infinity":29,"s:155:4:155:Infinity":30,"f:155:4:155:17":6,"s:155:17:155:Infinity":31,"s:158:2:162:Infinity":32,"f:158:2:158:18":7,"b:159:4:161:Infinity:undefined:undefined:undefined:undefined":2,"s:159:4:161:Infinity":33,"b:159:8:159:19:159:19:159:31":3,"s:160:6:160:Infinity":34,"s:164:20:164:Infinity":35,"s:165:15:165:Infinity":36,"s:166:17:166:Infinity":37,"s:168:2:249:Infinity":38,"b:190:29:190:33:190:33:190:Infinity":4,"b:191:31:191:49:191:49:191:Infinity":5,"b:205:39:205:84:205:84:205:Infinity":6,"b:243:75:243:87:243:87:243:98":7,"b:245:14:245:Infinity:246:14:246:Infinity":8,"s:253:6:511:Infinity":39,"f:253:6:253:20":8,"s:254:22:254:Infinity":40,"s:255:21:255:Infinity":41,"s:256:20:256:Infinity":42,"s:257:20:257:Infinity":43,"s:258:19:258:Infinity":44,"s:260:15:260:Infinity":45,"s:262:8:267:Infinity":46,"f:262:23:262:Infinity":9,"s:264:6:264:Infinity":47,"f:264:6:264:21":10,"s:264:31:264:57":48,"s:269:8:285:Infinity":49,"f:269:17:269:35":11,"b:270:4:278:Infinity:undefined:undefined:undefined:undefined":9,"s:270:4:278:Infinity":50,"s:271:6:271:Infinity":51,"s:272:6:272:Infinity":52,"s:273:6:276:Infinity":53,"f:273:6:273:23":12,"s:274:8:274:Infinity":54,"s:275:8:275:Infinity":55,"s:277:6:277:Infinity":56,"s:279:4:279:Infinity":57,"s:280:4:280:Infinity":58,"s:281:4:284:Infinity":59,"f:281:4:281:21":13,"s:282:6:282:Infinity":60,"f:282:6:282:22":14,"s:282:28:282:33":61,"s:283:6:283:Infinity":62,"s:287:8:305:Infinity":63,"f:287:17:287:35":15,"b:288:4:297:Infinity:undefined:undefined:undefined:undefined":10,"s:288:4:297:Infinity":64,"s:289:6:289:Infinity":65,"s:290:6:290:Infinity":66,"s:291:6:295:Infinity":67,"f:291:6:291:23":16,"s:292:8:292:Infinity":68,"s:293:8:293:Infinity":69,"s:294:8:294:Infinity":70,"s:296:6:296:Infinity":71,"b:298:4:298:Infinity:undefined:undefined:undefined:undefined":11,"s:298:4:298:Infinity":72,"s:298:27:298:Infinity":73,"s:299:4:299:Infinity":74,"s:300:4:300:Infinity":75,"s:301:4:304:Infinity":76,"f:301:4:301:21":17,"s:302:6:302:Infinity":77,"f:302:6:302:22":18,"s:302:28:302:33":78,"s:303:6:303:Infinity":79,"s:307:19:307:Infinity":80,"s:309:2:509:Infinity":81,"b:349:9:349:Infinity:350:10:360:Infinity":12,"b:353:17:353:25:353:25:353:Infinity":13,"b:366:16:366:Infinity:367:16:367:Infinity":14,"b:368:33:368:37:368:37:368:Infinity":15,"b:373:12:375:Infinity:375:12:456:Infinity":16,"f:388:31:388:36":19,"s:389:37:389:Infinity":82,"s:390:18:452:Infinity":83,"f:394:22:394:37":20,"s:394:37:394:Infinity":84,"b:402:28:402:Infinity:403:28:403:Infinity":17,"b:405:28:405:Infinity:406:28:406:Infinity":18,"b:411:28:411:Infinity:412:28:412:Infinity":19,"b:422:30:422:Infinity:423:30:423:Infinity":20,"b:424:51:424:63:424:63:424:Infinity":21,"b:432:25:432:39:432:39:432:Infinity":22,"b:446:51:446:63:446:63:446:Infinity":23,"b:464:22:464:43:464:43:464:Infinity":24,"b:483:11:483:Infinity:484:12:507:Infinity":25,"b:495:53:495:79:495:79:495:Infinity":26,"b:503:50:503:66:503:66:503:Infinity":27,"s:515:0:517:Infinity":85}}}
,"/Users/parvathi/Desktop/project2/src/components/Dashboard.jsx": {"path":"/Users/parvathi/Desktop/project2/src/components/Dashboard.jsx","statementMap":{"0":{"start":{"line":18,"column":19},"end":{"line":18,"column":null}},"1":{"start":{"line":20,"column":23},"end":{"line":26,"column":null}},"2":{"start":{"line":29,"column":17},"end":{"line":29,"column":null}},"3":{"start":{"line":30,"column":2},"end":{"line":43,"column":null}},"4":{"start":{"line":31,"column":4},"end":{"line":31,"column":null}},"5":{"start":{"line":31,"column":22},"end":{"line":31,"column":null}},"6":{"start":{"line":32,"column":21},"end":{"line":40,"column":null}},"7":{"start":{"line":34,"column":8},"end":{"line":37,"column":null}},"8":{"start":{"line":35,"column":10},"end":{"line":35,"column":null}},"9":{"start":{"line":36,"column":10},"end":{"line":36,"column":null}},"10":{"start":{"line":41,"column":4},"end":{"line":41,"column":null}},"11":{"start":{"line":42,"column":4},"end":{"line":42,"column":null}},"12":{"start":{"line":42,"column":17},"end":{"line":42,"column":null}},"13":{"start":{"line":44,"column":2},"end":{"line":44,"column":null}},"14":{"start":{"line":48,"column":17},"end":{"line":48,"column":null}},"15":{"start":{"line":49,"column":18},"end":{"line":49,"column":null}},"16":{"start":{"line":50,"column":2},"end":{"line":67,"column":null}},"17":{"start":{"line":51,"column":4},"end":{"line":51,"column":null}},"18":{"start":{"line":51,"column":17},"end":{"line":51,"column":null}},"19":{"start":{"line":52,"column":16},"end":{"line":52,"column":null}},"20":{"start":{"line":53,"column":21},"end":{"line":53,"column":null}},"21":{"start":{"line":54,"column":21},"end":{"line":54,"column":null}},"22":{"start":{"line":55,"column":21},"end":{"line":55,"column":null}},"23":{"start":{"line":56,"column":16},"end":{"line":56,"column":null}},"24":{"start":{"line":57,"column":18},"end":{"line":65,"column":null}},"25":{"start":{"line":58,"column":6},"end":{"line":58,"column":null}},"26":{"start":{"line":59,"column":6},"end":{"line":64,"column":null}},"27":{"start":{"line":60,"column":8},"end":{"line":60,"column":null}},"28":{"start":{"line":61,"column":8},"end":{"line":61,"column":null}},"29":{"start":{"line":63,"column":8},"end":{"line":63,"column":null}},"30":{"start":{"line":66,"column":4},"end":{"line":66,"column":null}},"31":{"start":{"line":66,"column":17},"end":{"line":66,"column":null}},"32":{"start":{"line":68,"column":2},"end":{"line":72,"column":null}},"33":{"start":{"line":77,"column":2},"end":{"line":77,"column":null}},"34":{"start":{"line":77,"column":46},"end":{"line":77,"column":null}},"35":{"start":{"line":78,"column":12},"end":{"line":78,"column":null}},"36":{"start":{"line":79,"column":2},"end":{"line":95,"column":null}},"37":{"start":{"line":99,"column":6},"end":{"line":471,"column":null}},"38":{"start":{"line":100,"column":8},"end":{"line":100,"column":null}},"39":{"start":{"line":101,"column":8},"end":{"line":101,"column":null}},"40":{"start":{"line":102,"column":8},"end":{"line":102,"column":null}},"41":{"start":{"line":103,"column":8},"end":{"line":103,"column":null}},"42":{"start":{"line":105,"column":21},"end":{"line":105,"column":null}},"43":{"start":{"line":106,"column":22},"end":{"line":106,"column":null}},"44":{"start":{"line":107,"column":22},"end":{"line":107,"column":null}},"45":{"start":{"line":108,"column":25},"end":{"line":108,"column":null}},"46":{"start":{"line":117,"column":6},"end":{"line":117,"column":null}},"47":{"start":{"line":119,"column":23},"end":{"line":119,"column":null}},"48":{"start":{"line":120,"column":20},"end":{"line":120,"column":null}},"49":{"start":{"line":121,"column":15},"end":{"line":121,"column":null}},"50":{"start":{"line":122,"column":23},"end":{"line":122,"column":null}},"51":{"start":{"line":123,"column":17},"end":{"line":123,"column":null}},"52":{"start":{"line":125,"column":18},"end":{"line":130,"column":null}},"53":{"start":{"line":126,"column":23},"end":{"line":126,"column":28}},"54":{"start":{"line":127,"column":28},"end":{"line":130,"column":6}},"55":{"start":{"line":132,"column":20},"end":{"line":157,"column":null}},"56":{"start":{"line":159,"column":2},"end":{"line":469,"column":null}},"57":{"start":{"line":282,"column":20},"end":{"line":282,"column":null}},"58":{"start":{"line":312,"column":16},"end":{"line":331,"column":null}},"59":{"start":{"line":348,"column":27},"end":{"line":348,"column":null}},"60":{"start":{"line":349,"column":14},"end":{"line":394,"column":null}},"61":{"start":{"line":429,"column":18},"end":{"line":455,"column":null}},"62":{"start":{"line":475,"column":0},"end":{"line":486,"column":null}}},"fnMap":{"0":{"name":"useInView","decl":{"start":{"line":28,"column":9},"end":{"line":28,"column":19}},"loc":{"start":{"line":28,"column":24},"end":{"line":45,"column":null}},"line":28},"1":{"name":"(anonymous_1)","decl":{"start":{"line":30,"column":2},"end":{"line":30,"column":18}},"loc":{"start":{"line":30,"column":18},"end":{"line":43,"column":5}},"line":30},"2":{"name":"(anonymous_2)","decl":{"start":{"line":32,"column":25},"end":{"line":32,"column":null}},"loc":{"start":{"line":33,"column":19},"end":{"line":38,"column":null}},"line":33},"3":{"name":"(anonymous_3)","decl":{"start":{"line":42,"column":4},"end":{"line":42,"column":17}},"loc":{"start":{"line":42,"column":17},"end":{"line":42,"column":null}},"line":42},"4":{"name":"AnimatedNumber","decl":{"start":{"line":47,"column":9},"end":{"line":47,"column":24}},"loc":{"start":{"line":47,"column":70},"end":{"line":74,"column":null}},"line":47},"5":{"name":"(anonymous_5)","decl":{"start":{"line":50,"column":2},"end":{"line":50,"column":18}},"loc":{"start":{"line":50,"column":18},"end":{"line":67,"column":5}},"line":50},"6":{"name":"(anonymous_6)","decl":{"start":{"line":57,"column":18},"end":{"line":57,"column":36}},"loc":{"start":{"line":57,"column":36},"end":{"line":65,"column":7}},"line":57},"7":{"name":"(anonymous_7)","decl":{"start":{"line":66,"column":4},"end":{"line":66,"column":17}},"loc":{"start":{"line":66,"column":17},"end":{"line":66,"column":null}},"line":66},"8":{"name":"CustomTooltip","decl":{"start":{"line":76,"column":9},"end":{"line":76,"column":23}},"loc":{"start":{"line":76,"column":44},"end":{"line":97,"column":null}},"line":76},"9":{"name":"(anonymous_9)","decl":{"start":{"line":99,"column":6},"end":{"line":99,"column":19}},"loc":{"start":{"line":99,"column":49},"end":{"line":471,"column":null}},"line":99},"10":{"name":"(anonymous_10)","decl":{"start":{"line":126,"column":5},"end":{"line":126,"column":13}},"loc":{"start":{"line":126,"column":23},"end":{"line":126,"column":28}},"line":126},"11":{"name":"(anonymous_11)","decl":{"start":{"line":127,"column":5},"end":{"line":127,"column":10}},"loc":{"start":{"line":127,"column":28},"end":{"line":130,"column":6}},"line":127},"12":{"name":"(anonymous_12)","decl":{"start":{"line":281,"column":27},"end":{"line":281,"column":32}},"loc":{"start":{"line":282,"column":20},"end":{"line":282,"column":null}},"line":282},"13":{"name":"(anonymous_13)","decl":{"start":{"line":311,"column":23},"end":{"line":311,"column":28}},"loc":{"start":{"line":312,"column":16},"end":{"line":331,"column":null}},"line":312},"14":{"name":"(anonymous_14)","decl":{"start":{"line":347,"column":23},"end":{"line":347,"column":28}},"loc":{"start":{"line":347,"column":38},"end":{"line":396,"column":13}},"line":347},"15":{"name":"(anonymous_15)","decl":{"start":{"line":428,"column":42},"end":{"line":428,"column":47}},"loc":{"start":{"line":429,"column":18},"end":{"line":455,"column":null}},"line":429}},"branchMap":{"0":{"loc":{"start":{"line":31,"column":4},"end":{"line":31,"column":null}},"type":"if","locations":[{"start":{"line":31,"column":4},"end":{"line":31,"column":null}},{"start":{},"end":{}}],"line":31},"1":{"loc":{"start":{"line":34,"column":8},"end":{"line":37,"column":null}},"type":"if","locations":[{"start":{"line":34,"column":8},"end":{"line":37,"column":null}},{"start":{},"end":{}}],"line":34},"2":{"loc":{"start":{"line":47,"column":33},"end":{"line":47,"column":47}},"type":"default-arg","locations":[{"start":{"line":47,"column":44},"end":{"line":47,"column":47}}],"line":47},"3":{"loc":{"start":{"line":47,"column":55},"end":{"line":47,"column":70}},"type":"default-arg","locations":[{"start":{"line":47,"column":64},"end":{"line":47,"column":70}}],"line":47},"4":{"loc":{"start":{"line":48,"column":17},"end":{"line":48,"column":null}},"type":"binary-expr","locations":[{"start":{"line":48,"column":17},"end":{"line":48,"column":34}},{"start":{"line":48,"column":34},"end":{"line":48,"column":null}}],"line":48},"5":{"loc":{"start":{"line":51,"column":4},"end":{"line":51,"column":null}},"type":"if","locations":[{"start":{"line":51,"column":4},"end":{"line":51,"column":null}},{"start":{},"end":{}}],"line":51},"6":{"loc":{"start":{"line":59,"column":6},"end":{"line":64,"column":null}},"type":"if","locations":[{"start":{"line":59,"column":6},"end":{"line":64,"column":null}},{"start":{"line":62,"column":13},"end":{"line":64,"column":null}}],"line":59},"7":{"loc":{"start":{"line":77,"column":2},"end":{"line":77,"column":null}},"type":"if","locations":[{"start":{"line":77,"column":2},"end":{"line":77,"column":null}},{"start":{},"end":{}}],"line":77},"8":{"loc":{"start":{"line":77,"column":6},"end":{"line":77,"column":46}},"type":"binary-expr","locations":[{"start":{"line":77,"column":6},"end":{"line":77,"column":17}},{"start":{"line":77,"column":17},"end":{"line":77,"column":29}},{"start":{"line":77,"column":29},"end":{"line":77,"column":46}}],"line":77},"9":{"loc":{"start":{"line":111,"column":4},"end":{"line":111,"column":null}},"type":"default-arg","locations":[{"start":{"line":111,"column":15},"end":{"line":111,"column":null}}],"line":111},"10":{"loc":{"start":{"line":112,"column":4},"end":{"line":112,"column":null}},"type":"default-arg","locations":[{"start":{"line":112,"column":14},"end":{"line":112,"column":null}}],"line":112},"11":{"loc":{"start":{"line":113,"column":4},"end":{"line":113,"column":null}},"type":"default-arg","locations":[{"start":{"line":113,"column":16},"end":{"line":113,"column":null}}],"line":113},"12":{"loc":{"start":{"line":114,"column":4},"end":{"line":114,"column":null}},"type":"default-arg","locations":[{"start":{"line":114,"column":14},"end":{"line":114,"column":null}}],"line":114},"13":{"loc":{"start":{"line":115,"column":4},"end":{"line":115,"column":null}},"type":"default-arg","locations":[{"start":{"line":115,"column":19},"end":{"line":115,"column":null}}],"line":115},"14":{"loc":{"start":{"line":116,"column":12},"end":{"line":116,"column":null}},"type":"default-arg","locations":[{"start":{"line":116,"column":25},"end":{"line":116,"column":null}}],"line":116},"15":{"loc":{"start":{"line":117,"column":6},"end":{"line":117,"column":null}},"type":"binary-expr","locations":[{"start":{"line":117,"column":6},"end":{"line":117,"column":18}},{"start":{"line":117,"column":18},"end":{"line":117,"column":null}}],"line":117},"16":{"loc":{"start":{"line":119,"column":23},"end":{"line":119,"column":null}},"type":"cond-expr","locations":[{"start":{"line":119,"column":53},"end":{"line":119,"column":75}},{"start":{"line":119,"column":75},"end":{"line":119,"column":null}}],"line":119},"17":{"loc":{"start":{"line":119,"column":75},"end":{"line":119,"column":null}},"type":"binary-expr","locations":[{"start":{"line":119,"column":75},"end":{"line":119,"column":99}},{"start":{"line":119,"column":99},"end":{"line":119,"column":null}}],"line":119},"18":{"loc":{"start":{"line":123,"column":17},"end":{"line":123,"column":null}},"type":"binary-expr","locations":[{"start":{"line":123,"column":17},"end":{"line":123,"column":39}},{"start":{"line":123,"column":39},"end":{"line":123,"column":null}}],"line":123},"19":{"loc":{"start":{"line":128,"column":12},"end":{"line":128,"column":null}},"type":"binary-expr","locations":[{"start":{"line":128,"column":12},"end":{"line":128,"column":35}},{"start":{"line":128,"column":35},"end":{"line":128,"column":null}}],"line":128},"20":{"loc":{"start":{"line":192,"column":19},"end":{"line":192,"column":null}},"type":"cond-expr","locations":[{"start":{"line":192,"column":32},"end":{"line":192,"column":36}},{"start":{"line":192,"column":36},"end":{"line":192,"column":null}}],"line":192},"21":{"loc":{"start":{"line":193,"column":21},"end":{"line":193,"column":null}},"type":"cond-expr","locations":[{"start":{"line":193,"column":34},"end":{"line":193,"column":52}},{"start":{"line":193,"column":52},"end":{"line":193,"column":null}}],"line":193},"22":{"loc":{"start":{"line":224,"column":19},"end":{"line":224,"column":null}},"type":"cond-expr","locations":[{"start":{"line":224,"column":30},"end":{"line":224,"column":42}},{"start":{"line":224,"column":42},"end":{"line":224,"column":null}}],"line":224},"23":{"loc":{"start":{"line":229,"column":11},"end":{"line":231,"column":null}},"type":"cond-expr","locations":[{"start":{"line":230,"column":14},"end":{"line":230,"column":null}},{"start":{"line":231,"column":14},"end":{"line":231,"column":null}}],"line":229},"24":{"loc":{"start":{"line":251,"column":21},"end":{"line":251,"column":null}},"type":"cond-expr","locations":[{"start":{"line":251,"column":35},"end":{"line":251,"column":39}},{"start":{"line":251,"column":39},"end":{"line":251,"column":null}}],"line":251},"25":{"loc":{"start":{"line":252,"column":23},"end":{"line":252,"column":null}},"type":"cond-expr","locations":[{"start":{"line":252,"column":37},"end":{"line":252,"column":55}},{"start":{"line":252,"column":55},"end":{"line":252,"column":null}}],"line":252},"26":{"loc":{"start":{"line":266,"column":11},"end":{"line":299,"column":null}},"type":"cond-expr","locations":[{"start":{"line":267,"column":12},"end":{"line":289,"column":13}},{"start":{"line":289,"column":12},"end":{"line":299,"column":null}}],"line":266},"27":{"loc":{"start":{"line":301,"column":11},"end":{"line":333,"column":null}},"type":"binary-expr","locations":[{"start":{"line":301,"column":11},"end":{"line":301,"column":null}},{"start":{"line":302,"column":12},"end":{"line":333,"column":null}}],"line":301},"28":{"loc":{"start":{"line":356,"column":29},"end":{"line":356,"column":null}},"type":"cond-expr","locations":[{"start":{"line":356,"column":43},"end":{"line":356,"column":47}},{"start":{"line":356,"column":47},"end":{"line":356,"column":null}}],"line":356},"29":{"loc":{"start":{"line":357,"column":31},"end":{"line":357,"column":null}},"type":"cond-expr","locations":[{"start":{"line":357,"column":45},"end":{"line":357,"column":63}},{"start":{"line":357,"column":63},"end":{"line":357,"column":null}}],"line":357},"30":{"loc":{"start":{"line":407,"column":23},"end":{"line":407,"column":null}},"type":"cond-expr","locations":[{"start":{"line":407,"column":40},"end":{"line":407,"column":44}},{"start":{"line":407,"column":44},"end":{"line":407,"column":null}}],"line":407},"31":{"loc":{"start":{"line":408,"column":25},"end":{"line":408,"column":null}},"type":"cond-expr","locations":[{"start":{"line":408,"column":42},"end":{"line":408,"column":60}},{"start":{"line":408,"column":60},"end":{"line":408,"column":null}}],"line":408},"32":{"loc":{"start":{"line":426,"column":13},"end":{"line":463,"column":null}},"type":"cond-expr","locations":[{"start":{"line":427,"column":14},"end":{"line":459,"column":15}},{"start":{"line":459,"column":14},"end":{"line":463,"column":null}}],"line":426},"33":{"loc":{"start":{"line":426,"column":13},"end":{"line":426,"column":null}},"type":"binary-expr","locations":[{"start":{"line":426,"column":13},"end":{"line":426,"column":44}},{"start":{"line":426,"column":44},"end":{"line":426,"column":null}}],"line":426},"34":{"loc":{"start":{"line":444,"column":25},"end":{"line":444,"column":null}},"type":"binary-expr","locations":[{"start":{"line":444,"column":25},"end":{"line":444,"column":39}},{"start":{"line":444,"column":39},"end":{"line":444,"column":54}},{"start":{"line":444,"column":54},"end":{"line":444,"column":null}}],"line":444},"35":{"loc":{"start":{"line":448,"column":31},"end":{"line":448,"column":47}},"type":"binary-expr","locations":[{"start":{"line":448,"column":31},"end":{"line":448,"column":46}},{"start":{"line":448,"column":46},"end":{"line":448,"column":47}}],"line":448},"36":{"loc":{"start":{"line":450,"column":21},"end":{"line":453,"column":null}},"type":"binary-expr","locations":[{"start":{"line":450,"column":21},"end":{"line":450,"column":null}},{"start":{"line":451,"column":22},"end":{"line":453,"column":null}}],"line":450},"37":{"loc":{"start":{"line":430,"column":25},"end":{"line":430,"column":null}},"type":"binary-expr","locations":[{"start":{"line":430,"column":25},"end":{"line":430,"column":36}},{"start":{"line":430,"column":36},"end":{"line":430,"column":null}}],"line":430}},"s":{"0":2,"1":2,"2":4,"3":4,"4":4,"5":0,"6":4,"7":0,"8":0,"9":0,"10":4,"11":4,"12":4,"13":4,"14":4,"15":4,"16":4,"17":4,"18":4,"19":0,"20":0,"21":0,"22":0,"23":0,"24":0,"25":0,"26":0,"27":0,"28":0,"29":0,"30":0,"31":0,"32":4,"33":0,"34":0,"35":0,"36":0,"37":2,"38":1,"39":1,"40":1,"41":1,"42":1,"43":1,"44":1,"45":1,"46":1,"47":1,"48":1,"49":1,"50":1,"51":1,"52":1,"53":5,"54":5,"55":1,"56":1,"57":5,"58":5,"59":3,"60":3,"61":0,"62":2},"f":{"0":4,"1":4,"2":0,"3":4,"4":4,"5":4,"6":0,"7":0,"8":0,"9":1,"10":5,"11":5,"12":5,"13":5,"14":3,"15":0},"b":{"0":[0,4],"1":[0,0],"2":[4],"3":[4],"4":[4,1],"5":[4,0],"6":[0,0],"7":[0,0],"8":[0,0,0],"9":[1],"10":[1],"11":[1],"12":[1],"13":[1],"14":[1],"15":[1,0],"16":[0,1],"17":[1,0],"18":[1,0],"19":[5,5],"20":[0,1],"21":[0,1],"22":[0,1],"23":[0,1],"24":[0,1],"25":[0,1],"26":[1,0],"27":[1,1],"28":[0,3],"29":[0,3],"30":[0,1],"31":[0,1],"32":[0,1],"33":[1,0],"34":[0,0,0],"35":[0,0],"36":[0,0],"37":[0,0]},"meta":{"lastBranch":38,"lastFunction":16,"lastStatement":63,"seen":{"s:18:19:18:Infinity":0,"s:20:23:26:Infinity":1,"f:28:9:28:19":0,"s:29:17:29:Infinity":2,"s:30:2:43:Infinity":3,"f:30:2:30:18":1,"b:31:4:31:Infinity:undefined:undefined:undefined:undefined":0,"s:31:4:31:Infinity":4,"s:31:22:31:Infinity":5,"s:32:21:40:Infinity":6,"f:32:25:32:Infinity":2,"b:34:8:37:Infinity:undefined:undefined:undefined:undefined":1,"s:34:8:37:Infinity":7,"s:35:10:35:Infinity":8,"s:36:10:36:Infinity":9,"s:41:4:41:Infinity":10,"s:42:4:42:Infinity":11,"f:42:4:42:17":3,"s:42:17:42:Infinity":12,"s:44:2:44:Infinity":13,"f:47:9:47:24":4,"b:47:44:47:47":2,"b:47:64:47:70":3,"s:48:17:48:Infinity":14,"b:48:17:48:34:48:34:48:Infinity":4,"s:49:18:49:Infinity":15,"s:50:2:67:Infinity":16,"f:50:2:50:18":5,"b:51:4:51:Infinity:undefined:undefined:undefined:undefined":5,"s:51:4:51:Infinity":17,"s:51:17:51:Infinity":18,"s:52:16:52:Infinity":19,"s:53:21:53:Infinity":20,"s:54:21:54:Infinity":21,"s:55:21:55:Infinity":22,"s:56:16:56:Infinity":23,"s:57:18:65:Infinity":24,"f:57:18:57:36":6,"s:58:6:58:Infinity":25,"b:59:6:64:Infinity:62:13:64:Infinity":6,"s:59:6:64:Infinity":26,"s:60:8:60:Infinity":27,"s:61:8:61:Infinity":28,"s:63:8:63:Infinity":29,"s:66:4:66:Infinity":30,"f:66:4:66:17":7,"s:66:17:66:Infinity":31,"s:68:2:72:Infinity":32,"f:76:9:76:23":8,"b:77:2:77:Infinity:undefined:undefined:undefined:undefined":7,"s:77:2:77:Infinity":33,"b:77:6:77:17:77:17:77:29:77:29:77:46":8,"s:77:46:77:Infinity":34,"s:78:12:78:Infinity":35,"s:79:2:95:Infinity":36,"s:99:6:471:Infinity":37,"f:99:6:99:19":9,"s:100:8:100:Infinity":38,"s:101:8:101:Infinity":39,"s:102:8:102:Infinity":40,"s:103:8:103:Infinity":41,"s:105:21:105:Infinity":42,"s:106:22:106:Infinity":43,"s:107:22:107:Infinity":44,"s:108:25:108:Infinity":45,"s:117:6:117:Infinity":46,"b:111:15:111:Infinity":9,"b:112:14:112:Infinity":10,"b:113:16:113:Infinity":11,"b:114:14:114:Infinity":12,"b:115:19:115:Infinity":13,"b:116:25:116:Infinity":14,"b:117:6:117:18:117:18:117:Infinity":15,"s:119:23:119:Infinity":47,"b:119:53:119:75:119:75:119:Infinity":16,"b:119:75:119:99:119:99:119:Infinity":17,"s:120:20:120:Infinity":48,"s:121:15:121:Infinity":49,"s:122:23:122:Infinity":50,"s:123:17:123:Infinity":51,"b:123:17:123:39:123:39:123:Infinity":18,"s:125:18:130:Infinity":52,"f:126:5:126:13":10,"s:126:23:126:28":53,"f:127:5:127:10":11,"s:127:28:130:6":54,"b:128:12:128:35:128:35:128:Infinity":19,"s:132:20:157:Infinity":55,"s:159:2:469:Infinity":56,"b:192:32:192:36:192:36:192:Infinity":20,"b:193:34:193:52:193:52:193:Infinity":21,"b:224:30:224:42:224:42:224:Infinity":22,"b:230:14:230:Infinity:231:14:231:Infinity":23,"b:251:35:251:39:251:39:251:Infinity":24,"b:252:37:252:55:252:55:252:Infinity":25,"b:267:12:289:13:289:12:299:Infinity":26,"f:281:27:281:32":12,"s:282:20:282:Infinity":57,"b:301:11:301:Infinity:302:12:333:Infinity":27,"f:311:23:311:28":13,"s:312:16:331:Infinity":58,"f:347:23:347:28":14,"s:348:27:348:Infinity":59,"s:349:14:394:Infinity":60,"b:356:43:356:47:356:47:356:Infinity":28,"b:357:45:357:63:357:63:357:Infinity":29,"b:407:40:407:44:407:44:407:Infinity":30,"b:408:42:408:60:408:60:408:Infinity":31,"b:427:14:459:15:459:14:463:Infinity":32,"b:426:13:426:44:426:44:426:Infinity":33,"f:428:42:428:47":15,"s:429:18:455:Infinity":61,"b:444:25:444:39:444:39:444:54:444:54:444:Infinity":34,"b:448:31:448:46:448:46:448:47":35,"b:450:21:450:Infinity:451:22:453:Infinity":36,"b:430:25:430:36:430:36:430:Infinity":37,"s:475:0:486:Infinity":62}}}
,"/Users/parvathi/Desktop/project2/src/components/Features.jsx": {"path":"/Users/parvathi/Desktop/project2/src/components/Features.jsx","statementMap":{"0":{"start":{"line":4,"column":20},"end":{"line":26,"column":null}},"1":{"start":{"line":28,"column":18},"end":{"line":32,"column":null}},"2":{"start":{"line":35,"column":17},"end":{"line":35,"column":null}},"3":{"start":{"line":36,"column":2},"end":{"line":49,"column":null}},"4":{"start":{"line":37,"column":4},"end":{"line":37,"column":null}},"5":{"start":{"line":37,"column":22},"end":{"line":37,"column":null}},"6":{"start":{"line":38,"column":21},"end":{"line":46,"column":null}},"7":{"start":{"line":40,"column":8},"end":{"line":43,"column":null}},"8":{"start":{"line":41,"column":10},"end":{"line":41,"column":null}},"9":{"start":{"line":42,"column":10},"end":{"line":42,"column":null}},"10":{"start":{"line":47,"column":4},"end":{"line":47,"column":null}},"11":{"start":{"line":48,"column":4},"end":{"line":48,"column":null}},"12":{"start":{"line":48,"column":17},"end":{"line":48,"column":null}},"13":{"start":{"line":50,"column":2},"end":{"line":50,"column":null}},"14":{"start":{"line":54,"column":18},"end":{"line":54,"column":null}},"15":{"start":{"line":55,"column":2},"end":{"line":72,"column":null}},"16":{"start":{"line":56,"column":4},"end":{"line":56,"column":null}},"17":{"start":{"line":56,"column":17},"end":{"line":56,"column":null}},"18":{"start":{"line":57,"column":16},"end":{"line":57,"column":null}},"19":{"start":{"line":58,"column":21},"end":{"line":58,"column":null}},"20":{"start":{"line":59,"column":21},"end":{"line":59,"column":null}},"21":{"start":{"line":60,"column":18},"end":{"line":60,"column":null}},"22":{"start":{"line":61,"column":22},"end":{"line":61,"column":null}},"23":{"start":{"line":62,"column":18},"end":{"line":70,"column":null}},"24":{"start":{"line":63,"column":6},"end":{"line":63,"column":null}},"25":{"start":{"line":64,"column":6},"end":{"line":69,"column":null}},"26":{"start":{"line":65,"column":8},"end":{"line":65,"column":null}},"27":{"start":{"line":66,"column":8},"end":{"line":66,"column":null}},"28":{"start":{"line":68,"column":8},"end":{"line":68,"column":null}},"29":{"start":{"line":71,"column":4},"end":{"line":71,"column":null}},"30":{"start":{"line":71,"column":17},"end":{"line":71,"column":null}},"31":{"start":{"line":74,"column":18},"end":{"line":76,"column":null}},"32":{"start":{"line":78,"column":2},"end":{"line":81,"column":null}},"33":{"start":{"line":86,"column":15},"end":{"line":86,"column":null}},"34":{"start":{"line":87,"column":8},"end":{"line":87,"column":null}},"35":{"start":{"line":89,"column":8},"end":{"line":94,"column":null}},"36":{"start":{"line":90,"column":17},"end":{"line":90,"column":null}},"37":{"start":{"line":91,"column":10},"end":{"line":91,"column":null}},"38":{"start":{"line":92,"column":10},"end":{"line":92,"column":null}},"39":{"start":{"line":93,"column":4},"end":{"line":93,"column":null}},"40":{"start":{"line":96,"column":8},"end":{"line":98,"column":null}},"41":{"start":{"line":97,"column":4},"end":{"line":97,"column":null}},"42":{"start":{"line":100,"column":15},"end":{"line":100,"column":null}},"43":{"start":{"line":102,"column":2},"end":{"line":184,"column":null}},"44":{"start":{"line":188,"column":6},"end":{"line":294,"column":null}},"45":{"start":{"line":189,"column":8},"end":{"line":189,"column":null}},"46":{"start":{"line":190,"column":8},"end":{"line":190,"column":null}},"47":{"start":{"line":191,"column":24},"end":{"line":191,"column":null}},"48":{"start":{"line":192,"column":22},"end":{"line":192,"column":null}},"49":{"start":{"line":194,"column":2},"end":{"line":292,"column":null}},"50":{"start":{"line":249,"column":10},"end":{"line":249,"column":null}},"51":{"start":{"line":263,"column":10},"end":{"line":289,"column":null}}},"fnMap":{"0":{"name":"useInView","decl":{"start":{"line":34,"column":9},"end":{"line":34,"column":19}},"loc":{"start":{"line":34,"column":38},"end":{"line":51,"column":null}},"line":34},"1":{"name":"(anonymous_1)","decl":{"start":{"line":36,"column":2},"end":{"line":36,"column":18}},"loc":{"start":{"line":36,"column":18},"end":{"line":49,"column":5}},"line":36},"2":{"name":"(anonymous_2)","decl":{"start":{"line":38,"column":25},"end":{"line":38,"column":null}},"loc":{"start":{"line":39,"column":19},"end":{"line":44,"column":null}},"line":39},"3":{"name":"(anonymous_3)","decl":{"start":{"line":48,"column":4},"end":{"line":48,"column":17}},"loc":{"start":{"line":48,"column":17},"end":{"line":48,"column":null}},"line":48},"4":{"name":"AnimatedCounter","decl":{"start":{"line":53,"column":9},"end":{"line":53,"column":25}},"loc":{"start":{"line":53,"column":53},"end":{"line":83,"column":null}},"line":53},"5":{"name":"(anonymous_5)","decl":{"start":{"line":55,"column":2},"end":{"line":55,"column":18}},"loc":{"start":{"line":55,"column":18},"end":{"line":72,"column":5}},"line":55},"6":{"name":"(anonymous_6)","decl":{"start":{"line":62,"column":18},"end":{"line":62,"column":36}},"loc":{"start":{"line":62,"column":36},"end":{"line":70,"column":7}},"line":62},"7":{"name":"(anonymous_7)","decl":{"start":{"line":71,"column":4},"end":{"line":71,"column":17}},"loc":{"start":{"line":71,"column":17},"end":{"line":71,"column":null}},"line":71},"8":{"name":"FeatureCard","decl":{"start":{"line":85,"column":9},"end":{"line":85,"column":21}},"loc":{"start":{"line":85,"column":46},"end":{"line":186,"column":null}},"line":85},"9":{"name":"(anonymous_9)","decl":{"start":{"line":89,"column":26},"end":{"line":89,"column":39}},"loc":{"start":{"line":89,"column":45},"end":{"line":94,"column":5}},"line":89},"10":{"name":"(anonymous_10)","decl":{"start":{"line":96,"column":27},"end":{"line":96,"column":45}},"loc":{"start":{"line":96,"column":45},"end":{"line":98,"column":5}},"line":96},"11":{"name":"(anonymous_11)","decl":{"start":{"line":188,"column":6},"end":{"line":188,"column":23}},"loc":{"start":{"line":188,"column":23},"end":{"line":294,"column":null}},"line":188},"12":{"name":"(anonymous_12)","decl":{"start":{"line":248,"column":21},"end":{"line":248,"column":26}},"loc":{"start":{"line":249,"column":10},"end":{"line":249,"column":null}},"line":249},"13":{"name":"(anonymous_13)","decl":{"start":{"line":262,"column":19},"end":{"line":262,"column":24}},"loc":{"start":{"line":263,"column":10},"end":{"line":289,"column":null}},"line":263}},"branchMap":{"0":{"loc":{"start":{"line":34,"column":24},"end":{"line":34,"column":38}},"type":"default-arg","locations":[{"start":{"line":34,"column":34},"end":{"line":34,"column":38}}],"line":34},"1":{"loc":{"start":{"line":37,"column":4},"end":{"line":37,"column":null}},"type":"if","locations":[{"start":{"line":37,"column":4},"end":{"line":37,"column":null}},{"start":{},"end":{}}],"line":37},"2":{"loc":{"start":{"line":40,"column":8},"end":{"line":43,"column":null}},"type":"if","locations":[{"start":{"line":40,"column":8},"end":{"line":43,"column":null}},{"start":{},"end":{}}],"line":40},"3":{"loc":{"start":{"line":56,"column":4},"end":{"line":56,"column":null}},"type":"if","locations":[{"start":{"line":56,"column":4},"end":{"line":56,"column":null}},{"start":{},"end":{}}],"line":56},"4":{"loc":{"start":{"line":64,"column":6},"end":{"line":69,"column":null}},"type":"if","locations":[{"start":{"line":64,"column":6},"end":{"line":69,"column":null}},{"start":{"line":67,"column":13},"end":{"line":69,"column":null}}],"line":64},"5":{"loc":{"start":{"line":74,"column":18},"end":{"line":76,"column":null}},"type":"cond-expr","locations":[{"start":{"line":75,"column":6},"end":{"line":75,"column":null}},{"start":{"line":76,"column":6},"end":{"line":76,"column":null}}],"line":74},"6":{"loc":{"start":{"line":118,"column":19},"end":{"line":120,"column":null}},"type":"cond-expr","locations":[{"start":{"line":119,"column":12},"end":{"line":119,"column":null}},{"start":{"line":120,"column":12},"end":{"line":120,"column":null}}],"line":118},"7":{"loc":{"start":{"line":121,"column":17},"end":{"line":121,"column":null}},"type":"cond-expr","locations":[{"start":{"line":121,"column":26},"end":{"line":121,"column":30}},{"start":{"line":121,"column":30},"end":{"line":121,"column":null}}],"line":121},"8":{"loc":{"start":{"line":218,"column":21},"end":{"line":218,"column":null}},"type":"cond-expr","locations":[{"start":{"line":218,"column":37},"end":{"line":218,"column":41}},{"start":{"line":218,"column":41},"end":{"line":218,"column":null}}],"line":218},"9":{"loc":{"start":{"line":219,"column":23},"end":{"line":219,"column":null}},"type":"cond-expr","locations":[{"start":{"line":219,"column":39},"end":{"line":219,"column":57}},{"start":{"line":219,"column":57},"end":{"line":219,"column":null}}],"line":219},"10":{"loc":{"start":{"line":231,"column":21},"end":{"line":231,"column":null}},"type":"cond-expr","locations":[{"start":{"line":231,"column":37},"end":{"line":231,"column":41}},{"start":{"line":231,"column":41},"end":{"line":231,"column":null}}],"line":231},"11":{"loc":{"start":{"line":232,"column":23},"end":{"line":232,"column":null}},"type":"cond-expr","locations":[{"start":{"line":232,"column":39},"end":{"line":232,"column":57}},{"start":{"line":232,"column":57},"end":{"line":232,"column":null}}],"line":232},"12":{"loc":{"start":{"line":269,"column":23},"end":{"line":269,"column":null}},"type":"cond-expr","locations":[{"start":{"line":269,"column":37},"end":{"line":269,"column":41}},{"start":{"line":269,"column":41},"end":{"line":269,"column":null}}],"line":269},"13":{"loc":{"start":{"line":270,"column":25},"end":{"line":270,"column":null}},"type":"cond-expr","locations":[{"start":{"line":270,"column":39},"end":{"line":270,"column":57}},{"start":{"line":270,"column":57},"end":{"line":270,"column":null}}],"line":270}},"s":{"0":1,"1":1,"2":4,"3":4,"4":4,"5":0,"6":4,"7":0,"8":0,"9":0,"10":4,"11":4,"12":4,"13":4,"14":6,"15":6,"16":6,"17":6,"18":0,"19":0,"20":0,"21":0,"22":0,"23":0,"24":0,"25":0,"26":0,"27":0,"28":0,"29":0,"30":0,"31":6,"32":6,"33":6,"34":6,"35":6,"36":0,"37":0,"38":0,"39":0,"40":6,"41":0,"42":6,"43":6,"44":1,"45":2,"46":2,"47":2,"48":2,"49":2,"50":6,"51":6},"f":{"0":4,"1":4,"2":0,"3":4,"4":6,"5":6,"6":0,"7":0,"8":6,"9":0,"10":0,"11":2,"12":6,"13":6},"b":{"0":[4],"1":[0,4],"2":[0,0],"3":[6,0],"4":[0,0],"5":[2,4],"6":[0,6],"7":[0,6],"8":[0,2],"9":[0,2],"10":[0,2],"11":[0,2],"12":[0,6],"13":[0,6]},"meta":{"lastBranch":14,"lastFunction":14,"lastStatement":52,"seen":{"s:4:20:26:Infinity":0,"s:28:18:32:Infinity":1,"f:34:9:34:19":0,"b:34:34:34:38":0,"s:35:17:35:Infinity":2,"s:36:2:49:Infinity":3,"f:36:2:36:18":1,"b:37:4:37:Infinity:undefined:undefined:undefined:undefined":1,"s:37:4:37:Infinity":4,"s:37:22:37:Infinity":5,"s:38:21:46:Infinity":6,"f:38:25:38:Infinity":2,"b:40:8:43:Infinity:undefined:undefined:undefined:undefined":2,"s:40:8:43:Infinity":7,"s:41:10:41:Infinity":8,"s:42:10:42:Infinity":9,"s:47:4:47:Infinity":10,"s:48:4:48:Infinity":11,"f:48:4:48:17":3,"s:48:17:48:Infinity":12,"s:50:2:50:Infinity":13,"f:53:9:53:25":4,"s:54:18:54:Infinity":14,"s:55:2:72:Infinity":15,"f:55:2:55:18":5,"b:56:4:56:Infinity:undefined:undefined:undefined:undefined":3,"s:56:4:56:Infinity":16,"s:56:17:56:Infinity":17,"s:57:16:57:Infinity":18,"s:58:21:58:Infinity":19,"s:59:21:59:Infinity":20,"s:60:18:60:Infinity":21,"s:61:22:61:Infinity":22,"s:62:18:70:Infinity":23,"f:62:18:62:36":6,"s:63:6:63:Infinity":24,"b:64:6:69:Infinity:67:13:69:Infinity":4,"s:64:6:69:Infinity":25,"s:65:8:65:Infinity":26,"s:66:8:66:Infinity":27,"s:68:8:68:Infinity":28,"s:71:4:71:Infinity":29,"f:71:4:71:17":7,"s:71:17:71:Infinity":30,"s:74:18:76:Infinity":31,"b:75:6:75:Infinity:76:6:76:Infinity":5,"s:78:2:81:Infinity":32,"f:85:9:85:21":8,"s:86:15:86:Infinity":33,"s:87:8:87:Infinity":34,"s:89:8:94:Infinity":35,"f:89:26:89:39":9,"s:90:17:90:Infinity":36,"s:91:10:91:Infinity":37,"s:92:10:92:Infinity":38,"s:93:4:93:Infinity":39,"s:96:8:98:Infinity":40,"f:96:27:96:45":10,"s:97:4:97:Infinity":41,"s:100:15:100:Infinity":42,"s:102:2:184:Infinity":43,"b:119:12:119:Infinity:120:12:120:Infinity":6,"b:121:26:121:30:121:30:121:Infinity":7,"s:188:6:294:Infinity":44,"f:188:6:188:23":11,"s:189:8:189:Infinity":45,"s:190:8:190:Infinity":46,"s:191:24:191:Infinity":47,"s:192:22:192:Infinity":48,"s:194:2:292:Infinity":49,"b:218:37:218:41:218:41:218:Infinity":8,"b:219:39:219:57:219:57:219:Infinity":9,"b:231:37:231:41:231:41:231:Infinity":10,"b:232:39:232:57:232:57:232:Infinity":11,"f:248:21:248:26":12,"s:249:10:249:Infinity":50,"f:262:19:262:24":13,"s:263:10:289:Infinity":51,"b:269:37:269:41:269:41:269:Infinity":12,"b:270:39:270:57:270:57:270:Infinity":13}}}
,"/Users/parvathi/Desktop/project2/src/components/Footer.jsx": {"path":"/Users/parvathi/Desktop/project2/src/components/Footer.jsx","statementMap":{"0":{"start":{"line":4,"column":6},"end":{"line":8,"column":null}},"1":{"start":{"line":5,"column":2},"end":{"line":8,"column":null}},"2":{"start":{"line":11,"column":6},"end":{"line":15,"column":null}},"3":{"start":{"line":12,"column":2},"end":{"line":15,"column":null}},"4":{"start":{"line":18,"column":6},"end":{"line":21,"column":null}},"5":{"start":{"line":19,"column":2},"end":{"line":21,"column":null}},"6":{"start":{"line":24,"column":16},"end":{"line":41,"column":null}},"7":{"start":{"line":44,"column":6},"end":{"line":183,"column":null}},"8":{"start":{"line":45,"column":20},"end":{"line":53,"column":null}},"9":{"start":{"line":55,"column":2},"end":{"line":181,"column":null}},"10":{"start":{"line":137,"column":12},"end":{"line":165,"column":null}},"11":{"start":{"line":152,"column":32},"end":{"line":152,"column":null}},"12":{"start":{"line":153,"column":32},"end":{"line":153,"column":null}},"13":{"start":{"line":154,"column":31},"end":{"line":154,"column":null}},"14":{"start":{"line":155,"column":18},"end":{"line":161,"column":null}}},"fnMap":{"0":{"name":"(anonymous_0)","decl":{"start":{"line":4,"column":6},"end":{"line":4,"column":null}},"loc":{"start":{"line":5,"column":2},"end":{"line":8,"column":null}},"line":5},"1":{"name":"(anonymous_1)","decl":{"start":{"line":11,"column":6},"end":{"line":11,"column":null}},"loc":{"start":{"line":12,"column":2},"end":{"line":15,"column":null}},"line":12},"2":{"name":"(anonymous_2)","decl":{"start":{"line":18,"column":6},"end":{"line":18,"column":null}},"loc":{"start":{"line":19,"column":2},"end":{"line":21,"column":null}},"line":19},"3":{"name":"(anonymous_3)","decl":{"start":{"line":44,"column":6},"end":{"line":44,"column":21}},"loc":{"start":{"line":44,"column":21},"end":{"line":183,"column":null}},"line":44},"4":{"name":"(anonymous_4)","decl":{"start":{"line":136,"column":19},"end":{"line":136,"column":24}},"loc":{"start":{"line":137,"column":12},"end":{"line":165,"column":null}},"line":137},"5":{"name":"(anonymous_5)","decl":{"start":{"line":151,"column":27},"end":{"line":151,"column":32}},"loc":{"start":{"line":151,"column":41},"end":{"line":163,"column":17}},"line":151}},"branchMap":{"0":{"loc":{"start":{"line":153,"column":32},"end":{"line":153,"column":null}},"type":"cond-expr","locations":[{"start":{"line":153,"column":40},"end":{"line":153,"column":53}},{"start":{"line":153,"column":53},"end":{"line":153,"column":null}}],"line":153},"1":{"loc":{"start":{"line":154,"column":31},"end":{"line":154,"column":null}},"type":"cond-expr","locations":[{"start":{"line":154,"column":39},"end":{"line":154,"column":51}},{"start":{"line":154,"column":51},"end":{"line":154,"column":null}}],"line":154},"2":{"loc":{"start":{"line":158,"column":25},"end":{"line":159,"column":null}},"type":"binary-expr","locations":[{"start":{"line":158,"column":25},"end":{"line":158,"column":33}},{"start":{"line":158,"column":33},"end":{"line":159,"column":null}}],"line":158}},"s":{"0":1,"1":2,"2":1,"3":2,"4":1,"5":2,"6":1,"7":1,"8":2,"9":2,"10":6,"11":18,"12":18,"13":18,"14":18},"f":{"0":2,"1":2,"2":2,"3":2,"4":6,"5":18},"b":{"0":[6,12],"1":[6,12],"2":[18,6]},"meta":{"lastBranch":3,"lastFunction":6,"lastStatement":15,"seen":{"s:4:6:8:Infinity":0,"f:4:6:4:Infinity":0,"s:5:2:8:Infinity":1,"s:11:6:15:Infinity":2,"f:11:6:11:Infinity":1,"s:12:2:15:Infinity":3,"s:18:6:21:Infinity":4,"f:18:6:18:Infinity":2,"s:19:2:21:Infinity":5,"s:24:16:41:Infinity":6,"s:44:6:183:Infinity":7,"f:44:6:44:21":3,"s:45:20:53:Infinity":8,"s:55:2:181:Infinity":9,"f:136:19:136:24":4,"s:137:12:165:Infinity":10,"f:151:27:151:32":5,"s:152:32:152:Infinity":11,"s:153:32:153:Infinity":12,"b:153:40:153:53:153:53:153:Infinity":0,"s:154:31:154:Infinity":13,"b:154:39:154:51:154:51:154:Infinity":1,"s:155:18:161:Infinity":14,"b:158:25:158:33:158:33:159:Infinity":2}}}
,"/Users/parvathi/Desktop/project2/src/components/Hero.jsx": {"path":"/Users/parvathi/Desktop/project2/src/components/Hero.jsx","statementMap":{"0":{"start":{"line":4,"column":6},"end":{"line":259,"column":null}},"1":{"start":{"line":5,"column":8},"end":{"line":5,"column":null}},"2":{"start":{"line":6,"column":8},"end":{"line":6,"column":null}},"3":{"start":{"line":7,"column":23},"end":{"line":7,"column":null}},"4":{"start":{"line":9,"column":19},"end":{"line":9,"column":null}},"5":{"start":{"line":10,"column":16},"end":{"line":10,"column":null}},"6":{"start":{"line":12,"column":2},"end":{"line":20,"column":null}},"7":{"start":{"line":13,"column":12},"end":{"line":13,"column":null}},"8":{"start":{"line":14,"column":21},"end":{"line":18,"column":null}},"9":{"start":{"line":15,"column":6},"end":{"line":15,"column":null}},"10":{"start":{"line":16,"column":6},"end":{"line":16,"column":null}},"11":{"start":{"line":17,"column":6},"end":{"line":17,"column":null}},"12":{"start":{"line":17,"column":29},"end":{"line":17,"column":null}},"13":{"start":{"line":19,"column":4},"end":{"line":19,"column":null}},"14":{"start":{"line":19,"column":17},"end":{"line":19,"column":null}},"15":{"start":{"line":22,"column":8},"end":{"line":68,"column":null}},"16":{"start":{"line":23,"column":19},"end":{"line":23,"column":null}},"17":{"start":{"line":24,"column":4},"end":{"line":24,"column":null}},"18":{"start":{"line":24,"column":17},"end":{"line":24,"column":null}},"19":{"start":{"line":25,"column":16},"end":{"line":25,"column":null}},"20":{"start":{"line":26,"column":17},"end":{"line":26,"column":null}},"21":{"start":{"line":27,"column":18},"end":{"line":27,"column":null}},"22":{"start":{"line":29,"column":22},"end":{"line":36,"column":null}},"23":{"start":{"line":29,"column":56},"end":{"line":36,"column":6}},"24":{"start":{"line":38,"column":10},"end":{"line":41,"column":null}},"25":{"start":{"line":39,"column":6},"end":{"line":39,"column":null}},"26":{"start":{"line":40,"column":6},"end":{"line":40,"column":null}},"27":{"start":{"line":42,"column":4},"end":{"line":42,"column":null}},"28":{"start":{"line":44,"column":10},"end":{"line":61,"column":null}},"29":{"start":{"line":45,"column":6},"end":{"line":45,"column":null}},"30":{"start":{"line":46,"column":6},"end":{"line":59,"column":null}},"31":{"start":{"line":47,"column":8},"end":{"line":47,"column":null}},"32":{"start":{"line":48,"column":8},"end":{"line":48,"column":null}},"33":{"start":{"line":49,"column":8},"end":{"line":52,"column":null}},"34":{"start":{"line":50,"column":10},"end":{"line":50,"column":null}},"35":{"start":{"line":51,"column":10},"end":{"line":51,"column":null}},"36":{"start":{"line":53,"column":8},"end":{"line":53,"column":null}},"37":{"start":{"line":53,"column":23},"end":{"line":53,"column":null}},"38":{"start":{"line":54,"column":8},"end":{"line":54,"column":null}},"39":{"start":{"line":54,"column":30},"end":{"line":54,"column":null}},"40":{"start":{"line":55,"column":8},"end":{"line":55,"column":null}},"41":{"start":{"line":56,"column":8},"end":{"line":56,"column":null}},"42":{"start":{"line":57,"column":8},"end":{"line":57,"column":null}},"43":{"start":{"line":58,"column":8},"end":{"line":58,"column":null}},"44":{"start":{"line":60,"column":6},"end":{"line":60,"column":null}},"45":{"start":{"line":62,"column":4},"end":{"line":62,"column":null}},"46":{"start":{"line":64,"column":4},"end":{"line":67,"column":null}},"47":{"start":{"line":65,"column":6},"end":{"line":65,"column":null}},"48":{"start":{"line":66,"column":6},"end":{"line":66,"column":null}},"49":{"start":{"line":66,"column":32},"end":{"line":66,"column":null}},"50":{"start":{"line":70,"column":2},"end":{"line":73,"column":null}},"51":{"start":{"line":71,"column":20},"end":{"line":71,"column":null}},"52":{"start":{"line":72,"column":4},"end":{"line":72,"column":null}},"53":{"start":{"line":75,"column":17},"end":{"line":181,"column":null}},"54":{"start":{"line":127,"column":24},"end":{"line":133,"column":null}},"55":{"start":{"line":183,"column":2},"end":{"line":257,"column":null}},"56":{"start":{"line":229,"column":12},"end":{"line":235,"column":null}},"57":{"start":{"line":263,"column":0},"end":{"line":265,"column":null}}},"fnMap":{"0":{"name":"(anonymous_0)","decl":{"start":{"line":4,"column":6},"end":{"line":4,"column":14}},"loc":{"start":{"line":4,"column":30},"end":{"line":259,"column":null}},"line":4},"1":{"name":"(anonymous_1)","decl":{"start":{"line":12,"column":2},"end":{"line":12,"column":18}},"loc":{"start":{"line":12,"column":18},"end":{"line":20,"column":5}},"line":12},"2":{"name":"(anonymous_2)","decl":{"start":{"line":14,"column":21},"end":{"line":14,"column":39}},"loc":{"start":{"line":14,"column":39},"end":{"line":18,"column":7}},"line":14},"3":{"name":"(anonymous_3)","decl":{"start":{"line":19,"column":4},"end":{"line":19,"column":17}},"loc":{"start":{"line":19,"column":17},"end":{"line":19,"column":null}},"line":19},"4":{"name":"(anonymous_4)","decl":{"start":{"line":22,"column":24},"end":{"line":22,"column":42}},"loc":{"start":{"line":22,"column":42},"end":{"line":68,"column":5}},"line":22},"5":{"name":"(anonymous_5)","decl":{"start":{"line":29,"column":46},"end":{"line":29,"column":56}},"loc":{"start":{"line":29,"column":56},"end":{"line":36,"column":6}},"line":29},"6":{"name":"(anonymous_6)","decl":{"start":{"line":38,"column":10},"end":{"line":38,"column":31}},"loc":{"start":{"line":38,"column":31},"end":{"line":41,"column":null}},"line":38},"7":{"name":"(anonymous_7)","decl":{"start":{"line":44,"column":10},"end":{"line":44,"column":23}},"loc":{"start":{"line":44,"column":23},"end":{"line":61,"column":null}},"line":44},"8":{"name":"(anonymous_8)","decl":{"start":{"line":64,"column":4},"end":{"line":64,"column":17}},"loc":{"start":{"line":64,"column":17},"end":{"line":67,"column":null}},"line":64},"9":{"name":"(anonymous_9)","decl":{"start":{"line":70,"column":2},"end":{"line":70,"column":18}},"loc":{"start":{"line":70,"column":18},"end":{"line":73,"column":5}},"line":70},"10":{"name":"(anonymous_10)","decl":{"start":{"line":127,"column":4},"end":{"line":127,"column":11}},"loc":{"start":{"line":127,"column":24},"end":{"line":133,"column":null}},"line":127},"11":{"name":"(anonymous_11)","decl":{"start":{"line":228,"column":17},"end":{"line":228,"column":22}},"loc":{"start":{"line":229,"column":12},"end":{"line":235,"column":null}},"line":229}},"branchMap":{"0":{"loc":{"start":{"line":17,"column":6},"end":{"line":17,"column":null}},"type":"if","locations":[{"start":{"line":17,"column":6},"end":{"line":17,"column":null}},{"start":{},"end":{}}],"line":17},"1":{"loc":{"start":{"line":24,"column":4},"end":{"line":24,"column":null}},"type":"if","locations":[{"start":{"line":24,"column":4},"end":{"line":24,"column":null}},{"start":{},"end":{}}],"line":24},"2":{"loc":{"start":{"line":49,"column":8},"end":{"line":52,"column":null}},"type":"if","locations":[{"start":{"line":49,"column":8},"end":{"line":52,"column":null}},{"start":{},"end":{}}],"line":49},"3":{"loc":{"start":{"line":53,"column":8},"end":{"line":53,"column":null}},"type":"if","locations":[{"start":{"line":53,"column":8},"end":{"line":53,"column":null}},{"start":{},"end":{}}],"line":53},"4":{"loc":{"start":{"line":54,"column":8},"end":{"line":54,"column":null}},"type":"if","locations":[{"start":{"line":54,"column":8},"end":{"line":54,"column":null}},{"start":{},"end":{}}],"line":54},"5":{"loc":{"start":{"line":66,"column":6},"end":{"line":66,"column":null}},"type":"if","locations":[{"start":{"line":66,"column":6},"end":{"line":66,"column":null}},{"start":{},"end":{}}],"line":66},"6":{"loc":{"start":{"line":130,"column":15},"end":{"line":130,"column":null}},"type":"cond-expr","locations":[{"start":{"line":130,"column":25},"end":{"line":130,"column":29}},{"start":{"line":130,"column":29},"end":{"line":130,"column":null}}],"line":130},"7":{"loc":{"start":{"line":131,"column":17},"end":{"line":131,"column":null}},"type":"cond-expr","locations":[{"start":{"line":131,"column":27},"end":{"line":131,"column":45}},{"start":{"line":131,"column":45},"end":{"line":131,"column":null}}],"line":131},"8":{"loc":{"start":{"line":140,"column":15},"end":{"line":140,"column":null}},"type":"cond-expr","locations":[{"start":{"line":140,"column":46},"end":{"line":140,"column":50}},{"start":{"line":140,"column":50},"end":{"line":140,"column":null}}],"line":140},"9":{"loc":{"start":{"line":141,"column":17},"end":{"line":141,"column":null}},"type":"cond-expr","locations":[{"start":{"line":141,"column":48},"end":{"line":141,"column":66}},{"start":{"line":141,"column":66},"end":{"line":141,"column":null}}],"line":141},"10":{"loc":{"start":{"line":145,"column":15},"end":{"line":145,"column":null}},"type":"cond-expr","locations":[{"start":{"line":145,"column":46},"end":{"line":145,"column":50}},{"start":{"line":145,"column":50},"end":{"line":145,"column":null}}],"line":145},"11":{"loc":{"start":{"line":146,"column":17},"end":{"line":146,"column":null}},"type":"cond-expr","locations":[{"start":{"line":146,"column":48},"end":{"line":146,"column":66}},{"start":{"line":146,"column":66},"end":{"line":146,"column":null}}],"line":146},"12":{"loc":{"start":{"line":219,"column":19},"end":{"line":219,"column":null}},"type":"cond-expr","locations":[{"start":{"line":219,"column":38},"end":{"line":219,"column":42}},{"start":{"line":219,"column":42},"end":{"line":219,"column":null}}],"line":219},"13":{"loc":{"start":{"line":231,"column":22},"end":{"line":231,"column":null}},"type":"cond-expr","locations":[{"start":{"line":231,"column":58},"end":{"line":231,"column":70}},{"start":{"line":231,"column":70},"end":{"line":231,"column":null}}],"line":231},"14":{"loc":{"start":{"line":231,"column":22},"end":{"line":231,"column":58}},"type":"binary-expr","locations":[{"start":{"line":231,"column":22},"end":{"line":231,"column":40}},{"start":{"line":231,"column":40},"end":{"line":231,"column":58}}],"line":231},"15":{"loc":{"start":{"line":232,"column":27},"end":{"line":232,"column":null}},"type":"cond-expr","locations":[{"start":{"line":232,"column":63},"end":{"line":232,"column":97}},{"start":{"line":232,"column":97},"end":{"line":232,"column":null}}],"line":232},"16":{"loc":{"start":{"line":232,"column":27},"end":{"line":232,"column":63}},"type":"binary-expr","locations":[{"start":{"line":232,"column":27},"end":{"line":232,"column":45}},{"start":{"line":232,"column":45},"end":{"line":232,"column":63}}],"line":232}},"s":{"0":1,"1":2,"2":2,"3":2,"4":2,"5":2,"6":2,"7":2,"8":2,"9":0,"10":0,"11":0,"12":0,"13":2,"14":2,"15":2,"16":2,"17":2,"18":0,"19":2,"20":2,"21":2,"22":2,"23":160,"24":2,"25":0,"26":0,"27":2,"28":2,"29":2,"30":2,"31":160,"32":160,"33":160,"34":0,"35":0,"36":160,"37":0,"38":160,"39":0,"40":160,"41":160,"42":160,"43":160,"44":2,"45":2,"46":2,"47":2,"48":2,"49":2,"50":2,"51":2,"52":2,"53":2,"54":12,"55":2,"56":12,"57":1},"f":{"0":2,"1":2,"2":0,"3":2,"4":2,"5":160,"6":0,"7":2,"8":2,"9":2,"10":12,"11":12},"b":{"0":[0,0],"1":[0,2],"2":[0,160],"3":[0,160],"4":[0,160],"5":[2,0],"6":[0,12],"7":[0,12],"8":[0,2],"9":[0,2],"10":[0,2],"11":[0,2],"12":[0,2],"13":[4,8],"14":[12,10],"15":[4,8],"16":[12,10]},"meta":{"lastBranch":17,"lastFunction":12,"lastStatement":58,"seen":{"s:4:6:259:Infinity":0,"f:4:6:4:14":0,"s:5:8:5:Infinity":1,"s:6:8:6:Infinity":2,"s:7:23:7:Infinity":3,"s:9:19:9:Infinity":4,"s:10:16:10:Infinity":5,"s:12:2:20:Infinity":6,"f:12:2:12:18":1,"s:13:12:13:Infinity":7,"s:14:21:18:Infinity":8,"f:14:21:14:39":2,"s:15:6:15:Infinity":9,"s:16:6:16:Infinity":10,"b:17:6:17:Infinity:undefined:undefined:undefined:undefined":0,"s:17:6:17:Infinity":11,"s:17:29:17:Infinity":12,"s:19:4:19:Infinity":13,"f:19:4:19:17":3,"s:19:17:19:Infinity":14,"s:22:8:68:Infinity":15,"f:22:24:22:42":4,"s:23:19:23:Infinity":16,"b:24:4:24:Infinity:undefined:undefined:undefined:undefined":1,"s:24:4:24:Infinity":17,"s:24:17:24:Infinity":18,"s:25:16:25:Infinity":19,"s:26:17:26:Infinity":20,"s:27:18:27:Infinity":21,"s:29:22:36:Infinity":22,"f:29:46:29:56":5,"s:29:56:36:6":23,"s:38:10:41:Infinity":24,"f:38:10:38:31":6,"s:39:6:39:Infinity":25,"s:40:6:40:Infinity":26,"s:42:4:42:Infinity":27,"s:44:10:61:Infinity":28,"f:44:10:44:23":7,"s:45:6:45:Infinity":29,"s:46:6:59:Infinity":30,"s:47:8:47:Infinity":31,"s:48:8:48:Infinity":32,"b:49:8:52:Infinity:undefined:undefined:undefined:undefined":2,"s:49:8:52:Infinity":33,"s:50:10:50:Infinity":34,"s:51:10:51:Infinity":35,"b:53:8:53:Infinity:undefined:undefined:undefined:undefined":3,"s:53:8:53:Infinity":36,"s:53:23:53:Infinity":37,"b:54:8:54:Infinity:undefined:undefined:undefined:undefined":4,"s:54:8:54:Infinity":38,"s:54:30:54:Infinity":39,"s:55:8:55:Infinity":40,"s:56:8:56:Infinity":41,"s:57:8:57:Infinity":42,"s:58:8:58:Infinity":43,"s:60:6:60:Infinity":44,"s:62:4:62:Infinity":45,"s:64:4:67:Infinity":46,"f:64:4:64:17":8,"s:65:6:65:Infinity":47,"b:66:6:66:Infinity:undefined:undefined:undefined:undefined":5,"s:66:6:66:Infinity":48,"s:66:32:66:Infinity":49,"s:70:2:73:Infinity":50,"f:70:2:70:18":9,"s:71:20:71:Infinity":51,"s:72:4:72:Infinity":52,"s:75:17:181:Infinity":53,"f:127:4:127:11":10,"s:127:24:133:Infinity":54,"b:130:25:130:29:130:29:130:Infinity":6,"b:131:27:131:45:131:45:131:Infinity":7,"b:140:46:140:50:140:50:140:Infinity":8,"b:141:48:141:66:141:66:141:Infinity":9,"b:145:46:145:50:145:50:145:Infinity":10,"b:146:48:146:66:146:66:146:Infinity":11,"s:183:2:257:Infinity":55,"b:219:38:219:42:219:42:219:Infinity":12,"f:228:17:228:22":11,"s:229:12:235:Infinity":56,"b:231:58:231:70:231:70:231:Infinity":13,"b:231:22:231:40:231:40:231:58":14,"b:232:63:232:97:232:97:232:Infinity":15,"b:232:27:232:45:232:45:232:63":16,"s:263:0:265:Infinity":57}}}
,"/Users/parvathi/Desktop/project2/src/hooks/useLocalStorage.js": {"path":"/Users/parvathi/Desktop/project2/src/hooks/useLocalStorage.js","statementMap":{"0":{"start":{"line":6,"column":22},"end":{"line":26,"column":null}},"1":{"start":{"line":7,"column":4},"end":{"line":9,"column":null}},"2":{"start":{"line":8,"column":6},"end":{"line":8,"column":null}},"3":{"start":{"line":10,"column":4},"end":{"line":25,"column":null}},"4":{"start":{"line":11,"column":19},"end":{"line":11,"column":null}},"5":{"start":{"line":12,"column":6},"end":{"line":20,"column":null}},"6":{"start":{"line":13,"column":23},"end":{"line":13,"column":null}},"7":{"start":{"line":15,"column":8},"end":{"line":18,"column":null}},"8":{"start":{"line":16,"column":10},"end":{"line":16,"column":null}},"9":{"start":{"line":17,"column":10},"end":{"line":17,"column":null}},"10":{"start":{"line":19,"column":8},"end":{"line":19,"column":null}},"11":{"start":{"line":21,"column":6},"end":{"line":21,"column":null}},"12":{"start":{"line":23,"column":6},"end":{"line":23,"column":null}},"13":{"start":{"line":24,"column":6},"end":{"line":24,"column":null}},"14":{"start":{"line":30,"column":8},"end":{"line":45,"column":null}},"15":{"start":{"line":31,"column":4},"end":{"line":44,"column":null}},"16":{"start":{"line":33,"column":27},"end":{"line":33,"column":null}},"17":{"start":{"line":34,"column":6},"end":{"line":34,"column":null}},"18":{"start":{"line":35,"column":6},"end":{"line":41,"column":null}},"19":{"start":{"line":36,"column":8},"end":{"line":40,"column":null}},"20":{"start":{"line":37,"column":10},"end":{"line":37,"column":null}},"21":{"start":{"line":39,"column":10},"end":{"line":39,"column":null}},"22":{"start":{"line":43,"column":6},"end":{"line":43,"column":null}},"23":{"start":{"line":47,"column":2},"end":{"line":47,"column":null}}},"fnMap":{"0":{"name":"useLocalStorage","decl":{"start":{"line":3,"column":9},"end":{"line":3,"column":25}},"loc":{"start":{"line":3,"column":44},"end":{"line":48,"column":null}},"line":3},"1":{"name":"(anonymous_1)","decl":{"start":{"line":6,"column":40},"end":{"line":6,"column":55}},"loc":{"start":{"line":6,"column":55},"end":{"line":26,"column":3}},"line":6},"2":{"name":"(anonymous_2)","decl":{"start":{"line":30,"column":8},"end":{"line":30,"column":20}},"loc":{"start":{"line":30,"column":30},"end":{"line":45,"column":null}},"line":30}},"branchMap":{"0":{"loc":{"start":{"line":7,"column":4},"end":{"line":9,"column":null}},"type":"if","locations":[{"start":{"line":7,"column":4},"end":{"line":9,"column":null}},{"start":{},"end":{}}],"line":7},"1":{"loc":{"start":{"line":12,"column":6},"end":{"line":20,"column":null}},"type":"if","locations":[{"start":{"line":12,"column":6},"end":{"line":20,"column":null}},{"start":{},"end":{}}],"line":12},"2":{"loc":{"start":{"line":15,"column":8},"end":{"line":18,"column":null}},"type":"if","locations":[{"start":{"line":15,"column":8},"end":{"line":18,"column":null}},{"start":{},"end":{}}],"line":15},"3":{"loc":{"start":{"line":15,"column":12},"end":{"line":15,"column":63}},"type":"binary-expr","locations":[{"start":{"line":15,"column":12},"end":{"line":15,"column":22}},{"start":{"line":15,"column":22},"end":{"line":15,"column":63}}],"line":15},"4":{"loc":{"start":{"line":33,"column":27},"end":{"line":33,"column":null}},"type":"cond-expr","locations":[{"start":{"line":33,"column":55},"end":{"line":33,"column":76}},{"start":{"line":33,"column":76},"end":{"line":33,"column":null}}],"line":33},"5":{"loc":{"start":{"line":35,"column":6},"end":{"line":41,"column":null}},"type":"if","locations":[{"start":{"line":35,"column":6},"end":{"line":41,"column":null}},{"start":{},"end":{}}],"line":35},"6":{"loc":{"start":{"line":36,"column":8},"end":{"line":40,"column":null}},"type":"if","locations":[{"start":{"line":36,"column":8},"end":{"line":40,"column":null}},{"start":{"line":38,"column":15},"end":{"line":40,"column":null}}],"line":36}},"s":{"0":8,"1":6,"2":0,"3":6,"4":6,"5":6,"6":2,"7":2,"8":0,"9":0,"10":2,"11":4,"12":0,"13":0,"14":8,"15":2,"16":2,"17":2,"18":2,"19":2,"20":1,"21":1,"22":0,"23":8},"f":{"0":8,"1":6,"2":2},"b":{"0":[0,6],"1":[2,4],"2":[0,2],"3":[2,2],"4":[0,2],"5":[2,0],"6":[1,1]},"meta":{"lastBranch":7,"lastFunction":3,"lastStatement":24,"seen":{"f:3:9:3:25":0,"s:6:22:26:Infinity":0,"f:6:40:6:55":1,"b:7:4:9:Infinity:undefined:undefined:undefined:undefined":0,"s:7:4:9:Infinity":1,"s:8:6:8:Infinity":2,"s:10:4:25:Infinity":3,"s:11:19:11:Infinity":4,"b:12:6:20:Infinity:undefined:undefined:undefined:undefined":1,"s:12:6:20:Infinity":5,"s:13:23:13:Infinity":6,"b:15:8:18:Infinity:undefined:undefined:undefined:undefined":2,"s:15:8:18:Infinity":7,"b:15:12:15:22:15:22:15:63":3,"s:16:10:16:Infinity":8,"s:17:10:17:Infinity":9,"s:19:8:19:Infinity":10,"s:21:6:21:Infinity":11,"s:23:6:23:Infinity":12,"s:24:6:24:Infinity":13,"s:30:8:45:Infinity":14,"f:30:8:30:20":2,"s:31:4:44:Infinity":15,"s:33:27:33:Infinity":16,"b:33:55:33:76:33:76:33:Infinity":4,"s:34:6:34:Infinity":17,"b:35:6:41:Infinity:undefined:undefined:undefined:undefined":5,"s:35:6:41:Infinity":18,"b:36:8:40:Infinity:38:15:40:Infinity":6,"s:36:8:40:Infinity":19,"s:37:10:37:Infinity":20,"s:39:10:39:Infinity":21,"s:43:6:43:Infinity":22,"s:47:2:47:Infinity":23}}}
}
